#
# A fatal error has been detected by the Java Runtime Environment:
#
#  EXCEPTION_ACCESS_VIOLATION (0xc0000005) at pc=0x0000000000000000, pid=9968, tid=15476
#
# JRE version: OpenJDK Runtime Environment Zulu15.46+17-CA (15.0.10+5) (build 15.0.10+5-MTS)
# Java VM: OpenJDK 64-Bit Server VM Zulu15.46+17-CA (15.0.10+5-MTS, mixed mode, sharing, tiered, compressed oops, g1 gc, windows-amd64)
# Problematic frame:
# C  0x0000000000000000
#
# No core dump will be written. Minidumps are not enabled by default on client versions of Windows
#
# If you would like to submit a bug report, please visit:
#   http://www.azul.com/support/
# The crash happened outside the Java Virtual Machine in native code.
# See problematic frame for where to report the bug.
#

---------------  S U M M A R Y ------------

Command Line: -javaagent:C:\Program Files\JetBrains\IntelliJ IDEA 2023.1.2\lib\idea_rt.jar=62804:C:\Program Files\JetBrains\IntelliJ IDEA 2023.1.2\bin -Dfile.encoding=UTF-8 Main

Host: Intel(R) Celeron(R) CPU G3900 @ 2.80GHz, 2 cores, 7G,  Windows 10 , 64 bit Build 19041 (10.0.19041.3393)
Time: Tue Oct  3 17:20:52 2023 Mitteleuropäische Sommerzeit elapsed time: 0.729220 seconds (0d 0h 0m 0s)

---------------  T H R E A D  ---------------

Current thread (0x00000235aa6606e0):  JavaThread "main" [_thread_in_native, id=15476, stack(0x000000f7f9300000,0x000000f7f9400000)]

Stack: [0x000000f7f9300000,0x000000f7f9400000],  sp=0x000000f7f93fe5c8,  free space=1017k
Native frames: (J=compiled Java code, j=interpreted, Vv=VM code, C=native code)

Java frames: (J=compiled Java code, j=interpreted, Vv=VM code)
j  org.lwjgl.system.JNI.invokeI(J)I+0
j  org.lwjgl.glfw.GLFW.glfwInit()Z+8
j  KAGO_framework.Core.Subsystems.Graphics.Window.Construct()V+27
j  KAGO_framework.Core.Subsystems.Graphics.Entrypoint.Start()V+0
j  KAGO_framework.Core.Subsystems.SubsystemManager.startSubsystems([LKAGO_framework/Core/Subsystems/SubsystemEntrypoint;)V+19
j  KAGO_framework.Core.Subsystems.SubsystemManager.Initialize()V+14
j  KAGO_framework.Core.GameManager.initSystems()V+0
j  KAGO_framework.Core.GameManager.run()V+1
j  Main.main([Ljava/lang/String;)V+12
v  ~StubRoutines::call_stub

siginfo: EXCEPTION_ACCESS_VIOLATION (0xc0000005), data execution prevention violation at address 0x0000000000000000


Register to memory mapping:

RIP=0x0 is NULL
RAX=0xffffffffffffffff is an unknown value
RBX=0x0000000000000014 is an unknown value
RCX=0x0000000000000014 is an unknown value
RDX=0x0 is NULL
RSP=0x000000f7f93fe5c8 is pointing into the stack for thread: 0x00000235aa6606e0
RBP=0x0 is NULL
RSI=0x000000f7f93feb84 is pointing into the stack for thread: 0x00000235aa6606e0
RDI=0x0000000000000014 is an unknown value
R8 =0x0000000000000001 is an unknown value
R9 =0x000000f7f93febac is pointing into the stack for thread: 0x00000235aa6606e0
R10=0x000000f7f93febac is pointing into the stack for thread: 0x00000235aa6606e0
R11=0x0 is NULL
R12=0x0 is NULL
R13=0x0 is NULL
R14=0x000000f7f93fe7f0 is pointing into the stack for thread: 0x00000235aa6606e0
R15=0x0 is NULL


Registers:
RAX=0xffffffffffffffff, RBX=0x0000000000000014, RCX=0x0000000000000014, RDX=0x0000000000000000
RSP=0x000000f7f93fe5c8, RBP=0x0000000000000000, RSI=0x000000f7f93feb84, RDI=0x0000000000000014
R8 =0x0000000000000001, R9 =0x000000f7f93febac, R10=0x000000f7f93febac, R11=0x0000000000000000
R12=0x0000000000000000, R13=0x0000000000000000, R14=0x000000f7f93fe7f0, R15=0x0000000000000000
RIP=0x0000000000000000, EFLAGS=0x0000000000010206

Top of Stack: (sp=0x000000f7f93fe5c8)
0x000000f7f93fe5c8:   00007ff8c2562354 0000000000000000
0x000000f7f93fe5d8:   00000235b4389c90 000000f7f93feb84
0x000000f7f93fe5e8:   0000000000000000 0000000000000000
0x000000f7f93fe5f8:   00007ff8c256ba87 0000000000000014
0x000000f7f93fe608:   0000000000000000 000000f7f93fe7f0
0x000000f7f93fe618:   0000000000000000 0000000000000000
0x000000f7f93fe628:   0000000000000000 0000000000000000
0x000000f7f93fe638:   0000000000000000 00000235b4389c90
0x000000f7f93fe648:   00007ff8c256ee57 0000000000000000
0x000000f7f93fe658:   0000000000000000 000000f7f93feb40
0x000000f7f93fe668:   0000000000000000 0000000000000000
0x000000f7f93fe678:   006700650052005c 0072007400730069
0x000000f7f93fe688:   0061004d005c0079 006e006900680063
0x000000f7f93fe698:   00790053005c0065 006d006500740073
0x000000f7f93fe6a8:   007200750043005c 0074006e00650072
0x000000f7f93fe6b8:   0074006e006f0043 0053006c006f0072 

Instructions: (pc=0x0000000000000000)
0xffffffffffffff00:   


Stack slot to memory mapping:
stack at sp + 0 slots: 0x00007ff8c2562354 glfw.dll
stack at sp + 1 slots: 0x0 is NULL
stack at sp + 2 slots: 0x00000235b4389c90 is at code_begin+1040 in an Interpreter codelet
invoke return entry points  [0x00000235b4389880, 0x00000235b438a280]  2560 bytes
stack at sp + 3 slots: 0x000000f7f93feb84 is pointing into the stack for thread: 0x00000235aa6606e0
stack at sp + 4 slots: 0x0 is NULL
stack at sp + 5 slots: 0x0 is NULL
stack at sp + 6 slots: 0x00007ff8c256ba87 glfw.dll
stack at sp + 7 slots: 0x0000000000000014 is an unknown value


---------------  P R O C E S S  ---------------

Threads class SMR info:
_java_thread_list=0x00000235cb4f8ad0, length=12, elements={
0x00000235aa6606e0, 0x00000235ca651ca0, 0x00000235ca652d90, 0x00000235ca6683a0,
0x00000235ca669d70, 0x00000235ca66bee0, 0x00000235ca66d420, 0x00000235ca671b70,
0x00000235ca672c50, 0x00000235cb0a72c0, 0x00000235cb2569e0, 0x00000235cb259290
}

Java Threads: ( => current thread )
=>0x00000235aa6606e0 JavaThread "main" [_thread_in_native, id=15476, stack(0x000000f7f9300000,0x000000f7f9400000)]
  0x00000235ca651ca0 JavaThread "Reference Handler" daemon [_thread_blocked, id=9036, stack(0x000000f7f9a00000,0x000000f7f9b00000)]
  0x00000235ca652d90 JavaThread "Finalizer" daemon [_thread_blocked, id=1668, stack(0x000000f7f9b00000,0x000000f7f9c00000)]
  0x00000235ca6683a0 JavaThread "Signal Dispatcher" daemon [_thread_blocked, id=13984, stack(0x000000f7f9c00000,0x000000f7f9d00000)]
  0x00000235ca669d70 JavaThread "Attach Listener" daemon [_thread_blocked, id=10260, stack(0x000000f7f9d00000,0x000000f7f9e00000)]
  0x00000235ca66bee0 JavaThread "Service Thread" daemon [_thread_blocked, id=17036, stack(0x000000f7f9e00000,0x000000f7f9f00000)]
  0x00000235ca66d420 JavaThread "C2 CompilerThread0" daemon [_thread_blocked, id=9388, stack(0x000000f7f9f00000,0x000000f7fa000000)]
  0x00000235ca671b70 JavaThread "C1 CompilerThread0" daemon [_thread_blocked, id=7252, stack(0x000000f7fa000000,0x000000f7fa100000)]
  0x00000235ca672c50 JavaThread "Sweeper thread" daemon [_thread_blocked, id=7616, stack(0x000000f7fa100000,0x000000f7fa200000)]
  0x00000235cb0a72c0 JavaThread "Common-Cleaner" daemon [_thread_blocked, id=8768, stack(0x000000f7fa200000,0x000000f7fa300000)]
  0x00000235cb2569e0 JavaThread "Monitor Ctrl-Break" daemon [_thread_in_native, id=16756, stack(0x000000f7fa300000,0x000000f7fa400000)]
  0x00000235cb259290 JavaThread "Notification Thread" daemon [_thread_blocked, id=3008, stack(0x000000f7fa400000,0x000000f7fa500000)]

Other Threads:
  0x00000235ca64ed70 VMThread "VM Thread" [stack: 0x000000f7f9900000,0x000000f7f9a00000] [id=11488]
  0x00000235cb1d4580 WatcherThread [stack: 0x000000f7fa500000,0x000000f7fa600000] [id=9956]
  0x00000235aa6a0030 GCTaskThread "GC Thread#0" [stack: 0x000000f7f9400000,0x000000f7f9500000] [id=3536]
  0x00000235cb348730 GCTaskThread "GC Thread#1" [stack: 0x000000f7fa700000,0x000000f7fa800000] [id=14652]
  0x00000235aa6b1d60 ConcurrentGCThread "G1 Main Marker" [stack: 0x000000f7f9500000,0x000000f7f9600000] [id=11992]
  0x00000235aa6b2860 ConcurrentGCThread "G1 Conc#0" [stack: 0x000000f7f9600000,0x000000f7f9700000] [id=13532]
  0x00000235aa722770 ConcurrentGCThread "G1 Refine#0" [stack: 0x000000f7f9700000,0x000000f7f9800000] [id=1404]
  0x00000235cb358ae0 ConcurrentGCThread "G1 Refine#1" [stack: 0x000000f7fa800000,0x000000f7fa900000] [id=6268]
  0x00000235aa722fc0 ConcurrentGCThread "G1 Young RemSet Sampling" [stack: 0x000000f7f9800000,0x000000f7f9900000] [id=12248]

Threads with active compile tasks:

VM state: not at safepoint (normal execution)

VM Mutex/Monitor currently owned by a thread: None

Heap address: 0x0000000081a00000, size: 2022 MB, Compressed Oops mode: 32-bit
CDS archive(s) mapped at: [0x0000000800000000-0x0000000800b50000-0x0000000800b50000), size 11862016, SharedBaseAddress: 0x0000000800000000, ArchiveRelocationMode: 0.
Compressed class space mapped at: 0x0000000800b50000-0x0000000840b50000, size: 1073741824
Narrow klass base: 0x0000000800000000, Narrow klass shift: 3, Narrow klass range: 0x100000000

GC Precious Log:
 CPUs: 2 total, 2 available
 Memory: 8082M
 Large Page Support: Disabled
 NUMA Support: Disabled
 Compressed Oops: Enabled (32-bit)
 Heap Region Size: 1M
 Heap Min Capacity: 8M
 Heap Initial Capacity: 128M
 Heap Max Capacity: 2022M
 Pre-touch: Disabled
 Parallel Workers: 2
 Concurrent Workers: 1
 Concurrent Refinement Workers: 2
 Periodic GC: Disabled

Heap:
 garbage-first heap   total 131072K, used 6741K [0x0000000081a00000, 0x0000000100000000)
  region size 1024K, 5 young (5120K), 1 survivors (1024K)
 Metaspace       used 3393K, capacity 5778K, committed 5888K, reserved 1056768K
  class space    used 290K, capacity 495K, committed 512K, reserved 1048576K

Heap Regions: E=young(eden), S=young(survivor), O=old, HS=humongous(starts), HC=humongous(continues), CS=collection set, F=free, OA=open archive, CA=closed archive, TAMS=top-at-mark-start (previous, next)
|   0|0x0000000081a00000, 0x0000000081b00000, 0x0000000081b00000|100%| O|  |TAMS 0x0000000081a00000, 0x0000000081a00000| Untracked 
|   1|0x0000000081b00000, 0x0000000081c00000, 0x0000000081c00000|100%| O|  |TAMS 0x0000000081b00000, 0x0000000081b00000| Untracked 
|   2|0x0000000081c00000, 0x0000000081c95400, 0x0000000081d00000| 58%| O|  |TAMS 0x0000000081c00000, 0x0000000081c00000| Untracked 
|   3|0x0000000081d00000, 0x0000000081d00000, 0x0000000081e00000|  0%| F|  |TAMS 0x0000000081d00000, 0x0000000081d00000| Untracked 
|   4|0x0000000081e00000, 0x0000000081e00000, 0x0000000081f00000|  0%| F|  |TAMS 0x0000000081e00000, 0x0000000081e00000| Untracked 
|   5|0x0000000081f00000, 0x0000000081f00000, 0x0000000082000000|  0%| F|  |TAMS 0x0000000081f00000, 0x0000000081f00000| Untracked 
|   6|0x0000000082000000, 0x0000000082000000, 0x0000000082100000|  0%| F|  |TAMS 0x0000000082000000, 0x0000000082000000| Untracked 
|   7|0x0000000082100000, 0x0000000082100000, 0x0000000082200000|  0%| F|  |TAMS 0x0000000082100000, 0x0000000082100000| Untracked 
|   8|0x0000000082200000, 0x0000000082200000, 0x0000000082300000|  0%| F|  |TAMS 0x0000000082200000, 0x0000000082200000| Untracked 
|   9|0x0000000082300000, 0x0000000082300000, 0x0000000082400000|  0%| F|  |TAMS 0x0000000082300000, 0x0000000082300000| Untracked 
|  10|0x0000000082400000, 0x0000000082400000, 0x0000000082500000|  0%| F|  |TAMS 0x0000000082400000, 0x0000000082400000| Untracked 
|  11|0x0000000082500000, 0x0000000082500000, 0x0000000082600000|  0%| F|  |TAMS 0x0000000082500000, 0x0000000082500000| Untracked 
|  12|0x0000000082600000, 0x0000000082600000, 0x0000000082700000|  0%| F|  |TAMS 0x0000000082600000, 0x0000000082600000| Untracked 
|  13|0x0000000082700000, 0x0000000082700000, 0x0000000082800000|  0%| F|  |TAMS 0x0000000082700000, 0x0000000082700000| Untracked 
|  14|0x0000000082800000, 0x0000000082800000, 0x0000000082900000|  0%| F|  |TAMS 0x0000000082800000, 0x0000000082800000| Untracked 
|  15|0x0000000082900000, 0x0000000082900000, 0x0000000082a00000|  0%| F|  |TAMS 0x0000000082900000, 0x0000000082900000| Untracked 
|  16|0x0000000082a00000, 0x0000000082a00000, 0x0000000082b00000|  0%| F|  |TAMS 0x0000000082a00000, 0x0000000082a00000| Untracked 
|  17|0x0000000082b00000, 0x0000000082b00000, 0x0000000082c00000|  0%| F|  |TAMS 0x0000000082b00000, 0x0000000082b00000| Untracked 
|  18|0x0000000082c00000, 0x0000000082c00000, 0x0000000082d00000|  0%| F|  |TAMS 0x0000000082c00000, 0x0000000082c00000| Untracked 
|  19|0x0000000082d00000, 0x0000000082d00000, 0x0000000082e00000|  0%| F|  |TAMS 0x0000000082d00000, 0x0000000082d00000| Untracked 
|  20|0x0000000082e00000, 0x0000000082e00000, 0x0000000082f00000|  0%| F|  |TAMS 0x0000000082e00000, 0x0000000082e00000| Untracked 
|  21|0x0000000082f00000, 0x0000000082f00000, 0x0000000083000000|  0%| F|  |TAMS 0x0000000082f00000, 0x0000000082f00000| Untracked 
|  22|0x0000000083000000, 0x0000000083000000, 0x0000000083100000|  0%| F|  |TAMS 0x0000000083000000, 0x0000000083000000| Untracked 
|  23|0x0000000083100000, 0x0000000083100000, 0x0000000083200000|  0%| F|  |TAMS 0x0000000083100000, 0x0000000083100000| Untracked 
|  24|0x0000000083200000, 0x0000000083200000, 0x0000000083300000|  0%| F|  |TAMS 0x0000000083200000, 0x0000000083200000| Untracked 
|  25|0x0000000083300000, 0x0000000083300000, 0x0000000083400000|  0%| F|  |TAMS 0x0000000083300000, 0x0000000083300000| Untracked 
|  26|0x0000000083400000, 0x0000000083400000, 0x0000000083500000|  0%| F|  |TAMS 0x0000000083400000, 0x0000000083400000| Untracked 
|  27|0x0000000083500000, 0x0000000083500000, 0x0000000083600000|  0%| F|  |TAMS 0x0000000083500000, 0x0000000083500000| Untracked 
|  28|0x0000000083600000, 0x0000000083600000, 0x0000000083700000|  0%| F|  |TAMS 0x0000000083600000, 0x0000000083600000| Untracked 
|  29|0x0000000083700000, 0x0000000083700000, 0x0000000083800000|  0%| F|  |TAMS 0x0000000083700000, 0x0000000083700000| Untracked 
|  30|0x0000000083800000, 0x0000000083800000, 0x0000000083900000|  0%| F|  |TAMS 0x0000000083800000, 0x0000000083800000| Untracked 
|  31|0x0000000083900000, 0x0000000083900000, 0x0000000083a00000|  0%| F|  |TAMS 0x0000000083900000, 0x0000000083900000| Untracked 
|  32|0x0000000083a00000, 0x0000000083a00000, 0x0000000083b00000|  0%| F|  |TAMS 0x0000000083a00000, 0x0000000083a00000| Untracked 
|  33|0x0000000083b00000, 0x0000000083b00000, 0x0000000083c00000|  0%| F|  |TAMS 0x0000000083b00000, 0x0000000083b00000| Untracked 
|  34|0x0000000083c00000, 0x0000000083c00000, 0x0000000083d00000|  0%| F|  |TAMS 0x0000000083c00000, 0x0000000083c00000| Untracked 
|  35|0x0000000083d00000, 0x0000000083d00000, 0x0000000083e00000|  0%| F|  |TAMS 0x0000000083d00000, 0x0000000083d00000| Untracked 
|  36|0x0000000083e00000, 0x0000000083e00000, 0x0000000083f00000|  0%| F|  |TAMS 0x0000000083e00000, 0x0000000083e00000| Untracked 
|  37|0x0000000083f00000, 0x0000000083f00000, 0x0000000084000000|  0%| F|  |TAMS 0x0000000083f00000, 0x0000000083f00000| Untracked 
|  38|0x0000000084000000, 0x0000000084000000, 0x0000000084100000|  0%| F|  |TAMS 0x0000000084000000, 0x0000000084000000| Untracked 
|  39|0x0000000084100000, 0x0000000084100000, 0x0000000084200000|  0%| F|  |TAMS 0x0000000084100000, 0x0000000084100000| Untracked 
|  40|0x0000000084200000, 0x0000000084200000, 0x0000000084300000|  0%| F|  |TAMS 0x0000000084200000, 0x0000000084200000| Untracked 
|  41|0x0000000084300000, 0x0000000084300000, 0x0000000084400000|  0%| F|  |TAMS 0x0000000084300000, 0x0000000084300000| Untracked 
|  42|0x0000000084400000, 0x0000000084400000, 0x0000000084500000|  0%| F|  |TAMS 0x0000000084400000, 0x0000000084400000| Untracked 
|  43|0x0000000084500000, 0x0000000084500000, 0x0000000084600000|  0%| F|  |TAMS 0x0000000084500000, 0x0000000084500000| Untracked 
|  44|0x0000000084600000, 0x0000000084600000, 0x0000000084700000|  0%| F|  |TAMS 0x0000000084600000, 0x0000000084600000| Untracked 
|  45|0x0000000084700000, 0x0000000084700000, 0x0000000084800000|  0%| F|  |TAMS 0x0000000084700000, 0x0000000084700000| Untracked 
|  46|0x0000000084800000, 0x0000000084800000, 0x0000000084900000|  0%| F|  |TAMS 0x0000000084800000, 0x0000000084800000| Untracked 
|  47|0x0000000084900000, 0x0000000084900000, 0x0000000084a00000|  0%| F|  |TAMS 0x0000000084900000, 0x0000000084900000| Untracked 
|  48|0x0000000084a00000, 0x0000000084a00000, 0x0000000084b00000|  0%| F|  |TAMS 0x0000000084a00000, 0x0000000084a00000| Untracked 
|  49|0x0000000084b00000, 0x0000000084b00000, 0x0000000084c00000|  0%| F|  |TAMS 0x0000000084b00000, 0x0000000084b00000| Untracked 
|  50|0x0000000084c00000, 0x0000000084c00000, 0x0000000084d00000|  0%| F|  |TAMS 0x0000000084c00000, 0x0000000084c00000| Untracked 
|  51|0x0000000084d00000, 0x0000000084d00000, 0x0000000084e00000|  0%| F|  |TAMS 0x0000000084d00000, 0x0000000084d00000| Untracked 
|  52|0x0000000084e00000, 0x0000000084e00000, 0x0000000084f00000|  0%| F|  |TAMS 0x0000000084e00000, 0x0000000084e00000| Untracked 
|  53|0x0000000084f00000, 0x0000000084f00000, 0x0000000085000000|  0%| F|  |TAMS 0x0000000084f00000, 0x0000000084f00000| Untracked 
|  54|0x0000000085000000, 0x0000000085000000, 0x0000000085100000|  0%| F|  |TAMS 0x0000000085000000, 0x0000000085000000| Untracked 
|  55|0x0000000085100000, 0x0000000085100000, 0x0000000085200000|  0%| F|  |TAMS 0x0000000085100000, 0x0000000085100000| Untracked 
|  56|0x0000000085200000, 0x0000000085200000, 0x0000000085300000|  0%| F|  |TAMS 0x0000000085200000, 0x0000000085200000| Untracked 
|  57|0x0000000085300000, 0x0000000085300000, 0x0000000085400000|  0%| F|  |TAMS 0x0000000085300000, 0x0000000085300000| Untracked 
|  58|0x0000000085400000, 0x0000000085400000, 0x0000000085500000|  0%| F|  |TAMS 0x0000000085400000, 0x0000000085400000| Untracked 
|  59|0x0000000085500000, 0x0000000085500000, 0x0000000085600000|  0%| F|  |TAMS 0x0000000085500000, 0x0000000085500000| Untracked 
|  60|0x0000000085600000, 0x0000000085600000, 0x0000000085700000|  0%| F|  |TAMS 0x0000000085600000, 0x0000000085600000| Untracked 
|  61|0x0000000085700000, 0x0000000085700000, 0x0000000085800000|  0%| F|  |TAMS 0x0000000085700000, 0x0000000085700000| Untracked 
|  62|0x0000000085800000, 0x0000000085800000, 0x0000000085900000|  0%| F|  |TAMS 0x0000000085800000, 0x0000000085800000| Untracked 
|  63|0x0000000085900000, 0x0000000085900000, 0x0000000085a00000|  0%| F|  |TAMS 0x0000000085900000, 0x0000000085900000| Untracked 
|  64|0x0000000085a00000, 0x0000000085a00000, 0x0000000085b00000|  0%| F|  |TAMS 0x0000000085a00000, 0x0000000085a00000| Untracked 
|  65|0x0000000085b00000, 0x0000000085b00000, 0x0000000085c00000|  0%| F|  |TAMS 0x0000000085b00000, 0x0000000085b00000| Untracked 
|  66|0x0000000085c00000, 0x0000000085c00000, 0x0000000085d00000|  0%| F|  |TAMS 0x0000000085c00000, 0x0000000085c00000| Untracked 
|  67|0x0000000085d00000, 0x0000000085d00000, 0x0000000085e00000|  0%| F|  |TAMS 0x0000000085d00000, 0x0000000085d00000| Untracked 
|  68|0x0000000085e00000, 0x0000000085e00000, 0x0000000085f00000|  0%| F|  |TAMS 0x0000000085e00000, 0x0000000085e00000| Untracked 
|  69|0x0000000085f00000, 0x0000000085f00000, 0x0000000086000000|  0%| F|  |TAMS 0x0000000085f00000, 0x0000000085f00000| Untracked 
|  70|0x0000000086000000, 0x0000000086000000, 0x0000000086100000|  0%| F|  |TAMS 0x0000000086000000, 0x0000000086000000| Untracked 
|  71|0x0000000086100000, 0x0000000086100000, 0x0000000086200000|  0%| F|  |TAMS 0x0000000086100000, 0x0000000086100000| Untracked 
|  72|0x0000000086200000, 0x0000000086200000, 0x0000000086300000|  0%| F|  |TAMS 0x0000000086200000, 0x0000000086200000| Untracked 
|  73|0x0000000086300000, 0x0000000086300000, 0x0000000086400000|  0%| F|  |TAMS 0x0000000086300000, 0x0000000086300000| Untracked 
|  74|0x0000000086400000, 0x0000000086400000, 0x0000000086500000|  0%| F|  |TAMS 0x0000000086400000, 0x0000000086400000| Untracked 
|  75|0x0000000086500000, 0x0000000086500000, 0x0000000086600000|  0%| F|  |TAMS 0x0000000086500000, 0x0000000086500000| Untracked 
|  76|0x0000000086600000, 0x0000000086600000, 0x0000000086700000|  0%| F|  |TAMS 0x0000000086600000, 0x0000000086600000| Untracked 
|  77|0x0000000086700000, 0x0000000086700000, 0x0000000086800000|  0%| F|  |TAMS 0x0000000086700000, 0x0000000086700000| Untracked 
|  78|0x0000000086800000, 0x0000000086800000, 0x0000000086900000|  0%| F|  |TAMS 0x0000000086800000, 0x0000000086800000| Untracked 
|  79|0x0000000086900000, 0x0000000086900000, 0x0000000086a00000|  0%| F|  |TAMS 0x0000000086900000, 0x0000000086900000| Untracked 
|  80|0x0000000086a00000, 0x0000000086a00000, 0x0000000086b00000|  0%| F|  |TAMS 0x0000000086a00000, 0x0000000086a00000| Untracked 
|  81|0x0000000086b00000, 0x0000000086b00000, 0x0000000086c00000|  0%| F|  |TAMS 0x0000000086b00000, 0x0000000086b00000| Untracked 
|  82|0x0000000086c00000, 0x0000000086c00000, 0x0000000086d00000|  0%| F|  |TAMS 0x0000000086c00000, 0x0000000086c00000| Untracked 
|  83|0x0000000086d00000, 0x0000000086d00000, 0x0000000086e00000|  0%| F|  |TAMS 0x0000000086d00000, 0x0000000086d00000| Untracked 
|  84|0x0000000086e00000, 0x0000000086e00000, 0x0000000086f00000|  0%| F|  |TAMS 0x0000000086e00000, 0x0000000086e00000| Untracked 
|  85|0x0000000086f00000, 0x0000000086f00000, 0x0000000087000000|  0%| F|  |TAMS 0x0000000086f00000, 0x0000000086f00000| Untracked 
|  86|0x0000000087000000, 0x0000000087000000, 0x0000000087100000|  0%| F|  |TAMS 0x0000000087000000, 0x0000000087000000| Untracked 
|  87|0x0000000087100000, 0x0000000087100000, 0x0000000087200000|  0%| F|  |TAMS 0x0000000087100000, 0x0000000087100000| Untracked 
|  88|0x0000000087200000, 0x0000000087200000, 0x0000000087300000|  0%| F|  |TAMS 0x0000000087200000, 0x0000000087200000| Untracked 
|  89|0x0000000087300000, 0x0000000087300000, 0x0000000087400000|  0%| F|  |TAMS 0x0000000087300000, 0x0000000087300000| Untracked 
|  90|0x0000000087400000, 0x0000000087400000, 0x0000000087500000|  0%| F|  |TAMS 0x0000000087400000, 0x0000000087400000| Untracked 
|  91|0x0000000087500000, 0x0000000087500000, 0x0000000087600000|  0%| F|  |TAMS 0x0000000087500000, 0x0000000087500000| Untracked 
|  92|0x0000000087600000, 0x0000000087600000, 0x0000000087700000|  0%| F|  |TAMS 0x0000000087600000, 0x0000000087600000| Untracked 
|  93|0x0000000087700000, 0x0000000087700000, 0x0000000087800000|  0%| F|  |TAMS 0x0000000087700000, 0x0000000087700000| Untracked 
|  94|0x0000000087800000, 0x0000000087800000, 0x0000000087900000|  0%| F|  |TAMS 0x0000000087800000, 0x0000000087800000| Untracked 
|  95|0x0000000087900000, 0x0000000087900000, 0x0000000087a00000|  0%| F|  |TAMS 0x0000000087900000, 0x0000000087900000| Untracked 
|  96|0x0000000087a00000, 0x0000000087a00000, 0x0000000087b00000|  0%| F|  |TAMS 0x0000000087a00000, 0x0000000087a00000| Untracked 
|  97|0x0000000087b00000, 0x0000000087b00000, 0x0000000087c00000|  0%| F|  |TAMS 0x0000000087b00000, 0x0000000087b00000| Untracked 
|  98|0x0000000087c00000, 0x0000000087c00000, 0x0000000087d00000|  0%| F|  |TAMS 0x0000000087c00000, 0x0000000087c00000| Untracked 
|  99|0x0000000087d00000, 0x0000000087d00000, 0x0000000087e00000|  0%| F|  |TAMS 0x0000000087d00000, 0x0000000087d00000| Untracked 
| 100|0x0000000087e00000, 0x0000000087e00000, 0x0000000087f00000|  0%| F|  |TAMS 0x0000000087e00000, 0x0000000087e00000| Untracked 
| 101|0x0000000087f00000, 0x0000000087f00000, 0x0000000088000000|  0%| F|  |TAMS 0x0000000087f00000, 0x0000000087f00000| Untracked 
| 102|0x0000000088000000, 0x0000000088000000, 0x0000000088100000|  0%| F|  |TAMS 0x0000000088000000, 0x0000000088000000| Untracked 
| 103|0x0000000088100000, 0x0000000088100000, 0x0000000088200000|  0%| F|  |TAMS 0x0000000088100000, 0x0000000088100000| Untracked 
| 104|0x0000000088200000, 0x0000000088200000, 0x0000000088300000|  0%| F|  |TAMS 0x0000000088200000, 0x0000000088200000| Untracked 
| 105|0x0000000088300000, 0x0000000088300000, 0x0000000088400000|  0%| F|  |TAMS 0x0000000088300000, 0x0000000088300000| Untracked 
| 106|0x0000000088400000, 0x0000000088400000, 0x0000000088500000|  0%| F|  |TAMS 0x0000000088400000, 0x0000000088400000| Untracked 
| 107|0x0000000088500000, 0x0000000088500000, 0x0000000088600000|  0%| F|  |TAMS 0x0000000088500000, 0x0000000088500000| Untracked 
| 108|0x0000000088600000, 0x0000000088600000, 0x0000000088700000|  0%| F|  |TAMS 0x0000000088600000, 0x0000000088600000| Untracked 
| 109|0x0000000088700000, 0x0000000088700000, 0x0000000088800000|  0%| F|  |TAMS 0x0000000088700000, 0x0000000088700000| Untracked 
| 110|0x0000000088800000, 0x0000000088800000, 0x0000000088900000|  0%| F|  |TAMS 0x0000000088800000, 0x0000000088800000| Untracked 
| 111|0x0000000088900000, 0x0000000088900000, 0x0000000088a00000|  0%| F|  |TAMS 0x0000000088900000, 0x0000000088900000| Untracked 
| 112|0x0000000088a00000, 0x0000000088a00000, 0x0000000088b00000|  0%| F|  |TAMS 0x0000000088a00000, 0x0000000088a00000| Untracked 
| 113|0x0000000088b00000, 0x0000000088b00000, 0x0000000088c00000|  0%| F|  |TAMS 0x0000000088b00000, 0x0000000088b00000| Untracked 
| 114|0x0000000088c00000, 0x0000000088c00000, 0x0000000088d00000|  0%| F|  |TAMS 0x0000000088c00000, 0x0000000088c00000| Untracked 
| 115|0x0000000088d00000, 0x0000000088d00000, 0x0000000088e00000|  0%| F|  |TAMS 0x0000000088d00000, 0x0000000088d00000| Untracked 
| 116|0x0000000088e00000, 0x0000000088e00000, 0x0000000088f00000|  0%| F|  |TAMS 0x0000000088e00000, 0x0000000088e00000| Untracked 
| 117|0x0000000088f00000, 0x0000000088f00000, 0x0000000089000000|  0%| F|  |TAMS 0x0000000088f00000, 0x0000000088f00000| Untracked 
| 118|0x0000000089000000, 0x0000000089000000, 0x0000000089100000|  0%| F|  |TAMS 0x0000000089000000, 0x0000000089000000| Untracked 
| 119|0x0000000089100000, 0x0000000089100000, 0x0000000089200000|  0%| F|  |TAMS 0x0000000089100000, 0x0000000089100000| Untracked 
| 120|0x0000000089200000, 0x0000000089200000, 0x0000000089300000|  0%| F|  |TAMS 0x0000000089200000, 0x0000000089200000| Untracked 
| 121|0x0000000089300000, 0x0000000089400000, 0x0000000089400000|100%| S|CS|TAMS 0x0000000089300000, 0x0000000089300000| Complete 
| 122|0x0000000089400000, 0x0000000089400000, 0x0000000089500000|  0%| F|  |TAMS 0x0000000089400000, 0x0000000089400000| Untracked 
| 123|0x0000000089500000, 0x0000000089500000, 0x0000000089600000|  0%| F|  |TAMS 0x0000000089500000, 0x0000000089500000| Untracked 
| 124|0x0000000089600000, 0x0000000089643528, 0x0000000089700000| 26%| E|  |TAMS 0x0000000089600000, 0x0000000089600000| Complete 
| 125|0x0000000089700000, 0x0000000089800000, 0x0000000089800000|100%| E|CS|TAMS 0x0000000089700000, 0x0000000089700000| Complete 
| 126|0x0000000089800000, 0x0000000089900000, 0x0000000089900000|100%| E|CS|TAMS 0x0000000089800000, 0x0000000089800000| Complete 
| 127|0x0000000089900000, 0x0000000089a00000, 0x0000000089a00000|100%| E|CS|TAMS 0x0000000089900000, 0x0000000089900000| Complete 

Card table byte_map: [0x00000235c3b80000,0x00000235c3f80000] _byte_map_base: 0x00000235c3773000

Marking Bits (Prev, Next): (CMBitMap*) 0x00000235aa6a1740, (CMBitMap*) 0x00000235aa6a1780
 Prev Bits: [0x00000235c4380000, 0x00000235c6318000)
 Next Bits: [0x00000235c6320000, 0x00000235c82b8000)

Polling page: 0x00000235aa4a0000

Metaspace:

Usage:
  Non-class:      5.16 MB capacity,     3.03 MB ( 59%) used,     2.12 MB ( 41%) free+waste,     6.19 KB ( <1%) overhead. 
      Class:    495.00 KB capacity,   290.41 KB ( 59%) used,   201.78 KB ( 41%) free+waste,     2.81 KB ( <1%) overhead. 
       Both:      5.64 MB capacity,     3.31 MB ( 59%) used,     2.32 MB ( 41%) free+waste,     9.00 KB ( <1%) overhead. 

Virtual space:
  Non-class space:        8.00 MB reserved,       5.25 MB ( 66%) committed 
      Class space:        1.00 GB reserved,     512.00 KB ( <1%) committed 
             Both:        1.01 GB reserved,       5.75 MB ( <1%) committed 

Chunk freelists:
   Non-Class:  29.00 KB
       Class:  0 bytes
        Both:  29.00 KB

MaxMetaspaceSize: 17179869184.00 GB
CompressedClassSpaceSize: 1.00 GB

CodeHeap 'non-profiled nmethods': size=120064Kb used=240Kb max_used=240Kb free=119823Kb
 bounds [0x00000235bbe40000, 0x00000235bc0b0000, 0x00000235c3380000]
CodeHeap 'profiled nmethods': size=120000Kb used=1217Kb max_used=1217Kb free=118782Kb
 bounds [0x00000235b4910000, 0x00000235b4b80000, 0x00000235bbe40000]
CodeHeap 'non-nmethods': size=5696Kb used=1596Kb max_used=1620Kb free=4099Kb
 bounds [0x00000235b4380000, 0x00000235b45f0000, 0x00000235b4910000]
 total_blobs=1758 nmethods=768 adapters=904
 compilation: enabled
              stopped_count=0, restarted_count=0
 full_count=0

Compilation events (20 events):
Event: 0.701 Thread 0x00000235ca671b70  754       3       java.lang.invoke.LambdaForm::internArgument (85 bytes)
Event: 0.701 Thread 0x00000235ca671b70 nmethod 754 0x00000235b4a3bf10 code [0x00000235b4a3c0e0, 0x00000235b4a3c408]
Event: 0.701 Thread 0x00000235ca671b70  759       3       java.lang.invoke.LambdaForm$NamedFunction::methodType (23 bytes)
Event: 0.701 Thread 0x00000235ca671b70 nmethod 759 0x00000235b4a3c610 code [0x00000235b4a3c7c0, 0x00000235b4a3c9e8]
Event: 0.701 Thread 0x00000235ca671b70  760       3       java.lang.invoke.LambdaForm$Name::useCount (42 bytes)
Event: 0.701 Thread 0x00000235ca671b70 nmethod 760 0x00000235b4a3cb10 code [0x00000235b4a3ccc0, 0x00000235b4a3cfb8]
Event: 0.701 Thread 0x00000235ca671b70  757       3       java.lang.invoke.LambdaForm$Name::<init> (44 bytes)
Event: 0.702 Thread 0x00000235ca671b70 nmethod 757 0x00000235b4a3d110 code [0x00000235b4a3d320, 0x00000235b4a3d8e8]
Event: 0.702 Thread 0x00000235ca671b70  761       3       jdk.internal.org.objectweb.asm.Frame::pop (42 bytes)
Event: 0.702 Thread 0x00000235ca671b70 nmethod 761 0x00000235b4a3dc10 code [0x00000235b4a3dda0, 0x00000235b4a3df38]
Event: 0.702 Thread 0x00000235ca671b70  764       3       java.lang.invoke.MethodType::insertParameterTypes (121 bytes)
Event: 0.703 Thread 0x00000235ca671b70 nmethod 764 0x00000235b4a3e010 code [0x00000235b4a3e2e0, 0x00000235b4a3f0c8]
Event: 0.703 Thread 0x00000235ca671b70  766       3       java.lang.invoke.LambdaForm$Name::lastUseIndex (36 bytes)
Event: 0.703 Thread 0x00000235ca671b70 nmethod 766 0x00000235b4a3f610 code [0x00000235b4a3f7c0, 0x00000235b4a3fa58]
Event: 0.703 Thread 0x00000235ca671b70  762       3       jdk.internal.org.objectweb.asm.ByteVector::enlarge (51 bytes)
Event: 0.703 Thread 0x00000235ca671b70 nmethod 762 0x00000235b4a3fb90 code [0x00000235b4a3fd40, 0x00000235b4a40048]
Event: 0.703 Thread 0x00000235ca671b70  768       3       jdk.internal.org.objectweb.asm.Frame::getLocal (46 bytes)
Event: 0.703 Thread 0x00000235ca671b70 nmethod 768 0x00000235b4a40190 code [0x00000235b4a40320, 0x00000235b4a40518]
Event: 0.703 Thread 0x00000235ca671b70  767       1       java.lang.invoke.LambdaForm$NamedFunction::intrinsicName (5 bytes)
Event: 0.703 Thread 0x00000235ca671b70 nmethod 767 0x00000235bbe7be90 code [0x00000235bbe7c020, 0x00000235bbe7c0d8]

GC Heap History (2 events):
Event: 0.435 GC heap before
{Heap before GC invocations=0 (full 0):
 garbage-first heap   total 131072K, used 5120K [0x0000000081a00000, 0x0000000100000000)
  region size 1024K, 6 young (6144K), 0 survivors (0K)
 Metaspace       used 1464K, capacity 4759K, committed 4864K, reserved 1056768K
  class space    used 158K, capacity 433K, committed 512K, reserved 1048576K
}
Event: 0.439 GC heap after
{Heap after GC invocations=1 (full 0):
 garbage-first heap   total 131072K, used 3669K [0x0000000081a00000, 0x0000000100000000)
  region size 1024K, 1 young (1024K), 1 survivors (1024K)
 Metaspace       used 1464K, capacity 4759K, committed 4864K, reserved 1056768K
  class space    used 158K, capacity 433K, committed 512K, reserved 1048576K
}

Deoptimization events (16 events):
Event: 0.130 Thread 0x00000235aa6606e0 Uncommon trap: trap_request=0xffffff45 fr.pc=0x00000235bbe4d048 relative=0x00000000000006e8
Event: 0.130 Thread 0x00000235aa6606e0 Uncommon trap: reason=unstable_if action=reinterpret pc=0x00000235bbe4d048 method=java.util.HashMap.putVal(ILjava/lang/Object;Ljava/lang/Object;ZZ)Ljava/lang/Object; @ 69 c2
Event: 0.130 Thread 0x00000235aa6606e0 DEOPT PACKING pc=0x00000235bbe4d048 sp=0x000000f7f93fede0
Event: 0.130 Thread 0x00000235aa6606e0 DEOPT UNPACKING pc=0x00000235b43ce129 sp=0x000000f7f93fed80 mode 2
Event: 0.141 Thread 0x00000235aa6606e0 Uncommon trap: trap_request=0xffffff45 fr.pc=0x00000235bbe493d8 relative=0x0000000000000058
Event: 0.141 Thread 0x00000235aa6606e0 Uncommon trap: reason=unstable_if action=reinterpret pc=0x00000235bbe493d8 method=java.lang.String.isLatin1()Z @ 10 c2
Event: 0.141 Thread 0x00000235aa6606e0 DEOPT PACKING pc=0x00000235bbe493d8 sp=0x000000f7f93fcab0
Event: 0.141 Thread 0x00000235aa6606e0 DEOPT UNPACKING pc=0x00000235b43ce129 sp=0x000000f7f93fca40 mode 2
Event: 0.234 Thread 0x00000235aa6606e0 Uncommon trap: trap_request=0xffffff45 fr.pc=0x00000235bbe44698 relative=0x0000000000000078
Event: 0.234 Thread 0x00000235aa6606e0 Uncommon trap: reason=unstable_if action=reinterpret pc=0x00000235bbe44698 method=java.lang.String.isLatin1()Z @ 10 c2
Event: 0.234 Thread 0x00000235aa6606e0 DEOPT PACKING pc=0x00000235bbe44698 sp=0x000000f7f93fef70
Event: 0.234 Thread 0x00000235aa6606e0 DEOPT UNPACKING pc=0x00000235b43ce129 sp=0x000000f7f93feeb0 mode 2
Event: 0.404 Thread 0x00000235aa6606e0 Uncommon trap: trap_request=0xffffff45 fr.pc=0x00000235bbe55160 relative=0x0000000000000060
Event: 0.404 Thread 0x00000235aa6606e0 Uncommon trap: reason=unstable_if action=reinterpret pc=0x00000235bbe55160 method=java.io.WinNTFileSystem.isSlash(C)Z @ 9 c2
Event: 0.404 Thread 0x00000235aa6606e0 DEOPT PACKING pc=0x00000235bbe55160 sp=0x000000f7f93fef60
Event: 0.404 Thread 0x00000235aa6606e0 DEOPT UNPACKING pc=0x00000235b43ce129 sp=0x000000f7f93feee8 mode 2

Classes unloaded (0 events):
No events

Classes redefined (0 events):
No events

Internal exceptions (18 events):
Event: 0.239 Thread 0x00000235cb2569e0 Exception <a 'java/lang/NoSuchMethodError'{0x0000000089527750}: 'java.lang.Object java.lang.invoke.DirectMethodHandle$Holder.invokeStatic(java.lang.Object)'> (0x0000000089527750) 
thrown [./src/hotspot/share/interpreter/linkResolver.cpp, line 782]
Event: 0.239 Thread 0x00000235cb2569e0 Exception <a 'java/lang/NoSuchMethodError'{0x000000008952b060}: 'java.lang.Object java.lang.invoke.DirectMethodHandle$Holder.invokeStaticInit(java.lang.Object)'> (0x000000008952b060) 
thrown [./src/hotspot/share/interpreter/linkResolver.cpp, line 782]
Event: 0.246 Thread 0x00000235cb2569e0 Exception <a 'java/lang/NoSuchMethodError'{0x00000000895384a0}: 'void java.lang.invoke.DirectMethodHandle$Holder.invokeStatic(java.lang.Object, java.lang.Object)'> (0x00000000895384a0) 
thrown [./src/hotspot/share/interpreter/linkResolver.cpp, line 782]
Event: 0.373 Thread 0x00000235aa6606e0 Exception <a 'java/lang/NoSuchMethodError'{0x0000000089428730}: 'void java.lang.invoke.DirectMethodHandle$Holder.invokeSpecial(java.lang.Object, java.lang.Object, java.lang.Object)'> (0x0000000089428730) 
thrown [./src/hotspot/share/interpreter/linkResolver.cpp, line 782]
Event: 0.384 Thread 0x00000235aa6606e0 Exception <a 'java/lang/NoSuchMethodError'{0x000000008943d358}: 'java.lang.Object java.lang.invoke.DirectMethodHandle$Holder.invokeStatic(java.lang.Object, int, java.lang.Object)'> (0x000000008943d358) 
thrown [./src/hotspot/share/interpreter/linkResolver.cpp, line 782]
Event: 0.473 Thread 0x00000235cb30b6c0 Exception <a 'java/lang/NoSuchMethodError'{0x000000008999aab8}: 'java.lang.Object java.lang.invoke.DirectMethodHandle$Holder.invokeStatic(java.lang.Object, java.lang.Object, int)'> (0x000000008999aab8) 
thrown [./src/hotspot/share/interpreter/linkResolver.cpp, line 782]
Event: 0.475 Thread 0x00000235cb30b6c0 Exception <a 'java/lang/NoSuchMethodError'{0x00000000899a6e50}: 'void java.lang.invoke.DelegatingMethodHandle$Holder.delegate(java.lang.Object, java.lang.Object, int, java.lang.Object)'> (0x00000000899a6e50) 
thrown [./src/hotspot/share/interpreter/linkResolver.cpp, line 782]
Event: 0.481 Thread 0x00000235cb30b6c0 Exception <a 'java/lang/NoSuchMethodError'{0x00000000899ab0a8}: 'int java.lang.invoke.DirectMethodHandle$Holder.invokeSpecial(java.lang.Object, java.lang.Object, java.lang.Object)'> (0x00000000899ab0a8) 
thrown [./src/hotspot/share/interpreter/linkResolver.cpp, line 782]
Event: 0.545 Thread 0x00000235cb30b6c0 Exception <a 'sun/nio/fs/WindowsException'{0x00000000898185c8}> (0x00000000898185c8) 
thrown [./src/hotspot/share/prims/jni.cpp, line 578]
Event: 0.545 Thread 0x00000235cb30b6c0 Exception <a 'sun/nio/fs/WindowsException'{0x0000000089818b18}> (0x0000000089818b18) 
thrown [./src/hotspot/share/prims/jni.cpp, line 578]
Event: 0.590 Thread 0x00000235cb30b6c0 Exception <a 'java/lang/NoSuchMethodError'{0x0000000089892c50}: 'int java.lang.invoke.DirectMethodHandle$Holder.invokeStaticInit(java.lang.Object, java.lang.Object, int, long)'> (0x0000000089892c50) 
thrown [./src/hotspot/share/interpreter/linkResolver.cpp, line 782]
Event: 0.591 Thread 0x00000235cb30b6c0 Exception <a 'java/lang/NoSuchMethodError'{0x0000000089898720}: 'java.lang.Object java.lang.invoke.DirectMethodHandle$Holder.newInvokeSpecial(java.lang.Object, java.lang.Object, int)'> (0x0000000089898720) 
thrown [./src/hotspot/share/interpreter/linkResolver.cpp, line 782]
Event: 0.599 Thread 0x00000235cb30b6c0 Exception <a 'java/lang/NoSuchMethodError'{0x00000000898a8f30}: 'int java.lang.invoke.DirectMethodHandle$Holder.invokeStaticInit(java.lang.Object, java.lang.Object, long, long)'> (0x00000000898a8f30) 
thrown [./src/hotspot/share/interpreter/linkResolver.cpp, line 782]
Event: 0.601 Thread 0x00000235cb30b6c0 Exception <a 'java/lang/NoSuchMethodError'{0x00000000898af610}: 'java.lang.Object java.lang.invoke.DirectMethodHandle$Holder.newInvokeSpecial(java.lang.Object, java.lang.Object, long)'> (0x00000000898af610) 
thrown [./src/hotspot/share/interpreter/linkResolver.cpp, line 782]
Event: 0.603 Thread 0x00000235cb30b6c0 Exception <a 'java/lang/NoSuchMethodError'{0x00000000898b3a00}: 'java.lang.Object java.lang.invoke.Invokers$Holder.linkToTargetMethod(java.lang.Object, long, java.lang.Object)'> (0x00000000898b3a00) 
thrown [./src/hotspot/share/interpreter/linkResolver.cpp, line 782]
Event: 0.604 Thread 0x00000235cb30b6c0 Exception <a 'java/lang/NoSuchMethodError'{0x00000000898bb648}: 'int java.lang.invoke.DirectMethodHandle$Holder.invokeStaticInit(java.lang.Object, java.lang.Object, java.lang.Object, long)'> (0x00000000898bb648) 
thrown [./src/hotspot/share/interpreter/linkResolver.cpp, line 782]
Event: 0.646 Thread 0x00000235aa6606e0 Exception <a 'sun/nio/fs/WindowsException'{0x0000000089786900}> (0x0000000089786900) 
thrown [./src/hotspot/share/prims/jni.cpp, line 578]
Event: 0.646 Thread 0x00000235aa6606e0 Exception <a 'sun/nio/fs/WindowsException'{0x0000000089786c60}> (0x0000000089786c60) 
thrown [./src/hotspot/share/prims/jni.cpp, line 578]

Events (20 events):
Event: 0.634 loading class java/util/function/BiPredicate done
Event: 0.654 loading class jdk/internal/reflect/UnsafeQualifiedStaticIntegerFieldAccessorImpl
Event: 0.654 loading class jdk/internal/reflect/UnsafeQualifiedStaticIntegerFieldAccessorImpl done
Event: 0.694 loading class java/lang/invoke/BoundMethodHandle$Species_LLL
Event: 0.694 loading class java/lang/invoke/BoundMethodHandle$Species_LLL done
Event: 0.695 loading class java/lang/invoke/BoundMethodHandle$Species_LLLL
Event: 0.695 loading class java/lang/invoke/BoundMethodHandle$Species_LLLL done
Event: 0.697 loading class java/lang/invoke/BoundMethodHandle$Species_LLLLL
Event: 0.697 loading class java/lang/invoke/BoundMethodHandle$Species_LLLLL done
Event: 0.699 loading class java/lang/invoke/BoundMethodHandle$Species_LJ
Event: 0.699 loading class java/lang/invoke/BoundMethodHandle$Species_LJ done
Event: 0.700 loading class java/lang/invoke/BoundMethodHandle$Species_LLLLLL
Event: 0.700 loading class java/lang/invoke/BoundMethodHandle$Species_LLLLLL done
Event: 0.701 loading class java/lang/invoke/BoundMethodHandle$Species_LLLLLLL
Event: 0.701 loading class java/lang/invoke/BoundMethodHandle$Species_LLLLLLL done
Event: 0.703 loading class java/lang/Throwable$WrappedPrintStream
Event: 0.703 loading class java/lang/Throwable$PrintStreamOrWriter
Event: 0.703 loading class java/lang/Throwable$PrintStreamOrWriter done
Event: 0.703 loading class java/lang/Throwable$WrappedPrintStream done
Event: 0.704 Thread 0x00000235cb30b6c0 Thread exited: 0x00000235cb30b6c0


Dynamic libraries:
0x00007ff652810000 - 0x00007ff65281d000 	C:\Users\hamms\.jdks\azul-15.0.10\bin\java.exe
0x00007ff8ec830000 - 0x00007ff8eca28000 	C:\WINDOWS\SYSTEM32\ntdll.dll
0x00007ff8eadd0000 - 0x00007ff8eae8d000 	C:\WINDOWS\System32\KERNEL32.DLL
0x00007ff8ea090000 - 0x00007ff8ea386000 	C:\WINDOWS\System32\KERNELBASE.dll
0x00007ff8ea520000 - 0x00007ff8ea620000 	C:\WINDOWS\System32\ucrtbase.dll
0x00007ff8e3e60000 - 0x00007ff8e3e78000 	C:\Users\hamms\.jdks\azul-15.0.10\bin\jli.dll
0x00007ff8d5750000 - 0x00007ff8d5765000 	C:\Users\hamms\.jdks\azul-15.0.10\bin\VCRUNTIME140.dll
0x00007ff8eafb0000 - 0x00007ff8eb14e000 	C:\WINDOWS\System32\USER32.dll
0x00007ff8ea620000 - 0x00007ff8ea642000 	C:\WINDOWS\System32\win32u.dll
0x00007ff8eba80000 - 0x00007ff8ebaac000 	C:\WINDOWS\System32\GDI32.dll
0x00007ff8c25f0000 - 0x00007ff8c288a000 	C:\WINDOWS\WinSxS\amd64_microsoft.windows.common-controls_6595b64144ccf1df_6.0.19041.1110_none_60b5254171f9507e\COMCTL32.dll
0x00007ff8ea400000 - 0x00007ff8ea51a000 	C:\WINDOWS\System32\gdi32full.dll
0x00007ff8e9ff0000 - 0x00007ff8ea08d000 	C:\WINDOWS\System32\msvcp_win.dll
0x00007ff8ec5a0000 - 0x00007ff8ec63e000 	C:\WINDOWS\System32\msvcrt.dll
0x00007ff8ec2a0000 - 0x00007ff8ec2d0000 	C:\WINDOWS\System32\IMM32.DLL
0x00007ff8bc260000 - 0x00007ff8bc2fb000 	C:\Users\hamms\.jdks\azul-15.0.10\bin\msvcp140.dll
0x00007ff8990c0000 - 0x00007ff899c5c000 	C:\Users\hamms\.jdks\azul-15.0.10\bin\server\jvm.dll
0x00007ff8ec350000 - 0x00007ff8ec3fe000 	C:\WINDOWS\System32\ADVAPI32.dll
0x00007ff8ec0c0000 - 0x00007ff8ec15c000 	C:\WINDOWS\System32\sechost.dll
0x00007ff8ec170000 - 0x00007ff8ec296000 	C:\WINDOWS\System32\RPCRT4.dll
0x00007ff8ec160000 - 0x00007ff8ec168000 	C:\WINDOWS\System32\PSAPI.DLL
0x00007ff8c5100000 - 0x00007ff8c5109000 	C:\WINDOWS\SYSTEM32\WSOCK32.dll
0x00007ff8d5930000 - 0x00007ff8d5957000 	C:\WINDOWS\SYSTEM32\WINMM.dll
0x00007ff8ead00000 - 0x00007ff8ead6b000 	C:\WINDOWS\System32\WS2_32.dll
0x00007ff8e5c90000 - 0x00007ff8e5c9a000 	C:\WINDOWS\SYSTEM32\VERSION.dll
0x00007ff8e7ce0000 - 0x00007ff8e7cf2000 	C:\WINDOWS\SYSTEM32\kernel.appcore.dll
0x00007ff8e5300000 - 0x00007ff8e530a000 	C:\Users\hamms\.jdks\azul-15.0.10\bin\jimage.dll
0x00007ff8e4c60000 - 0x00007ff8e4e44000 	C:\WINDOWS\SYSTEM32\DBGHELP.DLL
0x00007ff8e4bc0000 - 0x00007ff8e4bf4000 	C:\WINDOWS\SYSTEM32\dbgcore.DLL
0x00007ff8e9f60000 - 0x00007ff8e9fe2000 	C:\WINDOWS\System32\bcryptPrimitives.dll
0x00007ff8e4fd0000 - 0x00007ff8e4fde000 	C:\Users\hamms\.jdks\azul-15.0.10\bin\instrument.dll
0x00007ff8d4260000 - 0x00007ff8d4285000 	C:\Users\hamms\.jdks\azul-15.0.10\bin\java.dll
0x00007ff8eb150000 - 0x00007ff8eb895000 	C:\WINDOWS\System32\SHELL32.dll
0x00007ff8e7fc0000 - 0x00007ff8e875b000 	C:\WINDOWS\SYSTEM32\windows.storage.dll
0x00007ff8ebc60000 - 0x00007ff8ebfb4000 	C:\WINDOWS\System32\combase.dll
0x00007ff8e9880000 - 0x00007ff8e98ae000 	C:\WINDOWS\SYSTEM32\Wldp.dll
0x00007ff8eb9d0000 - 0x00007ff8eba7d000 	C:\WINDOWS\System32\SHCORE.dll
0x00007ff8eae90000 - 0x00007ff8eaee5000 	C:\WINDOWS\System32\shlwapi.dll
0x00007ff8e9e40000 - 0x00007ff8e9e65000 	C:\WINDOWS\SYSTEM32\profapi.dll
0x00007ff8cb490000 - 0x00007ff8cb4a8000 	C:\Users\hamms\.jdks\azul-15.0.10\bin\zip.dll
0x00007ff8d1610000 - 0x00007ff8d1629000 	C:\Users\hamms\.jdks\azul-15.0.10\bin\net.dll
0x00007ff8e36e0000 - 0x00007ff8e37ea000 	C:\WINDOWS\SYSTEM32\WINHTTP.dll
0x00007ff8e95e0000 - 0x00007ff8e964a000 	C:\WINDOWS\system32\mswsock.dll
0x00007ff8cb940000 - 0x00007ff8cb952000 	C:\Users\hamms\.jdks\azul-15.0.10\bin\nio.dll
0x00007ff8d5770000 - 0x00007ff8d578a000 	C:\Program Files\JetBrains\IntelliJ IDEA 2023.1.2\bin\breakgen64.dll
0x00007ff8ca080000 - 0x00007ff8ca0fb000 	C:\Users\hamms\AppData\Local\Temp\lwjgl_hamms\3.3.3+5\x64\lwjgl.dll
0x00007ff8c2560000 - 0x00007ff8c25e2000 	C:\Users\hamms\AppData\Local\Temp\lwjgl_hamms\3.3.3+5\x64\glfw.dll
0x00007ff8cb870000 - 0x00007ff8cb8b5000 	C:\WINDOWS\SYSTEM32\dinput8.dll
0x00007ff8d5410000 - 0x00007ff8d5421000 	C:\WINDOWS\SYSTEM32\xinput1_4.dll
0x00007ff8e9f10000 - 0x00007ff8e9f5e000 	C:\WINDOWS\System32\cfgmgr32.dll
0x00007ff8e9c30000 - 0x00007ff8e9c63000 	C:\WINDOWS\SYSTEM32\DEVOBJ.dll
0x00007ff8e7cb0000 - 0x00007ff8e7cdf000 	C:\WINDOWS\SYSTEM32\dwmapi.dll
0x00007ff8e7910000 - 0x00007ff8e79ae000 	C:\WINDOWS\system32\uxtheme.dll
0x00007ff8d3d00000 - 0x00007ff8d3e52000 	C:\WINDOWS\SYSTEM32\inputhost.dll
0x00007ff8ebff0000 - 0x00007ff8ec0bd000 	C:\WINDOWS\System32\OLEAUT32.dll
0x00007ff8e75f0000 - 0x00007ff8e76e2000 	C:\WINDOWS\SYSTEM32\CoreMessaging.dll
0x00007ff8e3290000 - 0x00007ff8e3386000 	C:\WINDOWS\SYSTEM32\PROPSYS.dll
0x00007ff8e6ba0000 - 0x00007ff8e6cf5000 	C:\WINDOWS\SYSTEM32\wintypes.dll
0x00007ff8e7290000 - 0x00007ff8e75ee000 	C:\WINDOWS\SYSTEM32\CoreUIComponents.dll
0x00007ff8e9010000 - 0x00007ff8e9043000 	C:\WINDOWS\SYSTEM32\ntmarta.dll
0x00007ff8ebb40000 - 0x00007ff8ebc54000 	C:\WINDOWS\System32\MSCTF.dll

dbghelp: loaded successfully - version: 4.0.5 - missing functions: none
symbol engine: initialized successfully - sym options: 0x614 - pdb path: .;C:\Users\hamms\.jdks\azul-15.0.10\bin;C:\WINDOWS\SYSTEM32;C:\WINDOWS\WinSxS\amd64_microsoft.windows.common-controls_6595b64144ccf1df_6.0.19041.1110_none_60b5254171f9507e;C:\Users\hamms\.jdks\azul-15.0.10\bin\server;C:\Program Files\JetBrains\IntelliJ IDEA 2023.1.2\bin;C:\Users\hamms\AppData\Local\Temp\lwjgl_hamms\3.3.3+5\x64

VM Arguments:
jvm_args: -javaagent:C:\Program Files\JetBrains\IntelliJ IDEA 2023.1.2\lib\idea_rt.jar=62804:C:\Program Files\JetBrains\IntelliJ IDEA 2023.1.2\bin -Dfile.encoding=UTF-8 
java_command: Main
java_class_path (initial): C:\Users\hamms\Downloads\KAGO5_Preview\out\production\classes;C:\Users\hamms\Downloads\KAGO5_Preview\out\production\resources;C:\Users\hamms\Downloads\KAGO5_Preview\libs\lwjgl-3.3.3\libs\lwjgl-glfw-javadoc.jar;C:\Users\hamms\Downloads\KAGO5_Preview\libs\lwjgl-3.3.3\libs\lwjgl-glfw-natives-windows.jar;C:\Users\hamms\Downloads\KAGO5_Preview\libs\lwjgl-3.3.3\libs\lwjgl-glfw-sources.jar;C:\Users\hamms\Downloads\KAGO5_Preview\libs\lwjgl-3.3.3\libs\lwjgl-glfw.jar;C:\Users\hamms\Downloads\KAGO5_Preview\libs\lwjgl-3.3.3\libs\lwjgl-javadoc.jar;C:\Users\hamms\Downloads\KAGO5_Preview\libs\lwjgl-3.3.3\libs\lwjgl-natives-windows.jar;C:\Users\hamms\Downloads\KAGO5_Preview\libs\lwjgl-3.3.3\libs\lwjgl-openal-javadoc.jar;C:\Users\hamms\Downloads\KAGO5_Preview\libs\lwjgl-3.3.3\libs\lwjgl-openal-natives-windows.jar;C:\Users\hamms\Downloads\KAGO5_Preview\libs\lwjgl-3.3.3\libs\lwjgl-openal-sources.jar;C:\Users\hamms\Downloads\KAGO5_Preview\libs\lwjgl-3.3.3\libs\lwjgl-openal.jar;C:\Users\hamms\Downloads\KAGO5_Preview\libs\lwjgl-3.3.3\libs\lwjgl-opencl-javadoc.jar;C:\Users\hamms\Downloads\KAGO5_Preview\libs\lwjgl-3.3.3\libs\lwjgl-opencl-sources.jar;C:\Users\hamms\Downloads\KAGO5_Preview\libs\lwjgl-3.3.3\libs\lwjgl-opencl.jar;C:\Users\hamms\Downloads\KAGO5_Preview\libs\lwjgl-3.3.3\libs\lwjgl-opengl-javadoc.jar;C:\Users\hamms\Downloads\KAGO5_Preview\libs\lwjgl-3.3.3\libs\lwjgl-opengl-natives-windows.jar;C:\Users\hamms\Downloads\KAGO5_Preview\libs\lwjgl-3.3.3\libs\lwjgl-opengl-sources.jar;C:\Users\hamms\Downloads\KAGO5_Preview\libs\lwjgl-3.3.3\libs\lwjgl-opengl.jar;C:\Users\hamms\Downloads\KAGO5_Preview\libs\lwjgl-3.3.3\libs\lwjgl-sources.jar;C:\Users\hamms\Downloads\KAGO5_Preview\libs\lwjgl-3.3.3\libs\lwjgl-vulkan-javadoc.jar;C:\Users\hamms\Downloads\KAGO5_Preview\libs\lwjgl-3.3.3\libs\lwjgl-vulkan-sources.jar;C:\Users\hamms\Downloads\KAGO5_Preview\libs\lwjgl-3.3.3\libs\lwjgl-vulkan.jar;C:\Users\hamms\Downloads\KAGO5_Preview\libs\lwjgl-3.3.3\libs\lwjgl.jar;C:\Us
Launcher Type: SUN_STANDARD

[Global flags]
     intx CICompilerCount                          = 2                                         {product} {ergonomic}
     uint ConcGCThreads                            = 1                                         {product} {ergonomic}
     uint G1ConcRefinementThreads                  = 2                                         {product} {ergonomic}
   size_t G1HeapRegionSize                         = 1048576                                   {product} {ergonomic}
    uintx GCDrainStackTargetSize                   = 64                                        {product} {ergonomic}
   size_t InitialHeapSize                          = 134217728                                 {product} {ergonomic}
   size_t MarkStackSize                            = 4194304                                   {product} {ergonomic}
   size_t MaxHeapSize                              = 2120220672                                {product} {ergonomic}
   size_t MaxNewSize                               = 1271922688                                {product} {ergonomic}
   size_t MinHeapDeltaBytes                        = 1048576                                   {product} {ergonomic}
   size_t MinHeapSize                              = 8388608                                   {product} {ergonomic}
    uintx NonNMethodCodeHeapSize                   = 5826188                                {pd product} {ergonomic}
    uintx NonProfiledCodeHeapSize                  = 122916026                              {pd product} {ergonomic}
    uintx ProfiledCodeHeapSize                     = 122916026                              {pd product} {ergonomic}
    uintx ReservedCodeCacheSize                    = 251658240                              {pd product} {ergonomic}
     bool SegmentedCodeCache                       = true                                      {product} {ergonomic}
   size_t SoftMaxHeapSize                          = 2120220672                             {manageable} {ergonomic}
     bool UseCompressedClassPointers               = true                                 {lp64_product} {ergonomic}
     bool UseCompressedOops                        = true                                 {lp64_product} {ergonomic}
     bool UseG1GC                                  = true                                      {product} {ergonomic}
     bool UseLargePagesIndividualAllocation        = false                                  {pd product} {ergonomic}

Logging:
Log output configuration:
 #0: stdout all=warning uptime,level,tags
 #1: stderr all=off uptime,level,tags

Environment Variables:
PATH=F:\Hello World\Python 2-7-5\Lib\site-packages\PyQt4;C:\Program Files (x86)\Common Files\Oracle\Java\javapath;C:\Windows\system32;C:\Windows;C:\Windows\System32\Wbem;C:\Windows\System32\WindowsPowerShell\v1.0\;C:\Windows\System32\OpenSSH\;C:\Program Files\Git LFS;C:\Program Files\Git\cmd;C:\Program Files\dotnet\;C:\WINDOWS\system32;C:\WINDOWS;C:\WINDOWS\System32\Wbem;C:\WINDOWS\System32\WindowsPowerShell\v1.0\;C:\WINDOWS\System32\OpenSSH\;C:\Users\hamms\AppData\Local\Microsoft\WindowsApps;C:\ProgramData\hamms\GitHubDesktop\bin;C:\Program Files\JetBrains\IntelliJ IDEA 2023.1.2\bin;;C:\Users\hamms\.dotnet\tools;F:\Microsoft VS Code\bin;F:\XAMPP\php;
USERNAME=hamms
OS=Windows_NT
PROCESSOR_IDENTIFIER=Intel64 Family 6 Model 94 Stepping 3, GenuineIntel



---------------  S Y S T E M  ---------------

OS:
 Windows 10 , 64 bit Build 19041 (10.0.19041.3393)
OS uptime: 17 days 18:51 hours

CPU: total 2 (initial active 2) (2 cores per cpu, 1 threads per core) family 6 model 94 stepping 3 microcode 0xcc, cmov, cx8, fxsr, mmx, sse, sse2, sse3, ssse3, sse4.1, sse4.2, popcnt, aes, clmul, erms, 3dnowpref, lzcnt, tsc, tscinvbit, clflush, clflushopt

Memory: 4k page, system-wide physical 8082M (1876M free)
TotalPageFile size 18705M (AvailPageFile size 4313M)
current process WorkingSet (physical memory assigned to process): 57M, peak: 57M
current process commit charge ("private bytes"): 210M, peak: 210M

vm_info: OpenJDK 64-Bit Server VM (15.0.10+5-MTS) for windows-amd64 JRE (15.0.10+5-MTS) (Zulu15.46+17-CA), built on Jan  7 2023 17:34:05 by "zulu_re" with MS VC++ 15.9 (VS2017)

END.
