#
# A fatal error has been detected by the Java Runtime Environment:
#
#  EXCEPTION_ACCESS_VIOLATION (0xc0000005) at pc=0x00007ffc0c9dc11b, pid=9888, tid=316
#
# JRE version: OpenJDK Runtime Environment Zulu15.46+17-CA (15.0.10+5) (build 15.0.10+5-MTS)
# Java VM: OpenJDK 64-Bit Server VM Zulu15.46+17-CA (15.0.10+5-MTS, mixed mode, sharing, tiered, compressed oops, g1 gc, windows-amd64)
# Problematic frame:
# C  [ig9icd64.dll+0x74c11b]
#
# No core dump will be written. Minidumps are not enabled by default on client versions of Windows
#
# If you would like to submit a bug report, please visit:
#   http://www.azul.com/support/
#

---------------  S U M M A R Y ------------

Command Line: -javaagent:C:\Program Files\JetBrains\IntelliJ IDEA 2023.1.2\lib\idea_rt.jar=53179:C:\Program Files\JetBrains\IntelliJ IDEA 2023.1.2\bin -Dfile.encoding=UTF-8 Main

Host: Intel(R) Celeron(R) CPU G3900 @ 2.80GHz, 2 cores, 7G,  Windows 10 , 64 bit Build 19041 (10.0.19041.3393)
Time: Wed Oct  4 17:29:37 2023 Mitteleuropäische Sommerzeit elapsed time: 39.106806 seconds (0d 0h 0m 39s)

---------------  T H R E A D  ---------------

Current thread (0x0000021dfe41efa0):  VMThread "VM Thread" [stack: 0x00000071f7500000,0x00000071f7600000] [id=316]

Stack: [0x00000071f7500000,0x00000071f7600000],  sp=0x00000071f75fe960,  free space=1018k
Native frames: (J=compiled Java code, j=interpreted, Vv=VM code, C=native code)
C  [ig9icd64.dll+0x74c11b]


siginfo: EXCEPTION_ACCESS_VIOLATION (0xc0000005), reading address 0x0000000000000018


Register to memory mapping:

RIP=0x00007ffc0c9dc11b ig9icd64.dll
RAX=0x0 is NULL
RBX=0x0000021dff6a4f90 points into unknown readable memory: 0xffffffffffffffff | ff ff ff ff ff ff ff ff
RCX=0x0 is NULL
RDX=0x0000021dff5f97c0 points into unknown readable memory: 0x0000021dff5a66c0 | c0 66 5a ff 1d 02 00 00
RSP=0x00000071f75fe960 points into unknown readable memory: 0x000000003e03a000 | 00 a0 03 3e 00 00 00 00
RBP=0x000000000000013c is an unknown value
RSI=0x0000021dff5f97c0 points into unknown readable memory: 0x0000021dff5a66c0 | c0 66 5a ff 1d 02 00 00
RDI=0x0000021dff5f97c0 points into unknown readable memory: 0x0000021dff5a66c0 | c0 66 5a ff 1d 02 00 00
R8 =0x0000000000002710 is an unknown value
R9 =0x0000000541452b34 is an unknown value
R10=0x00000000546c6148 is an unknown value
R11=0xfffffffff586e774 is an unknown value
R12=0x0000000000000004 is an unknown value
R13=0x0000000000000001 is an unknown value
R14=0x0 is NULL
R15=0x0 is NULL


Registers:
RAX=0x0000000000000000, RBX=0x0000021dff6a4f90, RCX=0x0000000000000000, RDX=0x0000021dff5f97c0
RSP=0x00000071f75fe960, RBP=0x000000000000013c, RSI=0x0000021dff5f97c0, RDI=0x0000021dff5f97c0
R8 =0x0000000000002710, R9 =0x0000000541452b34, R10=0x00000000546c6148, R11=0xfffffffff586e774
R12=0x0000000000000004, R13=0x0000000000000001, R14=0x0000000000000000, R15=0x0000000000000000
RIP=0x00007ffc0c9dc11b, EFLAGS=0x0000000000010206

Top of Stack: (sp=0x00000071f75fe960)
0x00000071f75fe960:   000000003e03a000 0000000002625a00
0x00000071f75fe970:   00000000768f0000 0000000541452b34
0x00000071f75fe980:   0000000000000000 0000000000000000
0x00000071f75fe990:   0000000000000004 0000021dff5f97c0
0x00000071f75fe9a0:   000000000000013c 00007ffc0c93938e
0x00000071f75fe9b0:   0000021dff6a4f90 0000021dff6a4f90
0x00000071f75fe9c0:   0000021dff6a4f90 0000021dff5f97c0
0x00000071f75fe9d0:   0000000000000001 0000021df75c0000
0x00000071f75fe9e0:   0000000000000001 00007ffc0c290000
0x00000071f75fe9f0:   0000021df9763068 00007ffc0c7fb8b0
0x00000071f75fea00:   0000021dff5f97c0 00007ffc0c84b520
0x00000071f75fea10:   00000071f75fea40 0000021dff6a4f90
0x00000071f75fea20:   000000000000013c ffffffffffffffff
0x00000071f75fea30:   0000000000000000 00007ffc00000000
0x00000071f75fea40:   00007ffc00000001 0000000000000000
0x00000071f75fea50:   0000000000000000 00007ffc49489877 

Instructions: (pc=0x00007ffc0c9dc11b)
0x00007ffc0c9dc01b:   49 10 eb 06 48 8b d1 48 8b 09 80 79 19 00 74 e8
0x00007ffc0c9dc02b:   80 7a 19 00 75 06 4c 3b 4a 20 73 03 49 8b d3 48
0x00007ffc0c9dc03b:   8b 4a 28 48 89 4f 18 4c 89 41 18 4d 85 c0 74 04
0x00007ffc0c9dc04b:   49 89 48 20 48 8b 48 10 80 79 19 00 74 22 48 8b
0x00007ffc0c9dc05b:   48 08 80 79 19 00 75 13 48 3b 41 10 75 0d 48 8b
0x00007ffc0c9dc06b:   c1 48 8b 49 08 80 79 19 00 74 ed 48 8b c1 eb 24
0x00007ffc0c9dc07b:   48 8b 11 48 8b c1 80 7a 19 00 75 18 66 0f 1f 84
0x00007ffc0c9dc08b:   00 00 00 00 00 48 8b 0a 48 8b c2 48 8b d1 80 79
0x00007ffc0c9dc09b:   19 00 74 f1 80 78 19 00 0f 84 f7 fe ff ff 48 85
0x00007ffc0c9dc0ab:   db 74 12 48 8b 8b c0 02 00 00 48 85 c9 74 06 ff
0x00007ffc0c9dc0bb:   15 58 31 42 00 48 85 f6 74 0f 48 8b 4e 18 48 85
0x00007ffc0c9dc0cb:   c9 74 06 ff 15 44 31 42 00 48 85 ed 74 0f 48 8b
0x00007ffc0c9dc0db:   4d 18 48 85 c9 74 06 ff 15 30 31 42 00 48 8b 5c
0x00007ffc0c9dc0eb:   24 30 48 8b 6c 24 38 48 8b 74 24 40 48 83 c4 20
0x00007ffc0c9dc0fb:   5f c3 cc cc cc cc cc cc cc cc cc cc cc cc cc cc
0x00007ffc0c9dc10b:   cc cc cc cc cc 40 55 56 41 54 41 56 48 83 ec 28
0x00007ffc0c9dc11b:   48 8b 71 18 45 33 e4 48 8b ea 4c 8b f1 48 85 f6
0x00007ffc0c9dc12b:   0f 84 7a 02 00 00 48 89 5c 24 58 48 89 7c 24 60
0x00007ffc0c9dc13b:   4c 89 7c 24 20 48 8b 4e 10 48 8b 46 08 48 85 c9
0x00007ffc0c9dc14b:   74 06 48 89 41 08 eb 04 49 89 46 10 48 8b 4e 08
0x00007ffc0c9dc15b:   48 85 c9 74 08 48 8b 46 10 48 89 41 10 4c 8b 7e
0x00007ffc0c9dc16b:   18 4c 89 66 18 4c 89 66 20 4c 89 66 08 4c 89 66
0x00007ffc0c9dc17b:   10 4d 8b 06 49 8b c0 49 8b 48 08 44 38 61 19 75
0x00007ffc0c9dc18b:   1c 48 8b 16 90 48 39 51 20 73 06 48 8b 49 10 eb
0x00007ffc0c9dc19b:   06 48 8b c1 48 8b 09 44 38 61 19 74 e8 44 38 60
0x00007ffc0c9dc1ab:   19 75 64 48 8b 48 20 48 39 0e 72 5b 49 3b c0 74
0x00007ffc0c9dc1bb:   56 48 8b 48 10 48 8b d0 44 38 61 19 74 1f 48 8b
0x00007ffc0c9dc1cb:   48 08 44 38 61 19 75 2a 48 3b 41 10 75 24 48 8b
0x00007ffc0c9dc1db:   c1 48 8b 49 08 44 38 61 19 74 ed eb 15 48 8b 09
0x00007ffc0c9dc1eb:   44 38 61 19 75 0c 48 8b 01 48 8b c8 44 38 60 19
0x00007ffc0c9dc1fb:   74 f4 49 8b ce e8 eb 14 8d ff ba 30 00 00 00 48
0x00007ffc0c9dc20b:   8b c8 e8 86 f7 e1 ff 48 8b 85 b0 c5 02 00 49 8b 


Stack slot to memory mapping:
stack at sp + 0 slots: 0x000000003e03a000 is an unknown value
stack at sp + 1 slots: 0x0000000002625a00 is an unknown value
stack at sp + 2 slots: 0x00000000768f0000 is an unknown value
stack at sp + 3 slots: 0x0000000541452b34 is an unknown value
stack at sp + 4 slots: 0x0 is NULL
stack at sp + 5 slots: 0x0 is NULL
stack at sp + 6 slots: 0x0000000000000004 is an unknown value
stack at sp + 7 slots: 0x0000021dff5f97c0 points into unknown readable memory: 0x0000021dff5a66c0 | c0 66 5a ff 1d 02 00 00

VM_Operation (0x00000071f8bff120): Exit, mode: safepoint, requested by thread 0x0000021dff848ad0


---------------  P R O C E S S  ---------------

Threads class SMR info:
_java_thread_list=0x0000021d9e684370, length=13, elements={
0x0000021dfe422d00, 0x0000021dfe4237e0, 0x0000021dfe43a630, 0x0000021dfe43c7a0,
0x0000021dfe43dce0, 0x0000021dfe442430, 0x0000021dfe44e550, 0x0000021dfe40e3f0,
0x0000021dfef625c0, 0x0000021dfeeeb4b0, 0x0000021dfef96200, 0x0000021df96910c0,
0x0000021dff848ad0
}

Java Threads: ( => current thread )
  0x0000021dfe422d00 JavaThread "Reference Handler" daemon [_thread_blocked, id=8488, stack(0x00000071f7600000,0x00000071f7700000)]
  0x0000021dfe4237e0 JavaThread "Finalizer" daemon [_thread_blocked, id=8216, stack(0x00000071f7700000,0x00000071f7800000)]
  0x0000021dfe43a630 JavaThread "Attach Listener" daemon [_thread_blocked, id=7816, stack(0x00000071f7900000,0x00000071f7a00000)]
  0x0000021dfe43c7a0 JavaThread "Service Thread" daemon [_thread_blocked, id=8752, stack(0x00000071f7a00000,0x00000071f7b00000)]
  0x0000021dfe43dce0 JavaThread "C2 CompilerThread0" daemon [_thread_blocked, id=2764, stack(0x00000071f7b00000,0x00000071f7c00000)]
  0x0000021dfe442430 JavaThread "C1 CompilerThread0" daemon [_thread_blocked, id=6852, stack(0x00000071f7c00000,0x00000071f7d00000)]
  0x0000021dfe44e550 JavaThread "Sweeper thread" daemon [_thread_blocked, id=5240, stack(0x00000071f7d00000,0x00000071f7e00000)]
  0x0000021dfe40e3f0 JavaThread "Common-Cleaner" daemon [_thread_blocked, id=4212, stack(0x00000071f7e00000,0x00000071f7f00000)]
  0x0000021dfef625c0 JavaThread "Monitor Ctrl-Break" daemon [_thread_in_native, id=10800, stack(0x00000071f7f00000,0x00000071f8000000)]
  0x0000021dfeeeb4b0 JavaThread "Notification Thread" daemon [_thread_blocked, id=6544, stack(0x00000071f8000000,0x00000071f8100000)]
  0x0000021dfef96200 JavaThread "Thread-0" [_thread_in_native, id=1372, stack(0x00000071f8200000,0x00000071f8300000)]
  0x0000021df96910c0 JavaThread "DestroyJavaVM" [_thread_blocked, id=10852, stack(0x00000071f6f00000,0x00000071f7000000)]
  0x0000021dff848ad0 JavaThread "SIGINT handler" daemon [_thread_blocked, id=11244, stack(0x00000071f8b00000,0x00000071f8c00000)]

Other Threads:
=>0x0000021dfe41efa0 VMThread "VM Thread" [stack: 0x00000071f7500000,0x00000071f7600000] [id=316]
  0x0000021df96cfad0 GCTaskThread "GC Thread#0" [stack: 0x00000071f7000000,0x00000071f7100000] [id=3148]
  0x0000021dfefd6ca0 GCTaskThread "GC Thread#1" [stack: 0x00000071f8300000,0x00000071f8400000] [id=9068]
  0x0000021df96e1880 ConcurrentGCThread "G1 Main Marker" [stack: 0x00000071f7100000,0x00000071f7200000] [id=9288]
  0x0000021df96e2380 ConcurrentGCThread "G1 Conc#0" [stack: 0x00000071f7200000,0x00000071f7300000] [id=7940]
  0x0000021df974fe30 ConcurrentGCThread "G1 Refine#0" [stack: 0x00000071f7300000,0x00000071f7400000] [id=9640]
  0x0000021dfef67040 ConcurrentGCThread "G1 Refine#1" [stack: 0x00000071f8400000,0x00000071f8500000] [id=10192]
  0x0000021df9750940 ConcurrentGCThread "G1 Young RemSet Sampling" [stack: 0x00000071f7400000,0x00000071f7500000] [id=7656]

Threads with active compile tasks:

VM state: at safepoint (shutting down)

VM Mutex/Monitor currently owned by a thread:  ([mutex/lock_event])
[0x0000021df968c8a0] Threads_lock - owner thread: 0x0000021dfe41efa0
[0x0000021df968c5d0] Heap_lock - owner thread: 0x0000021dff848ad0

Heap address: 0x0000000081a00000, size: 2022 MB, Compressed Oops mode: 32-bit
CDS archive(s) mapped at: [0x0000000800000000-0x0000000800b50000-0x0000000800b50000), size 11862016, SharedBaseAddress: 0x0000000800000000, ArchiveRelocationMode: 0.
Compressed class space mapped at: 0x0000000800b50000-0x0000000840b50000, size: 1073741824
Narrow klass base: 0x0000000800000000, Narrow klass shift: 3, Narrow klass range: 0x100000000

GC Precious Log:
 CPUs: 2 total, 2 available
 Memory: 8082M
 Large Page Support: Disabled
 NUMA Support: Disabled
 Compressed Oops: Enabled (32-bit)
 Heap Region Size: 1M
 Heap Min Capacity: 8M
 Heap Initial Capacity: 128M
 Heap Max Capacity: 2022M
 Pre-touch: Disabled
 Parallel Workers: 2
 Concurrent Workers: 1
 Concurrent Refinement Workers: 2
 Periodic GC: Disabled

Heap:
 garbage-first heap   total 131072K, used 55766K [0x0000000081a00000, 0x0000000100000000)
  region size 1024K, 52 young (53248K), 1 survivors (1024K)
 Metaspace       used 5490K, capacity 7470K, committed 7808K, reserved 1056768K
  class space    used 363K, capacity 572K, committed 640K, reserved 1048576K

Heap Regions: E=young(eden), S=young(survivor), O=old, HS=humongous(starts), HC=humongous(continues), CS=collection set, F=free, OA=open archive, CA=closed archive, TAMS=top-at-mark-start (previous, next)
|   0|0x0000000081a00000, 0x0000000081b00000, 0x0000000081b00000|100%| O|  |TAMS 0x0000000081a00000, 0x0000000081a00000| Untracked 
|   1|0x0000000081b00000, 0x0000000081c00000, 0x0000000081c00000|100%| O|  |TAMS 0x0000000081b00000, 0x0000000081b00000| Untracked 
|   2|0x0000000081c00000, 0x0000000081d00000, 0x0000000081d00000|100%| O|  |TAMS 0x0000000081c00000, 0x0000000081c00000| Untracked 
|   3|0x0000000081d00000, 0x0000000081da2a00, 0x0000000081e00000| 63%| O|  |TAMS 0x0000000081d00000, 0x0000000081d00000| Untracked 
|   4|0x0000000081e00000, 0x0000000081e00000, 0x0000000081f00000|  0%| F|  |TAMS 0x0000000081e00000, 0x0000000081e00000| Untracked 
|   5|0x0000000081f00000, 0x0000000081f00000, 0x0000000082000000|  0%| F|  |TAMS 0x0000000081f00000, 0x0000000081f00000| Untracked 
|   6|0x0000000082000000, 0x0000000082000000, 0x0000000082100000|  0%| F|  |TAMS 0x0000000082000000, 0x0000000082000000| Untracked 
|   7|0x0000000082100000, 0x0000000082100000, 0x0000000082200000|  0%| F|  |TAMS 0x0000000082100000, 0x0000000082100000| Untracked 
|   8|0x0000000082200000, 0x0000000082200000, 0x0000000082300000|  0%| F|  |TAMS 0x0000000082200000, 0x0000000082200000| Untracked 
|   9|0x0000000082300000, 0x0000000082300000, 0x0000000082400000|  0%| F|  |TAMS 0x0000000082300000, 0x0000000082300000| Untracked 
|  10|0x0000000082400000, 0x0000000082400000, 0x0000000082500000|  0%| F|  |TAMS 0x0000000082400000, 0x0000000082400000| Untracked 
|  11|0x0000000082500000, 0x0000000082500000, 0x0000000082600000|  0%| F|  |TAMS 0x0000000082500000, 0x0000000082500000| Untracked 
|  12|0x0000000082600000, 0x0000000082600000, 0x0000000082700000|  0%| F|  |TAMS 0x0000000082600000, 0x0000000082600000| Untracked 
|  13|0x0000000082700000, 0x0000000082700000, 0x0000000082800000|  0%| F|  |TAMS 0x0000000082700000, 0x0000000082700000| Untracked 
|  14|0x0000000082800000, 0x0000000082800000, 0x0000000082900000|  0%| F|  |TAMS 0x0000000082800000, 0x0000000082800000| Untracked 
|  15|0x0000000082900000, 0x0000000082900000, 0x0000000082a00000|  0%| F|  |TAMS 0x0000000082900000, 0x0000000082900000| Untracked 
|  16|0x0000000082a00000, 0x0000000082a00000, 0x0000000082b00000|  0%| F|  |TAMS 0x0000000082a00000, 0x0000000082a00000| Untracked 
|  17|0x0000000082b00000, 0x0000000082b00000, 0x0000000082c00000|  0%| F|  |TAMS 0x0000000082b00000, 0x0000000082b00000| Untracked 
|  18|0x0000000082c00000, 0x0000000082c00000, 0x0000000082d00000|  0%| F|  |TAMS 0x0000000082c00000, 0x0000000082c00000| Untracked 
|  19|0x0000000082d00000, 0x0000000082d00000, 0x0000000082e00000|  0%| F|  |TAMS 0x0000000082d00000, 0x0000000082d00000| Untracked 
|  20|0x0000000082e00000, 0x0000000082e00000, 0x0000000082f00000|  0%| F|  |TAMS 0x0000000082e00000, 0x0000000082e00000| Untracked 
|  21|0x0000000082f00000, 0x0000000082f00000, 0x0000000083000000|  0%| F|  |TAMS 0x0000000082f00000, 0x0000000082f00000| Untracked 
|  22|0x0000000083000000, 0x0000000083000000, 0x0000000083100000|  0%| F|  |TAMS 0x0000000083000000, 0x0000000083000000| Untracked 
|  23|0x0000000083100000, 0x0000000083100000, 0x0000000083200000|  0%| F|  |TAMS 0x0000000083100000, 0x0000000083100000| Untracked 
|  24|0x0000000083200000, 0x0000000083200000, 0x0000000083300000|  0%| F|  |TAMS 0x0000000083200000, 0x0000000083200000| Untracked 
|  25|0x0000000083300000, 0x0000000083300000, 0x0000000083400000|  0%| F|  |TAMS 0x0000000083300000, 0x0000000083300000| Untracked 
|  26|0x0000000083400000, 0x0000000083400000, 0x0000000083500000|  0%| F|  |TAMS 0x0000000083400000, 0x0000000083400000| Untracked 
|  27|0x0000000083500000, 0x0000000083500000, 0x0000000083600000|  0%| F|  |TAMS 0x0000000083500000, 0x0000000083500000| Untracked 
|  28|0x0000000083600000, 0x0000000083600000, 0x0000000083700000|  0%| F|  |TAMS 0x0000000083600000, 0x0000000083600000| Untracked 
|  29|0x0000000083700000, 0x0000000083700000, 0x0000000083800000|  0%| F|  |TAMS 0x0000000083700000, 0x0000000083700000| Untracked 
|  30|0x0000000083800000, 0x0000000083800000, 0x0000000083900000|  0%| F|  |TAMS 0x0000000083800000, 0x0000000083800000| Untracked 
|  31|0x0000000083900000, 0x0000000083900000, 0x0000000083a00000|  0%| F|  |TAMS 0x0000000083900000, 0x0000000083900000| Untracked 
|  32|0x0000000083a00000, 0x0000000083a00000, 0x0000000083b00000|  0%| F|  |TAMS 0x0000000083a00000, 0x0000000083a00000| Untracked 
|  33|0x0000000083b00000, 0x0000000083b00000, 0x0000000083c00000|  0%| F|  |TAMS 0x0000000083b00000, 0x0000000083b00000| Untracked 
|  34|0x0000000083c00000, 0x0000000083c00000, 0x0000000083d00000|  0%| F|  |TAMS 0x0000000083c00000, 0x0000000083c00000| Untracked 
|  35|0x0000000083d00000, 0x0000000083d00000, 0x0000000083e00000|  0%| F|  |TAMS 0x0000000083d00000, 0x0000000083d00000| Untracked 
|  36|0x0000000083e00000, 0x0000000083e00000, 0x0000000083f00000|  0%| F|  |TAMS 0x0000000083e00000, 0x0000000083e00000| Untracked 
|  37|0x0000000083f00000, 0x0000000083f00000, 0x0000000084000000|  0%| F|  |TAMS 0x0000000083f00000, 0x0000000083f00000| Untracked 
|  38|0x0000000084000000, 0x0000000084000000, 0x0000000084100000|  0%| F|  |TAMS 0x0000000084000000, 0x0000000084000000| Untracked 
|  39|0x0000000084100000, 0x0000000084100000, 0x0000000084200000|  0%| F|  |TAMS 0x0000000084100000, 0x0000000084100000| Untracked 
|  40|0x0000000084200000, 0x0000000084200000, 0x0000000084300000|  0%| F|  |TAMS 0x0000000084200000, 0x0000000084200000| Untracked 
|  41|0x0000000084300000, 0x0000000084300000, 0x0000000084400000|  0%| F|  |TAMS 0x0000000084300000, 0x0000000084300000| Untracked 
|  42|0x0000000084400000, 0x0000000084400000, 0x0000000084500000|  0%| F|  |TAMS 0x0000000084400000, 0x0000000084400000| Untracked 
|  43|0x0000000084500000, 0x0000000084500000, 0x0000000084600000|  0%| F|  |TAMS 0x0000000084500000, 0x0000000084500000| Untracked 
|  44|0x0000000084600000, 0x0000000084600000, 0x0000000084700000|  0%| F|  |TAMS 0x0000000084600000, 0x0000000084600000| Untracked 
|  45|0x0000000084700000, 0x0000000084700000, 0x0000000084800000|  0%| F|  |TAMS 0x0000000084700000, 0x0000000084700000| Untracked 
|  46|0x0000000084800000, 0x0000000084800000, 0x0000000084900000|  0%| F|  |TAMS 0x0000000084800000, 0x0000000084800000| Untracked 
|  47|0x0000000084900000, 0x0000000084900000, 0x0000000084a00000|  0%| F|  |TAMS 0x0000000084900000, 0x0000000084900000| Untracked 
|  48|0x0000000084a00000, 0x0000000084a00000, 0x0000000084b00000|  0%| F|  |TAMS 0x0000000084a00000, 0x0000000084a00000| Untracked 
|  49|0x0000000084b00000, 0x0000000084b00000, 0x0000000084c00000|  0%| F|  |TAMS 0x0000000084b00000, 0x0000000084b00000| Untracked 
|  50|0x0000000084c00000, 0x0000000084c00000, 0x0000000084d00000|  0%| F|  |TAMS 0x0000000084c00000, 0x0000000084c00000| Untracked 
|  51|0x0000000084d00000, 0x0000000084d00000, 0x0000000084e00000|  0%| F|  |TAMS 0x0000000084d00000, 0x0000000084d00000| Untracked 
|  52|0x0000000084e00000, 0x0000000084e00000, 0x0000000084f00000|  0%| F|  |TAMS 0x0000000084e00000, 0x0000000084e00000| Untracked 
|  53|0x0000000084f00000, 0x0000000084f00000, 0x0000000085000000|  0%| F|  |TAMS 0x0000000084f00000, 0x0000000084f00000| Untracked 
|  54|0x0000000085000000, 0x0000000085000000, 0x0000000085100000|  0%| F|  |TAMS 0x0000000085000000, 0x0000000085000000| Untracked 
|  55|0x0000000085100000, 0x0000000085100000, 0x0000000085200000|  0%| F|  |TAMS 0x0000000085100000, 0x0000000085100000| Untracked 
|  56|0x0000000085200000, 0x0000000085200000, 0x0000000085300000|  0%| F|  |TAMS 0x0000000085200000, 0x0000000085200000| Untracked 
|  57|0x0000000085300000, 0x0000000085300000, 0x0000000085400000|  0%| F|  |TAMS 0x0000000085300000, 0x0000000085300000| Untracked 
|  58|0x0000000085400000, 0x0000000085400000, 0x0000000085500000|  0%| F|  |TAMS 0x0000000085400000, 0x0000000085400000| Untracked 
|  59|0x0000000085500000, 0x0000000085500000, 0x0000000085600000|  0%| F|  |TAMS 0x0000000085500000, 0x0000000085500000| Untracked 
|  60|0x0000000085600000, 0x0000000085600000, 0x0000000085700000|  0%| F|  |TAMS 0x0000000085600000, 0x0000000085600000| Untracked 
|  61|0x0000000085700000, 0x0000000085700000, 0x0000000085800000|  0%| F|  |TAMS 0x0000000085700000, 0x0000000085700000| Untracked 
|  62|0x0000000085800000, 0x0000000085800000, 0x0000000085900000|  0%| F|  |TAMS 0x0000000085800000, 0x0000000085800000| Untracked 
|  63|0x0000000085900000, 0x0000000085900000, 0x0000000085a00000|  0%| F|  |TAMS 0x0000000085900000, 0x0000000085900000| Untracked 
|  64|0x0000000085a00000, 0x0000000085a00000, 0x0000000085b00000|  0%| F|  |TAMS 0x0000000085a00000, 0x0000000085a00000| Untracked 
|  65|0x0000000085b00000, 0x0000000085b00000, 0x0000000085c00000|  0%| F|  |TAMS 0x0000000085b00000, 0x0000000085b00000| Untracked 
|  66|0x0000000085c00000, 0x0000000085c00000, 0x0000000085d00000|  0%| F|  |TAMS 0x0000000085c00000, 0x0000000085c00000| Untracked 
|  67|0x0000000085d00000, 0x0000000085d00000, 0x0000000085e00000|  0%| F|  |TAMS 0x0000000085d00000, 0x0000000085d00000| Untracked 
|  68|0x0000000085e00000, 0x0000000085e00000, 0x0000000085f00000|  0%| F|  |TAMS 0x0000000085e00000, 0x0000000085e00000| Untracked 
|  69|0x0000000085f00000, 0x0000000085f00000, 0x0000000086000000|  0%| F|  |TAMS 0x0000000085f00000, 0x0000000085f00000| Untracked 
|  70|0x0000000086000000, 0x0000000086000000, 0x0000000086100000|  0%| F|  |TAMS 0x0000000086000000, 0x0000000086000000| Untracked 
|  71|0x0000000086100000, 0x0000000086100000, 0x0000000086200000|  0%| F|  |TAMS 0x0000000086100000, 0x0000000086100000| Untracked 
|  72|0x0000000086200000, 0x0000000086200000, 0x0000000086300000|  0%| F|  |TAMS 0x0000000086200000, 0x0000000086200000| Untracked 
|  73|0x0000000086300000, 0x0000000086300000, 0x0000000086400000|  0%| F|  |TAMS 0x0000000086300000, 0x0000000086300000| Untracked 
|  74|0x0000000086400000, 0x0000000086400000, 0x0000000086500000|  0%| F|  |TAMS 0x0000000086400000, 0x0000000086400000| Untracked 
|  75|0x0000000086500000, 0x0000000086500000, 0x0000000086600000|  0%| F|  |TAMS 0x0000000086500000, 0x0000000086500000| Untracked 
|  76|0x0000000086600000, 0x0000000086600800, 0x0000000086700000|  0%| E|  |TAMS 0x0000000086600000, 0x0000000086600000| Complete 
|  77|0x0000000086700000, 0x0000000086800000, 0x0000000086800000|100%| E|CS|TAMS 0x0000000086700000, 0x0000000086700000| Complete 
|  78|0x0000000086800000, 0x0000000086900000, 0x0000000086900000|100%| E|CS|TAMS 0x0000000086800000, 0x0000000086800000| Complete 
|  79|0x0000000086900000, 0x0000000086a00000, 0x0000000086a00000|100%| E|CS|TAMS 0x0000000086900000, 0x0000000086900000| Complete 
|  80|0x0000000086a00000, 0x0000000086b00000, 0x0000000086b00000|100%| E|CS|TAMS 0x0000000086a00000, 0x0000000086a00000| Complete 
|  81|0x0000000086b00000, 0x0000000086c00000, 0x0000000086c00000|100%| E|CS|TAMS 0x0000000086b00000, 0x0000000086b00000| Complete 
|  82|0x0000000086c00000, 0x0000000086d00000, 0x0000000086d00000|100%| E|CS|TAMS 0x0000000086c00000, 0x0000000086c00000| Complete 
|  83|0x0000000086d00000, 0x0000000086e00000, 0x0000000086e00000|100%| E|CS|TAMS 0x0000000086d00000, 0x0000000086d00000| Complete 
|  84|0x0000000086e00000, 0x0000000086f00000, 0x0000000086f00000|100%| E|CS|TAMS 0x0000000086e00000, 0x0000000086e00000| Complete 
|  85|0x0000000086f00000, 0x0000000087000000, 0x0000000087000000|100%| E|CS|TAMS 0x0000000086f00000, 0x0000000086f00000| Complete 
|  86|0x0000000087000000, 0x0000000087100000, 0x0000000087100000|100%| E|CS|TAMS 0x0000000087000000, 0x0000000087000000| Complete 
|  87|0x0000000087100000, 0x0000000087200000, 0x0000000087200000|100%| E|CS|TAMS 0x0000000087100000, 0x0000000087100000| Complete 
|  88|0x0000000087200000, 0x0000000087300000, 0x0000000087300000|100%| E|CS|TAMS 0x0000000087200000, 0x0000000087200000| Complete 
|  89|0x0000000087300000, 0x0000000087400000, 0x0000000087400000|100%| E|CS|TAMS 0x0000000087300000, 0x0000000087300000| Complete 
|  90|0x0000000087400000, 0x0000000087500000, 0x0000000087500000|100%| E|CS|TAMS 0x0000000087400000, 0x0000000087400000| Complete 
|  91|0x0000000087500000, 0x0000000087600000, 0x0000000087600000|100%| E|CS|TAMS 0x0000000087500000, 0x0000000087500000| Complete 
|  92|0x0000000087600000, 0x0000000087700000, 0x0000000087700000|100%| E|CS|TAMS 0x0000000087600000, 0x0000000087600000| Complete 
|  93|0x0000000087700000, 0x0000000087800000, 0x0000000087800000|100%| E|CS|TAMS 0x0000000087700000, 0x0000000087700000| Complete 
|  94|0x0000000087800000, 0x0000000087900000, 0x0000000087900000|100%| E|CS|TAMS 0x0000000087800000, 0x0000000087800000| Complete 
|  95|0x0000000087900000, 0x0000000087a00000, 0x0000000087a00000|100%| E|CS|TAMS 0x0000000087900000, 0x0000000087900000| Complete 
|  96|0x0000000087a00000, 0x0000000087b00000, 0x0000000087b00000|100%| E|CS|TAMS 0x0000000087a00000, 0x0000000087a00000| Complete 
|  97|0x0000000087b00000, 0x0000000087c00000, 0x0000000087c00000|100%| E|CS|TAMS 0x0000000087b00000, 0x0000000087b00000| Complete 
|  98|0x0000000087c00000, 0x0000000087d00000, 0x0000000087d00000|100%| E|CS|TAMS 0x0000000087c00000, 0x0000000087c00000| Complete 
|  99|0x0000000087d00000, 0x0000000087e00000, 0x0000000087e00000|100%| E|CS|TAMS 0x0000000087d00000, 0x0000000087d00000| Complete 
| 100|0x0000000087e00000, 0x0000000087f00000, 0x0000000087f00000|100%| E|CS|TAMS 0x0000000087e00000, 0x0000000087e00000| Complete 
| 101|0x0000000087f00000, 0x0000000088000000, 0x0000000088000000|100%| E|CS|TAMS 0x0000000087f00000, 0x0000000087f00000| Complete 
| 102|0x0000000088000000, 0x0000000088100000, 0x0000000088100000|100%| E|CS|TAMS 0x0000000088000000, 0x0000000088000000| Complete 
| 103|0x0000000088100000, 0x0000000088200000, 0x0000000088200000|100%| E|CS|TAMS 0x0000000088100000, 0x0000000088100000| Complete 
| 104|0x0000000088200000, 0x0000000088300000, 0x0000000088300000|100%| E|CS|TAMS 0x0000000088200000, 0x0000000088200000| Complete 
| 105|0x0000000088300000, 0x0000000088400000, 0x0000000088400000|100%| E|CS|TAMS 0x0000000088300000, 0x0000000088300000| Complete 
| 106|0x0000000088400000, 0x0000000088500000, 0x0000000088500000|100%| E|CS|TAMS 0x0000000088400000, 0x0000000088400000| Complete 
| 107|0x0000000088500000, 0x0000000088600000, 0x0000000088600000|100%| E|CS|TAMS 0x0000000088500000, 0x0000000088500000| Complete 
| 108|0x0000000088600000, 0x0000000088700000, 0x0000000088700000|100%| E|CS|TAMS 0x0000000088600000, 0x0000000088600000| Complete 
| 109|0x0000000088700000, 0x0000000088800000, 0x0000000088800000|100%| E|CS|TAMS 0x0000000088700000, 0x0000000088700000| Complete 
| 110|0x0000000088800000, 0x0000000088900000, 0x0000000088900000|100%| E|CS|TAMS 0x0000000088800000, 0x0000000088800000| Complete 
| 111|0x0000000088900000, 0x0000000088a00000, 0x0000000088a00000|100%| E|CS|TAMS 0x0000000088900000, 0x0000000088900000| Complete 
| 112|0x0000000088a00000, 0x0000000088b00000, 0x0000000088b00000|100%| E|CS|TAMS 0x0000000088a00000, 0x0000000088a00000| Complete 
| 113|0x0000000088b00000, 0x0000000088c00000, 0x0000000088c00000|100%| E|CS|TAMS 0x0000000088b00000, 0x0000000088b00000| Complete 
| 114|0x0000000088c00000, 0x0000000088d00000, 0x0000000088d00000|100%| E|CS|TAMS 0x0000000088c00000, 0x0000000088c00000| Complete 
| 115|0x0000000088d00000, 0x0000000088e00000, 0x0000000088e00000|100%| E|CS|TAMS 0x0000000088d00000, 0x0000000088d00000| Complete 
| 116|0x0000000088e00000, 0x0000000088f00000, 0x0000000088f00000|100%| E|CS|TAMS 0x0000000088e00000, 0x0000000088e00000| Complete 
| 117|0x0000000088f00000, 0x0000000088fd31d8, 0x0000000089000000| 82%| S|CS|TAMS 0x0000000088f00000, 0x0000000088f00000| Complete 
| 118|0x0000000089000000, 0x0000000089100000, 0x0000000089100000|100%| E|CS|TAMS 0x0000000089000000, 0x0000000089000000| Complete 
| 119|0x0000000089100000, 0x0000000089200000, 0x0000000089200000|100%| E|CS|TAMS 0x0000000089100000, 0x0000000089100000| Complete 
| 120|0x0000000089200000, 0x0000000089300000, 0x0000000089300000|100%| E|CS|TAMS 0x0000000089200000, 0x0000000089200000| Complete 
| 121|0x0000000089300000, 0x0000000089400000, 0x0000000089400000|100%| E|CS|TAMS 0x0000000089300000, 0x0000000089300000| Complete 
| 122|0x0000000089400000, 0x0000000089500000, 0x0000000089500000|100%| E|CS|TAMS 0x0000000089400000, 0x0000000089400000| Complete 
| 123|0x0000000089500000, 0x0000000089600000, 0x0000000089600000|100%| E|CS|TAMS 0x0000000089500000, 0x0000000089500000| Complete 
| 124|0x0000000089600000, 0x0000000089700000, 0x0000000089700000|100%| E|CS|TAMS 0x0000000089600000, 0x0000000089600000| Complete 
| 125|0x0000000089700000, 0x0000000089800000, 0x0000000089800000|100%| E|CS|TAMS 0x0000000089700000, 0x0000000089700000| Complete 
| 126|0x0000000089800000, 0x0000000089900000, 0x0000000089900000|100%| E|CS|TAMS 0x0000000089800000, 0x0000000089800000| Complete 
| 127|0x0000000089900000, 0x0000000089a00000, 0x0000000089a00000|100%| E|CS|TAMS 0x0000000089900000, 0x0000000089900000| Complete 

Card table byte_map: [0x0000021df9b70000,0x0000021df9f70000] _byte_map_base: 0x0000021df9763000

Marking Bits (Prev, Next): (CMBitMap*) 0x0000021df96d0250, (CMBitMap*) 0x0000021df96d0290
 Prev Bits: [0x0000021dfa370000, 0x0000021dfc308000)
 Next Bits: [0x0000021dfc310000, 0x0000021dfe2a8000)

Polling page: 0x0000021df8e70000

Metaspace:

Usage:
  Non-class:      6.74 MB capacity,     5.01 MB ( 74%) used,     1.72 MB ( 26%) free+waste,     9.25 KB ( <1%) overhead. 
      Class:    572.00 KB capacity,   363.68 KB ( 64%) used,   204.63 KB ( 36%) free+waste,     3.69 KB ( <1%) overhead. 
       Both:      7.29 MB capacity,     5.36 MB ( 74%) used,     1.92 MB ( 26%) free+waste,    12.94 KB ( <1%) overhead. 

Virtual space:
  Non-class space:        8.00 MB reserved,       7.00 MB ( 88%) committed 
      Class space:        1.00 GB reserved,     640.00 KB ( <1%) committed 
             Both:        1.01 GB reserved,       7.63 MB ( <1%) committed 

Chunk freelists:
   Non-Class:  78.00 KB
       Class:  4.00 KB
        Both:  82.00 KB

MaxMetaspaceSize: 17179869184.00 GB
CompressedClassSpaceSize: 1.00 GB

CodeHeap 'non-profiled nmethods': size=120064Kb used=323Kb max_used=323Kb free=119740Kb
 bounds [0x0000021d8ff40000, 0x0000021d901b0000, 0x0000021d97480000]
CodeHeap 'profiled nmethods': size=120000Kb used=1548Kb max_used=1548Kb free=118451Kb
 bounds [0x0000021d88a10000, 0x0000021d88c80000, 0x0000021d8ff40000]
CodeHeap 'non-nmethods': size=5696Kb used=1636Kb max_used=1655Kb free=4059Kb
 bounds [0x0000021d88480000, 0x0000021d886f0000, 0x0000021d88a10000]
 total_blobs=2051 nmethods=1011 adapters=954
 compilation: enabled
              stopped_count=0, restarted_count=0
 full_count=0

Compilation events (20 events):
Event: 5.268 Thread 0x0000021dfe442430 1002       3       java.nio.ByteBuffer::arrayOffset (35 bytes)
Event: 5.268 Thread 0x0000021dfe442430 nmethod 1002 0x0000021d88b8eb10 code [0x0000021d88b8ece0, 0x0000021d88b8efb8]
Event: 10.268 Thread 0x0000021dfe442430 1003       3       java.util.regex.Pattern$GroupHead::match (47 bytes)
Event: 10.268 Thread 0x0000021dfe442430 nmethod 1003 0x0000021d88b8f110 code [0x0000021d88b8f2c0, 0x0000021d88b8f528]
Event: 10.268 Thread 0x0000021dfe442430 1004       3       java.util.regex.Matcher::start (65 bytes)
Event: 10.269 Thread 0x0000021dfe442430 nmethod 1004 0x0000021d88b8f710 code [0x0000021d88b8f960, 0x0000021d88b901c8]
Event: 11.267 Thread 0x0000021dfe442430 1005       3       java.nio.CharBuffer::arrayOffset (35 bytes)
Event: 11.268 Thread 0x0000021dfe442430 nmethod 1005 0x0000021d88b90590 code [0x0000021d88b90760, 0x0000021d88b90a38]
Event: 11.268 Thread 0x0000021dfe442430 1006       3       java.nio.ByteBuffer::flip (7 bytes)
Event: 11.268 Thread 0x0000021dfe442430 nmethod 1006 0x0000021d88b90b90 code [0x0000021d88b90d20, 0x0000021d88b90e98]
Event: 13.268 Thread 0x0000021dfe442430 1007       3       java.util.regex.Matcher::reset (128 bytes)
Event: 13.268 Thread 0x0000021dfe442430 nmethod 1007 0x0000021d88b90f90 code [0x0000021d88b91180, 0x0000021d88b91738]
Event: 16.268 Thread 0x0000021dfe442430 1008       3       java.nio.charset.CoderResult::isUnderflow (13 bytes)
Event: 16.269 Thread 0x0000021dfe442430 nmethod 1008 0x0000021d88b91990 code [0x0000021d88b91b20, 0x0000021d88b91c78]
Event: 18.268 Thread 0x0000021dfe442430 1009       3       java.io.BufferedWriter::ensureOpen (18 bytes)
Event: 18.268 Thread 0x0000021dfe442430 nmethod 1009 0x0000021d88b91d10 code [0x0000021d88b91ec0, 0x0000021d88b920c8]
Event: 19.268 Thread 0x0000021dfe442430 1010       3       java.util.regex.Pattern$Branch::match (66 bytes)
Event: 19.268 Thread 0x0000021dfe442430 nmethod 1010 0x0000021d88b92190 code [0x0000021d88b92360, 0x0000021d88b92818]
Event: 20.267 Thread 0x0000021dfe442430 1011       3       java.util.regex.Matcher::search (154 bytes)
Event: 20.268 Thread 0x0000021dfe442430 nmethod 1011 0x0000021d88b92a10 code [0x0000021d88b92c00, 0x0000021d88b93198]

GC Heap History (6 events):
Event: 0.303 GC heap before
{Heap before GC invocations=0 (full 0):
 garbage-first heap   total 131072K, used 5120K [0x0000000081a00000, 0x0000000100000000)
  region size 1024K, 6 young (6144K), 0 survivors (0K)
 Metaspace       used 1455K, capacity 4759K, committed 4864K, reserved 1056768K
  class space    used 158K, capacity 433K, committed 512K, reserved 1048576K
}
Event: 0.307 GC heap after
{Heap after GC invocations=1 (full 0):
 garbage-first heap   total 131072K, used 3886K [0x0000000081a00000, 0x0000000100000000)
  region size 1024K, 1 young (1024K), 1 survivors (1024K)
 Metaspace       used 1455K, capacity 4759K, committed 4864K, reserved 1056768K
  class space    used 158K, capacity 433K, committed 512K, reserved 1048576K
}
Event: 0.670 GC heap before
{Heap before GC invocations=1 (full 0):
 garbage-first heap   total 131072K, used 7982K [0x0000000081a00000, 0x0000000100000000)
  region size 1024K, 6 young (6144K), 1 survivors (1024K)
 Metaspace       used 4075K, capacity 6445K, committed 6784K, reserved 1056768K
  class space    used 302K, capacity 529K, committed 640K, reserved 1048576K
}
Event: 0.672 GC heap after
{Heap after GC invocations=2 (full 0):
 garbage-first heap   total 131072K, used 4461K [0x0000000081a00000, 0x0000000100000000)
  region size 1024K, 1 young (1024K), 1 survivors (1024K)
 Metaspace       used 4075K, capacity 6445K, committed 6784K, reserved 1056768K
  class space    used 302K, capacity 529K, committed 640K, reserved 1048576K
}
Event: 3.060 GC heap before
{Heap before GC invocations=2 (full 0):
 garbage-first heap   total 131072K, used 13677K [0x0000000081a00000, 0x0000000100000000)
  region size 1024K, 10 young (10240K), 1 survivors (1024K)
 Metaspace       used 5477K, capacity 7470K, committed 7808K, reserved 1056768K
  class space    used 362K, capacity 572K, committed 640K, reserved 1048576K
}
Event: 3.062 GC heap after
{Heap after GC invocations=3 (full 0):
 garbage-first heap   total 131072K, used 4566K [0x0000000081a00000, 0x0000000100000000)
  region size 1024K, 1 young (1024K), 1 survivors (1024K)
 Metaspace       used 5477K, capacity 7470K, committed 7808K, reserved 1056768K
  class space    used 362K, capacity 572K, committed 640K, reserved 1048576K
}

Deoptimization events (20 events):
Event: 1.108 Thread 0x0000021dfef96200 DEOPT PACKING pc=0x0000021d8ff8b258 sp=0x00000071f82fed80
Event: 1.108 Thread 0x0000021dfef96200 DEOPT UNPACKING pc=0x0000021d884ce129 sp=0x00000071f82fed20 mode 2
Event: 1.268 Thread 0x0000021dfef96200 Uncommon trap: trap_request=0xffffff45 fr.pc=0x0000021d8ff8fa84 relative=0x0000000000000084
Event: 1.268 Thread 0x0000021dfef96200 Uncommon trap: reason=unstable_if action=reinterpret pc=0x0000021d8ff8fa84 method=KAGO_framework.Core.GameManager.printStats()V @ 22 c2
Event: 1.268 Thread 0x0000021dfef96200 DEOPT PACKING pc=0x0000021d8ff8fa84 sp=0x00000071f82fee50
Event: 1.268 Thread 0x0000021dfef96200 DEOPT UNPACKING pc=0x0000021d884ce129 sp=0x00000071f82fee10 mode 2
Event: 3.196 Thread 0x0000021dfef96200 DEOPT PACKING pc=0x0000021d88b8d576 sp=0x00000071f82feea0
Event: 3.196 Thread 0x0000021dfef96200 DEOPT UNPACKING pc=0x0000021d884cdf30 sp=0x00000071f82fe370 mode 0
Event: 3.446 Thread 0x0000021dfef96200 DEOPT PACKING pc=0x0000021d88b8d576 sp=0x00000071f82feea0
Event: 3.446 Thread 0x0000021dfef96200 DEOPT UNPACKING pc=0x0000021d884cdf30 sp=0x00000071f82fe370 mode 0
Event: 3.700 Thread 0x0000021dfef96200 DEOPT PACKING pc=0x0000021d88b8d576 sp=0x00000071f82feea0
Event: 3.700 Thread 0x0000021dfef96200 DEOPT UNPACKING pc=0x0000021d884cdf30 sp=0x00000071f82fe370 mode 0
Event: 3.933 Thread 0x0000021dfef96200 DEOPT PACKING pc=0x0000021d88b8d576 sp=0x00000071f82feea0
Event: 3.933 Thread 0x0000021dfef96200 DEOPT UNPACKING pc=0x0000021d884cdf30 sp=0x00000071f82fe370 mode 0
Event: 4.141 Thread 0x0000021dfef96200 DEOPT PACKING pc=0x0000021d88b8d576 sp=0x00000071f82feea0
Event: 4.141 Thread 0x0000021dfef96200 DEOPT UNPACKING pc=0x0000021d884cdf30 sp=0x00000071f82fe370 mode 0
Event: 25.471 Thread 0x0000021dfef96200 Uncommon trap: trap_request=0xffffff45 fr.pc=0x0000021d8ff90698 relative=0x0000000000000338
Event: 25.471 Thread 0x0000021dfef96200 Uncommon trap: reason=unstable_if action=reinterpret pc=0x0000021d8ff90698 method=org.lwjgl.glfw.GLFW.glfwWindowShouldClose(J)Z @ 20 c2
Event: 25.471 Thread 0x0000021dfef96200 DEOPT PACKING pc=0x0000021d8ff90698 sp=0x00000071f82feee0
Event: 25.471 Thread 0x0000021dfef96200 DEOPT UNPACKING pc=0x0000021d884ce129 sp=0x00000071f82fee00 mode 2

Classes unloaded (0 events):
No events

Classes redefined (0 events):
No events

Internal exceptions (20 events):
Event: 0.333 Thread 0x0000021dfef96200 Exception <a 'java/lang/NoSuchMethodError'{0x00000000899c56d0}: 'java.lang.Object java.lang.invoke.DirectMethodHandle$Holder.invokeStatic(java.lang.Object, java.lang.Object, int)'> (0x00000000899c56d0) 
thrown [./src/hotspot/share/interpreter/linkResolver.cpp, line 782]
Event: 0.335 Thread 0x0000021dfef96200 Exception <a 'java/lang/NoSuchMethodError'{0x00000000899d1818}: 'void java.lang.invoke.DelegatingMethodHandle$Holder.delegate(java.lang.Object, java.lang.Object, int, java.lang.Object)'> (0x00000000899d1818) 
thrown [./src/hotspot/share/interpreter/linkResolver.cpp, line 782]
Event: 0.336 Thread 0x0000021dfef96200 Exception <a 'java/lang/NoSuchMethodError'{0x00000000899d5f58}: 'int java.lang.invoke.DirectMethodHandle$Holder.invokeSpecial(java.lang.Object, java.lang.Object, java.lang.Object)'> (0x00000000899d5f58) 
thrown [./src/hotspot/share/interpreter/linkResolver.cpp, line 782]
Event: 0.376 Thread 0x0000021dfef96200 Exception <a 'sun/nio/fs/WindowsException'{0x00000000898433a0}> (0x00000000898433a0) 
thrown [./src/hotspot/share/prims/jni.cpp, line 578]
Event: 0.376 Thread 0x0000021dfef96200 Exception <a 'sun/nio/fs/WindowsException'{0x00000000898438f0}> (0x00000000898438f0) 
thrown [./src/hotspot/share/prims/jni.cpp, line 578]
Event: 0.402 Thread 0x0000021dfef96200 Exception <a 'java/lang/NoSuchMethodError'{0x00000000898bd7f8}: 'int java.lang.invoke.DirectMethodHandle$Holder.invokeStaticInit(java.lang.Object, java.lang.Object, int, long)'> (0x00000000898bd7f8) 
thrown [./src/hotspot/share/interpreter/linkResolver.cpp, line 782]
Event: 0.411 Thread 0x0000021dfef96200 Exception <a 'java/lang/NoSuchMethodError'{0x00000000898c32c8}: 'java.lang.Object java.lang.invoke.DirectMethodHandle$Holder.newInvokeSpecial(java.lang.Object, java.lang.Object, int)'> (0x00000000898c32c8) 
thrown [./src/hotspot/share/interpreter/linkResolver.cpp, line 782]
Event: 0.417 Thread 0x0000021dfef96200 Exception <a 'java/lang/NoSuchMethodError'{0x00000000898d3ac8}: 'int java.lang.invoke.DirectMethodHandle$Holder.invokeStaticInit(java.lang.Object, java.lang.Object, long, long)'> (0x00000000898d3ac8) 
thrown [./src/hotspot/share/interpreter/linkResolver.cpp, line 782]
Event: 0.418 Thread 0x0000021dfef96200 Exception <a 'java/lang/NoSuchMethodError'{0x00000000898da250}: 'java.lang.Object java.lang.invoke.DirectMethodHandle$Holder.newInvokeSpecial(java.lang.Object, java.lang.Object, long)'> (0x00000000898da250) 
thrown [./src/hotspot/share/interpreter/linkResolver.cpp, line 782]
Event: 0.418 Thread 0x0000021dfef96200 Exception <a 'java/lang/NoSuchMethodError'{0x00000000898de640}: 'java.lang.Object java.lang.invoke.Invokers$Holder.linkToTargetMethod(java.lang.Object, long, java.lang.Object)'> (0x00000000898de640) 
thrown [./src/hotspot/share/interpreter/linkResolver.cpp, line 782]
Event: 0.419 Thread 0x0000021dfef96200 Exception <a 'java/lang/NoSuchMethodError'{0x00000000898e6020}: 'int java.lang.invoke.DirectMethodHandle$Holder.invokeStaticInit(java.lang.Object, java.lang.Object, java.lang.Object, long)'> (0x00000000898e6020) 
thrown [./src/hotspot/share/interpreter/linkResolver.cpp, line 782]
Event: 0.454 Thread 0x0000021dfef96200 Exception <a 'sun/nio/fs/WindowsException'{0x00000000897b0560}> (0x00000000897b0560) 
thrown [./src/hotspot/share/prims/jni.cpp, line 578]
Event: 0.454 Thread 0x0000021dfef96200 Exception <a 'sun/nio/fs/WindowsException'{0x00000000897b08c0}> (0x00000000897b08c0) 
thrown [./src/hotspot/share/prims/jni.cpp, line 578]
Event: 0.593 Thread 0x0000021dfef96200 Exception <a 'sun/nio/fs/WindowsException'{0x0000000089693730}> (0x0000000089693730) 
thrown [./src/hotspot/share/prims/jni.cpp, line 578]
Event: 0.593 Thread 0x0000021dfef96200 Exception <a 'sun/nio/fs/WindowsException'{0x0000000089693ad0}> (0x0000000089693ad0) 
thrown [./src/hotspot/share/prims/jni.cpp, line 578]
Event: 0.597 Thread 0x0000021dfef96200 Exception <a 'sun/nio/fs/WindowsException'{0x00000000896a8060}> (0x00000000896a8060) 
thrown [./src/hotspot/share/prims/jni.cpp, line 578]
Event: 0.597 Thread 0x0000021dfef96200 Exception <a 'sun/nio/fs/WindowsException'{0x00000000896a8330}> (0x00000000896a8330) 
thrown [./src/hotspot/share/prims/jni.cpp, line 578]
Event: 0.715 Thread 0x0000021dfef96200 Exception <a 'java/lang/ClassNotFoundException'{0x00000000898b10e0}: sun/awt/resources/spi/awtProvider> (0x00000000898b10e0) 
thrown [./src/hotspot/share/classfile/systemDictionary.cpp, line 295]
Event: 0.722 Thread 0x0000021dfef96200 Exception <a 'java/io/FileNotFoundException'{0x00000000898c29e8}> (0x00000000898c29e8) 
thrown [./src/hotspot/share/prims/jni.cpp, line 578]
Event: 0.740 Thread 0x0000021dfef96200 Exception <a 'java/io/FileNotFoundException'{0x0000000089700be8}> (0x0000000089700be8) 
thrown [./src/hotspot/share/prims/jni.cpp, line 578]

Events (20 events):
Event: 0.928 loading class java/util/LinkedHashMap$LinkedKeySet
Event: 0.928 loading class java/util/LinkedHashMap$LinkedKeySet done
Event: 0.928 loading class sun/util/resources/TimeZoneNames
Event: 0.928 loading class sun/util/resources/TimeZoneNames done
Event: 0.929 loading class sun/util/resources/TimeZoneNames_en
Event: 0.929 loading class sun/util/resources/TimeZoneNames_en done
Event: 0.984 Loaded shared library C:\Users\hamms\AppData\Local\Temp\lwjgl_hamms\3.3.3+5\x64\lwjgl_opengl.dll
Event: 0.995 Loaded shared library C:\Users\hamms\AppData\Local\Temp\lwjgl_hamms\3.3.3+5\x64\lwjgl_opengl.dll
Event: 1.003 Loaded shared library C:\Users\hamms\AppData\Local\Temp\lwjgl_hamms\3.3.3+5\x64\lwjgl_opengl.dll
Event: 1.011 Loaded shared library C:\Users\hamms\AppData\Local\Temp\lwjgl_hamms\3.3.3+5\x64\lwjgl_opengl.dll
Event: 1.023 Loaded shared library C:\Users\hamms\.jdks\azul-15.0.10\bin\java.dll
Event: 1.027 Loaded shared library C:\Users\hamms\AppData\Local\Temp\lwjgl_hamms\3.3.3+5\x64\lwjgl.dll
Event: 1.031 Loaded shared library C:\Users\hamms\AppData\Local\Temp\lwjgl_hamms\3.3.3+5\x64\lwjgl.dll
Event: 3.060 Executing VM operation: G1CollectForAllocation
Event: 3.062 Executing VM operation: G1CollectForAllocation done
Event: 38.563 loading class jdk/internal/misc/Signal$1
Event: 38.563 loading class jdk/internal/misc/Signal$1 done
Event: 38.564 Thread 0x0000021dff848ad0 Thread added: 0x0000021dff848ad0
Event: 38.564 Thread 0x0000021dfe436c50 Thread exited: 0x0000021dfe436c50
Event: 38.564 Executing VM operation: Exit


Dynamic libraries:
0x00007ff608fd0000 - 0x00007ff608fdd000 	C:\Users\hamms\.jdks\azul-15.0.10\bin\java.exe
0x00007ffc49470000 - 0x00007ffc49668000 	C:\WINDOWS\SYSTEM32\ntdll.dll
0x00007ffc49210000 - 0x00007ffc492cd000 	C:\WINDOWS\System32\KERNEL32.DLL
0x00007ffc471d0000 - 0x00007ffc474c6000 	C:\WINDOWS\System32\KERNELBASE.dll
0x00007ffc46cb0000 - 0x00007ffc46db0000 	C:\WINDOWS\System32\ucrtbase.dll
0x00007ffc2b710000 - 0x00007ffc2b725000 	C:\Users\hamms\.jdks\azul-15.0.10\bin\VCRUNTIME140.dll
0x00007ffc2b730000 - 0x00007ffc2b748000 	C:\Users\hamms\.jdks\azul-15.0.10\bin\jli.dll
0x00007ffc481b0000 - 0x00007ffc4834e000 	C:\WINDOWS\System32\USER32.dll
0x00007ffc471a0000 - 0x00007ffc471c2000 	C:\WINDOWS\System32\win32u.dll
0x00007ffc1d6b0000 - 0x00007ffc1d94a000 	C:\WINDOWS\WinSxS\amd64_microsoft.windows.common-controls_6595b64144ccf1df_6.0.19041.1110_none_60b5254171f9507e\COMCTL32.dll
0x00007ffc48900000 - 0x00007ffc4892c000 	C:\WINDOWS\System32\GDI32.dll
0x00007ffc48930000 - 0x00007ffc489ce000 	C:\WINDOWS\System32\msvcrt.dll
0x00007ffc46f00000 - 0x00007ffc4701a000 	C:\WINDOWS\System32\gdi32full.dll
0x00007ffc47020000 - 0x00007ffc470bd000 	C:\WINDOWS\System32\msvcp_win.dll
0x00007ffc492d0000 - 0x00007ffc49300000 	C:\WINDOWS\System32\IMM32.DLL
0x00007ffc2b670000 - 0x00007ffc2b70b000 	C:\Users\hamms\.jdks\azul-15.0.10\bin\msvcp140.dll
0x00007ffc104c0000 - 0x00007ffc1105c000 	C:\Users\hamms\.jdks\azul-15.0.10\bin\server\jvm.dll
0x00007ffc48420000 - 0x00007ffc484ce000 	C:\WINDOWS\System32\ADVAPI32.dll
0x00007ffc47ff0000 - 0x00007ffc4808c000 	C:\WINDOWS\System32\sechost.dll
0x00007ffc49060000 - 0x00007ffc49186000 	C:\WINDOWS\System32\RPCRT4.dll
0x00007ffc47c20000 - 0x00007ffc47c28000 	C:\WINDOWS\System32\PSAPI.DLL
0x00007ffbe3270000 - 0x00007ffbe3279000 	C:\WINDOWS\SYSTEM32\WSOCK32.dll
0x00007ffc489d0000 - 0x00007ffc48a3b000 	C:\WINDOWS\System32\WS2_32.dll
0x00007ffc1f180000 - 0x00007ffc1f1a7000 	C:\WINDOWS\SYSTEM32\WINMM.dll
0x00007ffc36e40000 - 0x00007ffc36e4a000 	C:\WINDOWS\SYSTEM32\VERSION.dll
0x00007ffc44a00000 - 0x00007ffc44a12000 	C:\WINDOWS\SYSTEM32\kernel.appcore.dll
0x00007ffc2cb30000 - 0x00007ffc2cb3a000 	C:\Users\hamms\.jdks\azul-15.0.10\bin\jimage.dll
0x00007ffc33440000 - 0x00007ffc33624000 	C:\WINDOWS\SYSTEM32\DBGHELP.DLL
0x00007ffc332a0000 - 0x00007ffc332d4000 	C:\WINDOWS\SYSTEM32\dbgcore.DLL
0x00007ffc46db0000 - 0x00007ffc46e32000 	C:\WINDOWS\System32\bcryptPrimitives.dll
0x00007ffc443e0000 - 0x00007ffc443ee000 	C:\Users\hamms\.jdks\azul-15.0.10\bin\instrument.dll
0x00007ffc2b640000 - 0x00007ffc2b665000 	C:\Users\hamms\.jdks\azul-15.0.10\bin\java.dll
0x00007ffc474d0000 - 0x00007ffc47c15000 	C:\WINDOWS\System32\SHELL32.dll
0x00007ffc44c00000 - 0x00007ffc4539b000 	C:\WINDOWS\SYSTEM32\windows.storage.dll
0x00007ffc47c90000 - 0x00007ffc47fe4000 	C:\WINDOWS\System32\combase.dll
0x00007ffc464c0000 - 0x00007ffc464ee000 	C:\WINDOWS\SYSTEM32\Wldp.dll
0x00007ffc49300000 - 0x00007ffc493ad000 	C:\WINDOWS\System32\SHCORE.dll
0x00007ffc483c0000 - 0x00007ffc48415000 	C:\WINDOWS\System32\shlwapi.dll
0x00007ffc46a80000 - 0x00007ffc46aa5000 	C:\WINDOWS\SYSTEM32\profapi.dll
0x00007ffc29720000 - 0x00007ffc29738000 	C:\Users\hamms\.jdks\azul-15.0.10\bin\zip.dll
0x00007ffc2b620000 - 0x00007ffc2b639000 	C:\Users\hamms\.jdks\azul-15.0.10\bin\net.dll
0x00007ffc3f0f0000 - 0x00007ffc3f1fa000 	C:\WINDOWS\SYSTEM32\WINHTTP.dll
0x00007ffc46220000 - 0x00007ffc4628a000 	C:\WINDOWS\system32\mswsock.dll
0x00007ffc2b600000 - 0x00007ffc2b612000 	C:\Users\hamms\.jdks\azul-15.0.10\bin\nio.dll
0x00007ffc3f5a0000 - 0x00007ffc3f5ba000 	C:\Program Files\JetBrains\IntelliJ IDEA 2023.1.2\bin\breakgen64.dll
0x00007ffc223d0000 - 0x00007ffc2244b000 	C:\Users\hamms\AppData\Local\Temp\lwjgl_hamms\3.3.3+5\x64\lwjgl.dll
0x00007ffc21c30000 - 0x00007ffc21cb2000 	C:\Users\hamms\AppData\Local\Temp\lwjgl_hamms\3.3.3+5\x64\glfw.dll
0x00007ffc22380000 - 0x00007ffc223c5000 	C:\WINDOWS\SYSTEM32\dinput8.dll
0x00007ffbd5920000 - 0x00007ffbd5931000 	C:\WINDOWS\SYSTEM32\xinput1_4.dll
0x00007ffc46eb0000 - 0x00007ffc46efe000 	C:\WINDOWS\System32\cfgmgr32.dll
0x00007ffc46870000 - 0x00007ffc468a3000 	C:\WINDOWS\SYSTEM32\DEVOBJ.dll
0x00007ffc44820000 - 0x00007ffc4484f000 	C:\WINDOWS\SYSTEM32\dwmapi.dll
0x00007ffc3e470000 - 0x00007ffc3e5c2000 	C:\WINDOWS\SYSTEM32\inputhost.dll
0x00007ffc484d0000 - 0x00007ffc4859d000 	C:\WINDOWS\System32\OLEAUT32.dll
0x00007ffc42680000 - 0x00007ffc42776000 	C:\WINDOWS\SYSTEM32\PROPSYS.dll
0x00007ffc44080000 - 0x00007ffc44172000 	C:\WINDOWS\SYSTEM32\CoreMessaging.dll
0x00007ffc43d20000 - 0x00007ffc4407e000 	C:\WINDOWS\SYSTEM32\CoreUIComponents.dll
0x00007ffc43600000 - 0x00007ffc43755000 	C:\WINDOWS\SYSTEM32\wintypes.dll
0x00007ffc45c50000 - 0x00007ffc45c83000 	C:\WINDOWS\SYSTEM32\ntmarta.dll
0x00007ffc44530000 - 0x00007ffc445ce000 	C:\WINDOWS\system32\uxtheme.dll
0x00007ffc48090000 - 0x00007ffc481a4000 	C:\WINDOWS\System32\MSCTF.dll
0x00007ffbf5340000 - 0x00007ffbf5465000 	C:\WINDOWS\SYSTEM32\opengl32.dll
0x00007ffbf5310000 - 0x00007ffbf533c000 	C:\WINDOWS\SYSTEM32\GLU32.dll
0x00007ffc485a0000 - 0x00007ffc48649000 	C:\WINDOWS\System32\clbcatq.dll
0x00007ffc0c290000 - 0x00007ffc0d335000 	C:\WINDOWS\System32\DriverStore\FileRepository\iigd_dch.inf_amd64_51f685305808e3a5\ig9icd64.dll
0x00007ffc487d0000 - 0x00007ffc488fa000 	C:\WINDOWS\System32\ole32.dll
0x00007ffc453e0000 - 0x00007ffc454d3000 	C:\WINDOWS\system32\dxgi.dll
0x00007ffc21b00000 - 0x00007ffc21c2c000 	C:\WINDOWS\System32\DriverStore\FileRepository\iigd_dch.inf_amd64_51f685305808e3a5\igdml64.dll
0x00007ffc3e030000 - 0x00007ffc3e439000 	C:\WINDOWS\System32\DriverStore\FileRepository\iigd_dch.inf_amd64_51f685305808e3a5\igdgmm64.dll
0x00007ffc3a810000 - 0x00007ffc3dfa4000 	C:\WINDOWS\System32\DriverStore\FileRepository\iigd_dch.inf_amd64_51f685305808e3a5\igc64.dll
0x00007ffc46900000 - 0x00007ffc4694b000 	C:\WINDOWS\SYSTEM32\powrprof.dll
0x00007ffc468e0000 - 0x00007ffc468f2000 	C:\WINDOWS\SYSTEM32\UMPDC.dll
0x00007ffc21aa0000 - 0x00007ffc21afe000 	C:\Users\hamms\AppData\Local\Temp\lwjgl_hamms\3.3.3+5\x64\lwjgl_opengl.dll
0x00007ffc21900000 - 0x00007ffc21a98000 	C:\Users\hamms\.jdks\azul-15.0.10\bin\awt.dll
0x00007ffc443f0000 - 0x00007ffc44481000 	C:\WINDOWS\SYSTEM32\apphelp.dll
0x00007ffc3e5d0000 - 0x00007ffc3e6ca000 	C:\WINDOWS\SYSTEM32\textinputframework.dll

dbghelp: loaded successfully - version: 4.0.5 - missing functions: none
symbol engine: initialized successfully - sym options: 0x614 - pdb path: .;C:\Users\hamms\.jdks\azul-15.0.10\bin;C:\WINDOWS\SYSTEM32;C:\WINDOWS\WinSxS\amd64_microsoft.windows.common-controls_6595b64144ccf1df_6.0.19041.1110_none_60b5254171f9507e;C:\Users\hamms\.jdks\azul-15.0.10\bin\server;C:\Program Files\JetBrains\IntelliJ IDEA 2023.1.2\bin;C:\Users\hamms\AppData\Local\Temp\lwjgl_hamms\3.3.3+5\x64;C:\WINDOWS\System32\DriverStore\FileRepository\iigd_dch.inf_amd64_51f685305808e3a5

VM Arguments:
jvm_args: -javaagent:C:\Program Files\JetBrains\IntelliJ IDEA 2023.1.2\lib\idea_rt.jar=53179:C:\Program Files\JetBrains\IntelliJ IDEA 2023.1.2\bin -Dfile.encoding=UTF-8 
java_command: Main
java_class_path (initial): C:\Users\hamms\Downloads\KAGO5_Preview\out\production\classes;C:\Users\hamms\Downloads\KAGO5_Preview\out\production\resources;C:\Users\hamms\Downloads\KAGO5_Preview\libs\lwjgl-3.3.3\libs\lwjgl-glfw-javadoc.jar;C:\Users\hamms\Downloads\KAGO5_Preview\libs\lwjgl-3.3.3\libs\lwjgl-glfw-natives-windows.jar;C:\Users\hamms\Downloads\KAGO5_Preview\libs\lwjgl-3.3.3\libs\lwjgl-glfw-sources.jar;C:\Users\hamms\Downloads\KAGO5_Preview\libs\lwjgl-3.3.3\libs\lwjgl-glfw.jar;C:\Users\hamms\Downloads\KAGO5_Preview\libs\lwjgl-3.3.3\libs\lwjgl-javadoc.jar;C:\Users\hamms\Downloads\KAGO5_Preview\libs\lwjgl-3.3.3\libs\lwjgl-natives-windows.jar;C:\Users\hamms\Downloads\KAGO5_Preview\libs\lwjgl-3.3.3\libs\lwjgl-openal-javadoc.jar;C:\Users\hamms\Downloads\KAGO5_Preview\libs\lwjgl-3.3.3\libs\lwjgl-openal-natives-windows.jar;C:\Users\hamms\Downloads\KAGO5_Preview\libs\lwjgl-3.3.3\libs\lwjgl-openal-sources.jar;C:\Users\hamms\Downloads\KAGO5_Preview\libs\lwjgl-3.3.3\libs\lwjgl-openal.jar;C:\Users\hamms\Downloads\KAGO5_Preview\libs\lwjgl-3.3.3\libs\lwjgl-opencl-javadoc.jar;C:\Users\hamms\Downloads\KAGO5_Preview\libs\lwjgl-3.3.3\libs\lwjgl-opencl-sources.jar;C:\Users\hamms\Downloads\KAGO5_Preview\libs\lwjgl-3.3.3\libs\lwjgl-opencl.jar;C:\Users\hamms\Downloads\KAGO5_Preview\libs\lwjgl-3.3.3\libs\lwjgl-opengl-javadoc.jar;C:\Users\hamms\Downloads\KAGO5_Preview\libs\lwjgl-3.3.3\libs\lwjgl-opengl-natives-windows.jar;C:\Users\hamms\Downloads\KAGO5_Preview\libs\lwjgl-3.3.3\libs\lwjgl-opengl-sources.jar;C:\Users\hamms\Downloads\KAGO5_Preview\libs\lwjgl-3.3.3\libs\lwjgl-opengl.jar;C:\Users\hamms\Downloads\KAGO5_Preview\libs\lwjgl-3.3.3\libs\lwjgl-sources.jar;C:\Users\hamms\Downloads\KAGO5_Preview\libs\lwjgl-3.3.3\libs\lwjgl-vulkan-javadoc.jar;C:\Users\hamms\Downloads\KAGO5_Preview\libs\lwjgl-3.3.3\libs\lwjgl-vulkan-sources.jar;C:\Users\hamms\Downloads\KAGO5_Preview\libs\lwjgl-3.3.3\libs\lwjgl-vulkan.jar;C:\Users\hamms\Downloads\KAGO5_Preview\libs\lwjgl-3.3.3\libs\lwjgl.jar;C:\Us
Launcher Type: SUN_STANDARD

[Global flags]
     intx CICompilerCount                          = 2                                         {product} {ergonomic}
     uint ConcGCThreads                            = 1                                         {product} {ergonomic}
     uint G1ConcRefinementThreads                  = 2                                         {product} {ergonomic}
   size_t G1HeapRegionSize                         = 1048576                                   {product} {ergonomic}
    uintx GCDrainStackTargetSize                   = 64                                        {product} {ergonomic}
   size_t InitialHeapSize                          = 134217728                                 {product} {ergonomic}
   size_t MarkStackSize                            = 4194304                                   {product} {ergonomic}
   size_t MaxHeapSize                              = 2120220672                                {product} {ergonomic}
   size_t MaxNewSize                               = 1271922688                                {product} {ergonomic}
   size_t MinHeapDeltaBytes                        = 1048576                                   {product} {ergonomic}
   size_t MinHeapSize                              = 8388608                                   {product} {ergonomic}
    uintx NonNMethodCodeHeapSize                   = 5826188                                {pd product} {ergonomic}
    uintx NonProfiledCodeHeapSize                  = 122916026                              {pd product} {ergonomic}
    uintx ProfiledCodeHeapSize                     = 122916026                              {pd product} {ergonomic}
    uintx ReservedCodeCacheSize                    = 251658240                              {pd product} {ergonomic}
     bool SegmentedCodeCache                       = true                                      {product} {ergonomic}
   size_t SoftMaxHeapSize                          = 2120220672                             {manageable} {ergonomic}
     bool UseCompressedClassPointers               = true                                 {lp64_product} {ergonomic}
     bool UseCompressedOops                        = true                                 {lp64_product} {ergonomic}
     bool UseG1GC                                  = true                                      {product} {ergonomic}
     bool UseLargePagesIndividualAllocation        = false                                  {pd product} {ergonomic}

Logging:
Log output configuration:
 #0: stdout all=off uptime,level,tags
 #1: stderr all=off uptime,level,tags

Environment Variables:
PATH=F:\Hello World\Python 2-7-5\Lib\site-packages\PyQt4;C:\Program Files (x86)\Common Files\Oracle\Java\javapath;C:\Windows\system32;C:\Windows;C:\Windows\System32\Wbem;C:\Windows\System32\WindowsPowerShell\v1.0\;C:\Windows\System32\OpenSSH\;C:\Program Files\Git LFS;C:\Program Files\Git\cmd;C:\Program Files\dotnet\;C:\WINDOWS\system32;C:\WINDOWS;C:\WINDOWS\System32\Wbem;C:\WINDOWS\System32\WindowsPowerShell\v1.0\;C:\WINDOWS\System32\OpenSSH\;C:\Users\hamms\AppData\Local\Microsoft\WindowsApps;C:\ProgramData\hamms\GitHubDesktop\bin;C:\Program Files\JetBrains\IntelliJ IDEA 2023.1.2\bin;;C:\Users\hamms\.dotnet\tools;F:\Microsoft VS Code\bin;F:\XAMPP\php;
USERNAME=hamms
OS=Windows_NT
PROCESSOR_IDENTIFIER=Intel64 Family 6 Model 94 Stepping 3, GenuineIntel



---------------  S Y S T E M  ---------------

OS:
 Windows 10 , 64 bit Build 19041 (10.0.19041.3393)
OS uptime: 0 days 0:37 hours

CPU: total 2 (initial active 2) (2 cores per cpu, 1 threads per core) family 6 model 94 stepping 3 microcode 0xcc, cmov, cx8, fxsr, mmx, sse, sse2, sse3, ssse3, sse4.1, sse4.2, popcnt, aes, clmul, erms, 3dnowpref, lzcnt, tsc, tscinvbit, clflush, clflushopt

Memory: 4k page, system-wide physical 8082M (1019M free)
TotalPageFile size 16152M (AvailPageFile size 5995M)
current process WorkingSet (physical memory assigned to process): 1198M, peak: 1198M
current process commit charge ("private bytes"): 1273M, peak: 1273M

vm_info: OpenJDK 64-Bit Server VM (15.0.10+5-MTS) for windows-amd64 JRE (15.0.10+5-MTS) (Zulu15.46+17-CA), built on Jan  7 2023 17:34:05 by "zulu_re" with MS VC++ 15.9 (VS2017)

END.
