#
# A fatal error has been detected by the Java Runtime Environment:
#
#  EXCEPTION_ACCESS_VIOLATION (0xc0000005) at pc=0x0000000000000000, pid=8616, tid=6888
#
# JRE version: OpenJDK Runtime Environment Zulu15.46+17-CA (15.0.10+5) (build 15.0.10+5-MTS)
# Java VM: OpenJDK 64-Bit Server VM Zulu15.46+17-CA (15.0.10+5-MTS, mixed mode, sharing, tiered, compressed oops, g1 gc, windows-amd64)
# Problematic frame:
# C  0x0000000000000000
#
# No core dump will be written. Minidumps are not enabled by default on client versions of Windows
#
# If you would like to submit a bug report, please visit:
#   http://www.azul.com/support/
# The crash happened outside the Java Virtual Machine in native code.
# See problematic frame for where to report the bug.
#

---------------  S U M M A R Y ------------

Command Line: -javaagent:C:\Program Files\JetBrains\IntelliJ IDEA 2023.1.2\lib\idea_rt.jar=63013:C:\Program Files\JetBrains\IntelliJ IDEA 2023.1.2\bin -Dfile.encoding=UTF-8 Main

Host: Intel(R) Celeron(R) CPU G3900 @ 2.80GHz, 2 cores, 7G,  Windows 10 , 64 bit Build 19041 (10.0.19041.3393)
Time: Tue Oct  3 18:02:41 2023 Mitteleuropäische Sommerzeit elapsed time: 0.596279 seconds (0d 0h 0m 0s)

---------------  T H R E A D  ---------------

Current thread (0x000001f5475354b0):  JavaThread "Thread-0" [_thread_in_native, id=6888, stack(0x0000006131f00000,0x0000006132000000)]

Stack: [0x0000006131f00000,0x0000006132000000],  sp=0x0000006131ffe1e8,  free space=1016k
Native frames: (J=compiled Java code, j=interpreted, Vv=VM code, C=native code)

Java frames: (J=compiled Java code, j=interpreted, Vv=VM code)
j  org.lwjgl.system.JNI.invokeI(J)I+0
j  org.lwjgl.glfw.GLFW.glfwInit()Z+8
j  KAGO_framework.Core.Subsystems.Graphics.Window.Construct()V+27
j  KAGO_framework.Core.Subsystems.Graphics.Entrypoint.Start()V+0
j  KAGO_framework.Core.Subsystems.SubsystemManager.startSubsystems([LKAGO_framework/Core/Subsystems/SubsystemEntrypoint;)V+19
j  KAGO_framework.Core.Subsystems.SubsystemManager.Initialize()V+14
j  KAGO_framework.Core.GameManager.initSystems()V+0
j  KAGO_framework.Core.GameManager.run()V+1
j  java.lang.Thread.run()V+11 java.base@15.0.10
v  ~StubRoutines::call_stub

siginfo: EXCEPTION_ACCESS_VIOLATION (0xc0000005), data execution prevention violation at address 0x0000000000000000


Register to memory mapping:

RIP=0x0 is NULL
RAX=0xffffffffffffffff is an unknown value
RBX=0x0000000000000014 is an unknown value
RCX=0x0000000000000014 is an unknown value
RDX=0x0 is NULL
RSP=0x0000006131ffe1e8 is pointing into the stack for thread: 0x000001f5475354b0
RBP=0x0 is NULL
RSI=0x0000006131ffe7a4 is pointing into the stack for thread: 0x000001f5475354b0
RDI=0x0000000000000014 is an unknown value
R8 =0x0000000000000001 is an unknown value
R9 =0x0000006131ffe7cc is pointing into the stack for thread: 0x000001f5475354b0
R10=0x0000006131ffe7cc is pointing into the stack for thread: 0x000001f5475354b0
R11=0x0 is NULL
R12=0x0 is NULL
R13=0x0 is NULL
R14=0x0000006131ffe410 is pointing into the stack for thread: 0x000001f5475354b0
R15=0x0 is NULL


Registers:
RAX=0xffffffffffffffff, RBX=0x0000000000000014, RCX=0x0000000000000014, RDX=0x0000000000000000
RSP=0x0000006131ffe1e8, RBP=0x0000000000000000, RSI=0x0000006131ffe7a4, RDI=0x0000000000000014
R8 =0x0000000000000001, R9 =0x0000006131ffe7cc, R10=0x0000006131ffe7cc, R11=0x0000000000000000
R12=0x0000000000000000, R13=0x0000000000000000, R14=0x0000006131ffe410, R15=0x0000000000000000
RIP=0x0000000000000000, EFLAGS=0x0000000000010206

Top of Stack: (sp=0x0000006131ffe1e8)
0x0000006131ffe1e8:   00007ff8ba3d2354 0000000000000000
0x0000006131ffe1f8:   000001f530d69c90 0000006131ffe7a4
0x0000006131ffe208:   0000000000000000 0000000000000000
0x0000006131ffe218:   00007ff8ba3dba87 0000000000000014
0x0000006131ffe228:   0000000000000000 0000006131ffe410
0x0000006131ffe238:   0000000000000000 0000000000000000
0x0000006131ffe248:   0000000000000000 0000000000000000
0x0000006131ffe258:   0000000000000000 000001f530d69c90
0x0000006131ffe268:   00007ff8ba3dee57 0000000000000000
0x0000006131ffe278:   0000000000000000 0000006131ffe760
0x0000006131ffe288:   0000000000000000 0000000000000000
0x0000006131ffe298:   006700650052005c 0072007400730069
0x0000006131ffe2a8:   0061004d005c0079 006e006900680063
0x0000006131ffe2b8:   00790053005c0065 006d006500740073
0x0000006131ffe2c8:   007200750043005c 0074006e00650072
0x0000006131ffe2d8:   0074006e006f0043 0053006c006f0072 

Instructions: (pc=0x0000000000000000)
0xffffffffffffff00:   


Stack slot to memory mapping:
stack at sp + 0 slots: 0x00007ff8ba3d2354 glfw.dll
stack at sp + 1 slots: 0x0 is NULL
stack at sp + 2 slots: 0x000001f530d69c90 is at code_begin+1040 in an Interpreter codelet
invoke return entry points  [0x000001f530d69880, 0x000001f530d6a280]  2560 bytes
stack at sp + 3 slots: 0x0000006131ffe7a4 is pointing into the stack for thread: 0x000001f5475354b0
stack at sp + 4 slots: 0x0 is NULL
stack at sp + 5 slots: 0x0 is NULL
stack at sp + 6 slots: 0x00007ff8ba3dba87 glfw.dll
stack at sp + 7 slots: 0x0000000000000014 is an unknown value


---------------  P R O C E S S  ---------------

Threads class SMR info:
_java_thread_list=0x000001f54776a160, length=13, elements={
0x000001f5468833f0, 0x000001f546883fc0, 0x000001f546897040, 0x000001f54689aa20,
0x000001f54689c4e0, 0x000001f54689d370, 0x000001f5468a9420, 0x000001f5468b26e0,
0x000001f54686eca0, 0x000001f547485ad0, 0x000001f547485fa0, 0x000001f5475354b0,
0x000001f528804360
}

Java Threads: ( => current thread )
  0x000001f5468833f0 JavaThread "Reference Handler" daemon [_thread_blocked, id=9636, stack(0x0000006131300000,0x0000006131400000)]
  0x000001f546883fc0 JavaThread "Finalizer" daemon [_thread_blocked, id=5656, stack(0x0000006131400000,0x0000006131500000)]
  0x000001f546897040 JavaThread "Signal Dispatcher" daemon [_thread_blocked, id=12784, stack(0x0000006131500000,0x0000006131600000)]
  0x000001f54689aa20 JavaThread "Attach Listener" daemon [_thread_blocked, id=9580, stack(0x0000006131600000,0x0000006131700000)]
  0x000001f54689c4e0 JavaThread "Service Thread" daemon [_thread_blocked, id=5148, stack(0x0000006131700000,0x0000006131800000)]
  0x000001f54689d370 JavaThread "C2 CompilerThread0" daemon [_thread_blocked, id=13248, stack(0x0000006131800000,0x0000006131900000)]
  0x000001f5468a9420 JavaThread "C1 CompilerThread0" daemon [_thread_blocked, id=16636, stack(0x0000006131900000,0x0000006131a00000)]
  0x000001f5468b26e0 JavaThread "Sweeper thread" daemon [_thread_blocked, id=10148, stack(0x0000006131a00000,0x0000006131b00000)]
  0x000001f54686eca0 JavaThread "Common-Cleaner" daemon [_thread_blocked, id=6308, stack(0x0000006131b00000,0x0000006131c00000)]
  0x000001f547485ad0 JavaThread "Monitor Ctrl-Break" daemon [_thread_in_native, id=6132, stack(0x0000006131c00000,0x0000006131d00000)]
  0x000001f547485fa0 JavaThread "Notification Thread" daemon [_thread_blocked, id=9044, stack(0x0000006131d00000,0x0000006131e00000)]
=>0x000001f5475354b0 JavaThread "Thread-0" [_thread_in_native, id=6888, stack(0x0000006131f00000,0x0000006132000000)]
  0x000001f528804360 JavaThread "DestroyJavaVM" [_thread_blocked, id=10948, stack(0x0000006130c00000,0x0000006130d00000)]

Other Threads:
  0x000001f546880b70 VMThread "VM Thread" [stack: 0x0000006131200000,0x0000006131300000] [id=1212]
  0x000001f5474c1200 WatcherThread [stack: 0x0000006131e00000,0x0000006131f00000] [id=9792]
  0x000001f52883ee90 GCTaskThread "GC Thread#0" [stack: 0x0000006130d00000,0x0000006130e00000] [id=10324]
  0x000001f547586d70 GCTaskThread "GC Thread#1" [stack: 0x0000006132000000,0x0000006132100000] [id=8900]
  0x000001f528850d30 ConcurrentGCThread "G1 Main Marker" [stack: 0x0000006130e00000,0x0000006130f00000] [id=10668]
  0x000001f528851920 ConcurrentGCThread "G1 Conc#0" [stack: 0x0000006130f00000,0x0000006131000000] [id=15252]
  0x000001f5288c4d20 ConcurrentGCThread "G1 Refine#0" [stack: 0x0000006131000000,0x0000006131100000] [id=17336]
  0x000001f547562600 ConcurrentGCThread "G1 Refine#1" [stack: 0x0000006132100000,0x0000006132200000] [id=5076]
  0x000001f5288c5920 ConcurrentGCThread "G1 Young RemSet Sampling" [stack: 0x0000006131100000,0x0000006131200000] [id=16416]

Threads with active compile tasks:

VM state: not at safepoint (normal execution)

VM Mutex/Monitor currently owned by a thread: None

Heap address: 0x0000000081a00000, size: 2022 MB, Compressed Oops mode: 32-bit
CDS archive(s) mapped at: [0x0000000800000000-0x0000000800b50000-0x0000000800b50000), size 11862016, SharedBaseAddress: 0x0000000800000000, ArchiveRelocationMode: 0.
Compressed class space mapped at: 0x0000000800b50000-0x0000000840b50000, size: 1073741824
Narrow klass base: 0x0000000800000000, Narrow klass shift: 3, Narrow klass range: 0x100000000

GC Precious Log:
 CPUs: 2 total, 2 available
 Memory: 8082M
 Large Page Support: Disabled
 NUMA Support: Disabled
 Compressed Oops: Enabled (32-bit)
 Heap Region Size: 1M
 Heap Min Capacity: 8M
 Heap Initial Capacity: 128M
 Heap Max Capacity: 2022M
 Pre-touch: Disabled
 Parallel Workers: 2
 Concurrent Workers: 1
 Concurrent Refinement Workers: 2
 Periodic GC: Disabled

Heap:
 garbage-first heap   total 131072K, used 5953K [0x0000000081a00000, 0x0000000100000000)
  region size 1024K, 5 young (5120K), 1 survivors (1024K)
 Metaspace       used 3430K, capacity 5778K, committed 5888K, reserved 1056768K
  class space    used 290K, capacity 495K, committed 512K, reserved 1048576K

Heap Regions: E=young(eden), S=young(survivor), O=old, HS=humongous(starts), HC=humongous(continues), CS=collection set, F=free, OA=open archive, CA=closed archive, TAMS=top-at-mark-start (previous, next)
|   0|0x0000000081a00000, 0x0000000081b00000, 0x0000000081b00000|100%| O|  |TAMS 0x0000000081a00000, 0x0000000081a00000| Untracked 
|   1|0x0000000081b00000, 0x0000000081c00000, 0x0000000081c00000|100%| O|  |TAMS 0x0000000081b00000, 0x0000000081b00000| Untracked 
|   2|0x0000000081c00000, 0x0000000081cd0600, 0x0000000081d00000| 81%| O|  |TAMS 0x0000000081c00000, 0x0000000081c00000| Untracked 
|   3|0x0000000081d00000, 0x0000000081d00000, 0x0000000081e00000|  0%| F|  |TAMS 0x0000000081d00000, 0x0000000081d00000| Untracked 
|   4|0x0000000081e00000, 0x0000000081e00000, 0x0000000081f00000|  0%| F|  |TAMS 0x0000000081e00000, 0x0000000081e00000| Untracked 
|   5|0x0000000081f00000, 0x0000000081f00000, 0x0000000082000000|  0%| F|  |TAMS 0x0000000081f00000, 0x0000000081f00000| Untracked 
|   6|0x0000000082000000, 0x0000000082000000, 0x0000000082100000|  0%| F|  |TAMS 0x0000000082000000, 0x0000000082000000| Untracked 
|   7|0x0000000082100000, 0x0000000082100000, 0x0000000082200000|  0%| F|  |TAMS 0x0000000082100000, 0x0000000082100000| Untracked 
|   8|0x0000000082200000, 0x0000000082200000, 0x0000000082300000|  0%| F|  |TAMS 0x0000000082200000, 0x0000000082200000| Untracked 
|   9|0x0000000082300000, 0x0000000082300000, 0x0000000082400000|  0%| F|  |TAMS 0x0000000082300000, 0x0000000082300000| Untracked 
|  10|0x0000000082400000, 0x0000000082400000, 0x0000000082500000|  0%| F|  |TAMS 0x0000000082400000, 0x0000000082400000| Untracked 
|  11|0x0000000082500000, 0x0000000082500000, 0x0000000082600000|  0%| F|  |TAMS 0x0000000082500000, 0x0000000082500000| Untracked 
|  12|0x0000000082600000, 0x0000000082600000, 0x0000000082700000|  0%| F|  |TAMS 0x0000000082600000, 0x0000000082600000| Untracked 
|  13|0x0000000082700000, 0x0000000082700000, 0x0000000082800000|  0%| F|  |TAMS 0x0000000082700000, 0x0000000082700000| Untracked 
|  14|0x0000000082800000, 0x0000000082800000, 0x0000000082900000|  0%| F|  |TAMS 0x0000000082800000, 0x0000000082800000| Untracked 
|  15|0x0000000082900000, 0x0000000082900000, 0x0000000082a00000|  0%| F|  |TAMS 0x0000000082900000, 0x0000000082900000| Untracked 
|  16|0x0000000082a00000, 0x0000000082a00000, 0x0000000082b00000|  0%| F|  |TAMS 0x0000000082a00000, 0x0000000082a00000| Untracked 
|  17|0x0000000082b00000, 0x0000000082b00000, 0x0000000082c00000|  0%| F|  |TAMS 0x0000000082b00000, 0x0000000082b00000| Untracked 
|  18|0x0000000082c00000, 0x0000000082c00000, 0x0000000082d00000|  0%| F|  |TAMS 0x0000000082c00000, 0x0000000082c00000| Untracked 
|  19|0x0000000082d00000, 0x0000000082d00000, 0x0000000082e00000|  0%| F|  |TAMS 0x0000000082d00000, 0x0000000082d00000| Untracked 
|  20|0x0000000082e00000, 0x0000000082e00000, 0x0000000082f00000|  0%| F|  |TAMS 0x0000000082e00000, 0x0000000082e00000| Untracked 
|  21|0x0000000082f00000, 0x0000000082f00000, 0x0000000083000000|  0%| F|  |TAMS 0x0000000082f00000, 0x0000000082f00000| Untracked 
|  22|0x0000000083000000, 0x0000000083000000, 0x0000000083100000|  0%| F|  |TAMS 0x0000000083000000, 0x0000000083000000| Untracked 
|  23|0x0000000083100000, 0x0000000083100000, 0x0000000083200000|  0%| F|  |TAMS 0x0000000083100000, 0x0000000083100000| Untracked 
|  24|0x0000000083200000, 0x0000000083200000, 0x0000000083300000|  0%| F|  |TAMS 0x0000000083200000, 0x0000000083200000| Untracked 
|  25|0x0000000083300000, 0x0000000083300000, 0x0000000083400000|  0%| F|  |TAMS 0x0000000083300000, 0x0000000083300000| Untracked 
|  26|0x0000000083400000, 0x0000000083400000, 0x0000000083500000|  0%| F|  |TAMS 0x0000000083400000, 0x0000000083400000| Untracked 
|  27|0x0000000083500000, 0x0000000083500000, 0x0000000083600000|  0%| F|  |TAMS 0x0000000083500000, 0x0000000083500000| Untracked 
|  28|0x0000000083600000, 0x0000000083600000, 0x0000000083700000|  0%| F|  |TAMS 0x0000000083600000, 0x0000000083600000| Untracked 
|  29|0x0000000083700000, 0x0000000083700000, 0x0000000083800000|  0%| F|  |TAMS 0x0000000083700000, 0x0000000083700000| Untracked 
|  30|0x0000000083800000, 0x0000000083800000, 0x0000000083900000|  0%| F|  |TAMS 0x0000000083800000, 0x0000000083800000| Untracked 
|  31|0x0000000083900000, 0x0000000083900000, 0x0000000083a00000|  0%| F|  |TAMS 0x0000000083900000, 0x0000000083900000| Untracked 
|  32|0x0000000083a00000, 0x0000000083a00000, 0x0000000083b00000|  0%| F|  |TAMS 0x0000000083a00000, 0x0000000083a00000| Untracked 
|  33|0x0000000083b00000, 0x0000000083b00000, 0x0000000083c00000|  0%| F|  |TAMS 0x0000000083b00000, 0x0000000083b00000| Untracked 
|  34|0x0000000083c00000, 0x0000000083c00000, 0x0000000083d00000|  0%| F|  |TAMS 0x0000000083c00000, 0x0000000083c00000| Untracked 
|  35|0x0000000083d00000, 0x0000000083d00000, 0x0000000083e00000|  0%| F|  |TAMS 0x0000000083d00000, 0x0000000083d00000| Untracked 
|  36|0x0000000083e00000, 0x0000000083e00000, 0x0000000083f00000|  0%| F|  |TAMS 0x0000000083e00000, 0x0000000083e00000| Untracked 
|  37|0x0000000083f00000, 0x0000000083f00000, 0x0000000084000000|  0%| F|  |TAMS 0x0000000083f00000, 0x0000000083f00000| Untracked 
|  38|0x0000000084000000, 0x0000000084000000, 0x0000000084100000|  0%| F|  |TAMS 0x0000000084000000, 0x0000000084000000| Untracked 
|  39|0x0000000084100000, 0x0000000084100000, 0x0000000084200000|  0%| F|  |TAMS 0x0000000084100000, 0x0000000084100000| Untracked 
|  40|0x0000000084200000, 0x0000000084200000, 0x0000000084300000|  0%| F|  |TAMS 0x0000000084200000, 0x0000000084200000| Untracked 
|  41|0x0000000084300000, 0x0000000084300000, 0x0000000084400000|  0%| F|  |TAMS 0x0000000084300000, 0x0000000084300000| Untracked 
|  42|0x0000000084400000, 0x0000000084400000, 0x0000000084500000|  0%| F|  |TAMS 0x0000000084400000, 0x0000000084400000| Untracked 
|  43|0x0000000084500000, 0x0000000084500000, 0x0000000084600000|  0%| F|  |TAMS 0x0000000084500000, 0x0000000084500000| Untracked 
|  44|0x0000000084600000, 0x0000000084600000, 0x0000000084700000|  0%| F|  |TAMS 0x0000000084600000, 0x0000000084600000| Untracked 
|  45|0x0000000084700000, 0x0000000084700000, 0x0000000084800000|  0%| F|  |TAMS 0x0000000084700000, 0x0000000084700000| Untracked 
|  46|0x0000000084800000, 0x0000000084800000, 0x0000000084900000|  0%| F|  |TAMS 0x0000000084800000, 0x0000000084800000| Untracked 
|  47|0x0000000084900000, 0x0000000084900000, 0x0000000084a00000|  0%| F|  |TAMS 0x0000000084900000, 0x0000000084900000| Untracked 
|  48|0x0000000084a00000, 0x0000000084a00000, 0x0000000084b00000|  0%| F|  |TAMS 0x0000000084a00000, 0x0000000084a00000| Untracked 
|  49|0x0000000084b00000, 0x0000000084b00000, 0x0000000084c00000|  0%| F|  |TAMS 0x0000000084b00000, 0x0000000084b00000| Untracked 
|  50|0x0000000084c00000, 0x0000000084c00000, 0x0000000084d00000|  0%| F|  |TAMS 0x0000000084c00000, 0x0000000084c00000| Untracked 
|  51|0x0000000084d00000, 0x0000000084d00000, 0x0000000084e00000|  0%| F|  |TAMS 0x0000000084d00000, 0x0000000084d00000| Untracked 
|  52|0x0000000084e00000, 0x0000000084e00000, 0x0000000084f00000|  0%| F|  |TAMS 0x0000000084e00000, 0x0000000084e00000| Untracked 
|  53|0x0000000084f00000, 0x0000000084f00000, 0x0000000085000000|  0%| F|  |TAMS 0x0000000084f00000, 0x0000000084f00000| Untracked 
|  54|0x0000000085000000, 0x0000000085000000, 0x0000000085100000|  0%| F|  |TAMS 0x0000000085000000, 0x0000000085000000| Untracked 
|  55|0x0000000085100000, 0x0000000085100000, 0x0000000085200000|  0%| F|  |TAMS 0x0000000085100000, 0x0000000085100000| Untracked 
|  56|0x0000000085200000, 0x0000000085200000, 0x0000000085300000|  0%| F|  |TAMS 0x0000000085200000, 0x0000000085200000| Untracked 
|  57|0x0000000085300000, 0x0000000085300000, 0x0000000085400000|  0%| F|  |TAMS 0x0000000085300000, 0x0000000085300000| Untracked 
|  58|0x0000000085400000, 0x0000000085400000, 0x0000000085500000|  0%| F|  |TAMS 0x0000000085400000, 0x0000000085400000| Untracked 
|  59|0x0000000085500000, 0x0000000085500000, 0x0000000085600000|  0%| F|  |TAMS 0x0000000085500000, 0x0000000085500000| Untracked 
|  60|0x0000000085600000, 0x0000000085600000, 0x0000000085700000|  0%| F|  |TAMS 0x0000000085600000, 0x0000000085600000| Untracked 
|  61|0x0000000085700000, 0x0000000085700000, 0x0000000085800000|  0%| F|  |TAMS 0x0000000085700000, 0x0000000085700000| Untracked 
|  62|0x0000000085800000, 0x0000000085800000, 0x0000000085900000|  0%| F|  |TAMS 0x0000000085800000, 0x0000000085800000| Untracked 
|  63|0x0000000085900000, 0x0000000085900000, 0x0000000085a00000|  0%| F|  |TAMS 0x0000000085900000, 0x0000000085900000| Untracked 
|  64|0x0000000085a00000, 0x0000000085a00000, 0x0000000085b00000|  0%| F|  |TAMS 0x0000000085a00000, 0x0000000085a00000| Untracked 
|  65|0x0000000085b00000, 0x0000000085b00000, 0x0000000085c00000|  0%| F|  |TAMS 0x0000000085b00000, 0x0000000085b00000| Untracked 
|  66|0x0000000085c00000, 0x0000000085c00000, 0x0000000085d00000|  0%| F|  |TAMS 0x0000000085c00000, 0x0000000085c00000| Untracked 
|  67|0x0000000085d00000, 0x0000000085d00000, 0x0000000085e00000|  0%| F|  |TAMS 0x0000000085d00000, 0x0000000085d00000| Untracked 
|  68|0x0000000085e00000, 0x0000000085e00000, 0x0000000085f00000|  0%| F|  |TAMS 0x0000000085e00000, 0x0000000085e00000| Untracked 
|  69|0x0000000085f00000, 0x0000000085f00000, 0x0000000086000000|  0%| F|  |TAMS 0x0000000085f00000, 0x0000000085f00000| Untracked 
|  70|0x0000000086000000, 0x0000000086000000, 0x0000000086100000|  0%| F|  |TAMS 0x0000000086000000, 0x0000000086000000| Untracked 
|  71|0x0000000086100000, 0x0000000086100000, 0x0000000086200000|  0%| F|  |TAMS 0x0000000086100000, 0x0000000086100000| Untracked 
|  72|0x0000000086200000, 0x0000000086200000, 0x0000000086300000|  0%| F|  |TAMS 0x0000000086200000, 0x0000000086200000| Untracked 
|  73|0x0000000086300000, 0x0000000086300000, 0x0000000086400000|  0%| F|  |TAMS 0x0000000086300000, 0x0000000086300000| Untracked 
|  74|0x0000000086400000, 0x0000000086400000, 0x0000000086500000|  0%| F|  |TAMS 0x0000000086400000, 0x0000000086400000| Untracked 
|  75|0x0000000086500000, 0x0000000086500000, 0x0000000086600000|  0%| F|  |TAMS 0x0000000086500000, 0x0000000086500000| Untracked 
|  76|0x0000000086600000, 0x0000000086600000, 0x0000000086700000|  0%| F|  |TAMS 0x0000000086600000, 0x0000000086600000| Untracked 
|  77|0x0000000086700000, 0x0000000086700000, 0x0000000086800000|  0%| F|  |TAMS 0x0000000086700000, 0x0000000086700000| Untracked 
|  78|0x0000000086800000, 0x0000000086800000, 0x0000000086900000|  0%| F|  |TAMS 0x0000000086800000, 0x0000000086800000| Untracked 
|  79|0x0000000086900000, 0x0000000086900000, 0x0000000086a00000|  0%| F|  |TAMS 0x0000000086900000, 0x0000000086900000| Untracked 
|  80|0x0000000086a00000, 0x0000000086a00000, 0x0000000086b00000|  0%| F|  |TAMS 0x0000000086a00000, 0x0000000086a00000| Untracked 
|  81|0x0000000086b00000, 0x0000000086b00000, 0x0000000086c00000|  0%| F|  |TAMS 0x0000000086b00000, 0x0000000086b00000| Untracked 
|  82|0x0000000086c00000, 0x0000000086c00000, 0x0000000086d00000|  0%| F|  |TAMS 0x0000000086c00000, 0x0000000086c00000| Untracked 
|  83|0x0000000086d00000, 0x0000000086d00000, 0x0000000086e00000|  0%| F|  |TAMS 0x0000000086d00000, 0x0000000086d00000| Untracked 
|  84|0x0000000086e00000, 0x0000000086e00000, 0x0000000086f00000|  0%| F|  |TAMS 0x0000000086e00000, 0x0000000086e00000| Untracked 
|  85|0x0000000086f00000, 0x0000000086f00000, 0x0000000087000000|  0%| F|  |TAMS 0x0000000086f00000, 0x0000000086f00000| Untracked 
|  86|0x0000000087000000, 0x0000000087000000, 0x0000000087100000|  0%| F|  |TAMS 0x0000000087000000, 0x0000000087000000| Untracked 
|  87|0x0000000087100000, 0x0000000087100000, 0x0000000087200000|  0%| F|  |TAMS 0x0000000087100000, 0x0000000087100000| Untracked 
|  88|0x0000000087200000, 0x0000000087200000, 0x0000000087300000|  0%| F|  |TAMS 0x0000000087200000, 0x0000000087200000| Untracked 
|  89|0x0000000087300000, 0x0000000087300000, 0x0000000087400000|  0%| F|  |TAMS 0x0000000087300000, 0x0000000087300000| Untracked 
|  90|0x0000000087400000, 0x0000000087400000, 0x0000000087500000|  0%| F|  |TAMS 0x0000000087400000, 0x0000000087400000| Untracked 
|  91|0x0000000087500000, 0x0000000087500000, 0x0000000087600000|  0%| F|  |TAMS 0x0000000087500000, 0x0000000087500000| Untracked 
|  92|0x0000000087600000, 0x0000000087600000, 0x0000000087700000|  0%| F|  |TAMS 0x0000000087600000, 0x0000000087600000| Untracked 
|  93|0x0000000087700000, 0x0000000087700000, 0x0000000087800000|  0%| F|  |TAMS 0x0000000087700000, 0x0000000087700000| Untracked 
|  94|0x0000000087800000, 0x0000000087800000, 0x0000000087900000|  0%| F|  |TAMS 0x0000000087800000, 0x0000000087800000| Untracked 
|  95|0x0000000087900000, 0x0000000087900000, 0x0000000087a00000|  0%| F|  |TAMS 0x0000000087900000, 0x0000000087900000| Untracked 
|  96|0x0000000087a00000, 0x0000000087a00000, 0x0000000087b00000|  0%| F|  |TAMS 0x0000000087a00000, 0x0000000087a00000| Untracked 
|  97|0x0000000087b00000, 0x0000000087b00000, 0x0000000087c00000|  0%| F|  |TAMS 0x0000000087b00000, 0x0000000087b00000| Untracked 
|  98|0x0000000087c00000, 0x0000000087c00000, 0x0000000087d00000|  0%| F|  |TAMS 0x0000000087c00000, 0x0000000087c00000| Untracked 
|  99|0x0000000087d00000, 0x0000000087d00000, 0x0000000087e00000|  0%| F|  |TAMS 0x0000000087d00000, 0x0000000087d00000| Untracked 
| 100|0x0000000087e00000, 0x0000000087e00000, 0x0000000087f00000|  0%| F|  |TAMS 0x0000000087e00000, 0x0000000087e00000| Untracked 
| 101|0x0000000087f00000, 0x0000000087f00000, 0x0000000088000000|  0%| F|  |TAMS 0x0000000087f00000, 0x0000000087f00000| Untracked 
| 102|0x0000000088000000, 0x0000000088000000, 0x0000000088100000|  0%| F|  |TAMS 0x0000000088000000, 0x0000000088000000| Untracked 
| 103|0x0000000088100000, 0x0000000088100000, 0x0000000088200000|  0%| F|  |TAMS 0x0000000088100000, 0x0000000088100000| Untracked 
| 104|0x0000000088200000, 0x0000000088200000, 0x0000000088300000|  0%| F|  |TAMS 0x0000000088200000, 0x0000000088200000| Untracked 
| 105|0x0000000088300000, 0x0000000088300000, 0x0000000088400000|  0%| F|  |TAMS 0x0000000088300000, 0x0000000088300000| Untracked 
| 106|0x0000000088400000, 0x0000000088400000, 0x0000000088500000|  0%| F|  |TAMS 0x0000000088400000, 0x0000000088400000| Untracked 
| 107|0x0000000088500000, 0x0000000088500000, 0x0000000088600000|  0%| F|  |TAMS 0x0000000088500000, 0x0000000088500000| Untracked 
| 108|0x0000000088600000, 0x0000000088600000, 0x0000000088700000|  0%| F|  |TAMS 0x0000000088600000, 0x0000000088600000| Untracked 
| 109|0x0000000088700000, 0x0000000088700000, 0x0000000088800000|  0%| F|  |TAMS 0x0000000088700000, 0x0000000088700000| Untracked 
| 110|0x0000000088800000, 0x0000000088800000, 0x0000000088900000|  0%| F|  |TAMS 0x0000000088800000, 0x0000000088800000| Untracked 
| 111|0x0000000088900000, 0x0000000088900000, 0x0000000088a00000|  0%| F|  |TAMS 0x0000000088900000, 0x0000000088900000| Untracked 
| 112|0x0000000088a00000, 0x0000000088a00000, 0x0000000088b00000|  0%| F|  |TAMS 0x0000000088a00000, 0x0000000088a00000| Untracked 
| 113|0x0000000088b00000, 0x0000000088b00000, 0x0000000088c00000|  0%| F|  |TAMS 0x0000000088b00000, 0x0000000088b00000| Untracked 
| 114|0x0000000088c00000, 0x0000000088c00000, 0x0000000088d00000|  0%| F|  |TAMS 0x0000000088c00000, 0x0000000088c00000| Untracked 
| 115|0x0000000088d00000, 0x0000000088d00000, 0x0000000088e00000|  0%| F|  |TAMS 0x0000000088d00000, 0x0000000088d00000| Untracked 
| 116|0x0000000088e00000, 0x0000000088e00000, 0x0000000088f00000|  0%| F|  |TAMS 0x0000000088e00000, 0x0000000088e00000| Untracked 
| 117|0x0000000088f00000, 0x0000000088f00000, 0x0000000089000000|  0%| F|  |TAMS 0x0000000088f00000, 0x0000000088f00000| Untracked 
| 118|0x0000000089000000, 0x0000000089000000, 0x0000000089100000|  0%| F|  |TAMS 0x0000000089000000, 0x0000000089000000| Untracked 
| 119|0x0000000089100000, 0x0000000089100000, 0x0000000089200000|  0%| F|  |TAMS 0x0000000089100000, 0x0000000089100000| Untracked 
| 120|0x0000000089200000, 0x0000000089200000, 0x0000000089300000|  0%| F|  |TAMS 0x0000000089200000, 0x0000000089200000| Untracked 
| 121|0x0000000089300000, 0x0000000089400000, 0x0000000089400000|100%| S|CS|TAMS 0x0000000089300000, 0x0000000089300000| Complete 
| 122|0x0000000089400000, 0x0000000089400000, 0x0000000089500000|  0%| F|  |TAMS 0x0000000089400000, 0x0000000089400000| Untracked 
| 123|0x0000000089500000, 0x0000000089500000, 0x0000000089600000|  0%| F|  |TAMS 0x0000000089500000, 0x0000000089500000| Untracked 
| 124|0x0000000089600000, 0x000000008965c778, 0x0000000089700000| 36%| E|  |TAMS 0x0000000089600000, 0x0000000089600000| Complete 
| 125|0x0000000089700000, 0x0000000089800000, 0x0000000089800000|100%| E|  |TAMS 0x0000000089700000, 0x0000000089700000| Complete 
| 126|0x0000000089800000, 0x0000000089900000, 0x0000000089900000|100%| E|CS|TAMS 0x0000000089800000, 0x0000000089800000| Complete 
| 127|0x0000000089900000, 0x0000000089a00000, 0x0000000089a00000|100%| E|CS|TAMS 0x0000000089900000, 0x0000000089900000| Complete 

Card table byte_map: [0x000001f53fd60000,0x000001f540160000] _byte_map_base: 0x000001f53f953000

Marking Bits (Prev, Next): (CMBitMap*) 0x000001f52883f700, (CMBitMap*) 0x000001f52883f740
 Prev Bits: [0x000001f540560000, 0x000001f5424f8000)
 Next Bits: [0x000001f542500000, 0x000001f544498000)

Polling page: 0x000001f5266e0000

Metaspace:

Usage:
  Non-class:      5.16 MB capacity,     3.07 MB ( 59%) used,     2.09 MB ( 40%) free+waste,     6.19 KB ( <1%) overhead. 
      Class:    495.00 KB capacity,   290.98 KB ( 59%) used,   201.21 KB ( 41%) free+waste,     2.81 KB ( <1%) overhead. 
       Both:      5.64 MB capacity,     3.35 MB ( 59%) used,     2.28 MB ( 40%) free+waste,     9.00 KB ( <1%) overhead. 

Virtual space:
  Non-class space:        8.00 MB reserved,       5.25 MB ( 66%) committed 
      Class space:        1.00 GB reserved,     512.00 KB ( <1%) committed 
             Both:        1.01 GB reserved,       5.75 MB ( <1%) committed 

Chunk freelists:
   Non-Class:  29.00 KB
       Class:  0 bytes
        Both:  29.00 KB

MaxMetaspaceSize: 17179869184.00 GB
CompressedClassSpaceSize: 1.00 GB

CodeHeap 'non-profiled nmethods': size=120064Kb used=247Kb max_used=247Kb free=119816Kb
 bounds [0x000001f538820000, 0x000001f538a90000, 0x000001f53fd60000]
CodeHeap 'profiled nmethods': size=120000Kb used=1276Kb max_used=1276Kb free=118723Kb
 bounds [0x000001f5312f0000, 0x000001f531560000, 0x000001f538820000]
CodeHeap 'non-nmethods': size=5696Kb used=1596Kb max_used=1610Kb free=4099Kb
 bounds [0x000001f530d60000, 0x000001f530fd0000, 0x000001f5312f0000]
 total_blobs=1783 nmethods=793 adapters=904
 compilation: enabled
              stopped_count=0, restarted_count=0
 full_count=0

Compilation events (20 events):
Event: 0.572 Thread 0x000001f5468a9420  749       3       java.lang.invoke.LambdaForm::internArgument (85 bytes)
Event: 0.573 Thread 0x000001f5468a9420 nmethod 749 0x000001f53141f890 code [0x000001f53141fa60, 0x000001f53141fd88]
Event: 0.573 Thread 0x000001f5468a9420  751       3       java.lang.invoke.LambdaForm::parameter (52 bytes)
Event: 0.574 Thread 0x000001f5468a9420 nmethod 751 0x000001f53141ff90 code [0x000001f531420120, 0x000001f531420278]
Event: 0.574 Thread 0x000001f5468a9420  754       3       java.lang.invoke.LambdaForm::parameterType (9 bytes)
Event: 0.574 Thread 0x000001f5468a9420 nmethod 754 0x000001f531420390 code [0x000001f531420540, 0x000001f531420688]
Event: 0.574 Thread 0x000001f5468a9420  755       3       jdk.internal.org.objectweb.asm.Frame::pop (42 bytes)
Event: 0.574 Thread 0x000001f5468a9420 nmethod 755 0x000001f531420790 code [0x000001f531420920, 0x000001f531420ab8]
Event: 0.575 Thread 0x000001f5468a9420  758       3       java.lang.invoke.LambdaForm$NamedFunction::methodType (23 bytes)
Event: 0.575 Thread 0x000001f5468a9420 nmethod 758 0x000001f531420b90 code [0x000001f531420d40, 0x000001f531420f68]
Event: 0.576 Thread 0x000001f5468a9420  759       3       java.lang.invoke.LambdaForm$Name::<init> (54 bytes)
Event: 0.576 Thread 0x000001f5468a9420 nmethod 759 0x000001f531421090 code [0x000001f531421240, 0x000001f5314214f8]
Event: 0.576 Thread 0x000001f5468a9420  760       3       jdk.internal.org.objectweb.asm.Frame::getLocal (46 bytes)
Event: 0.576 Thread 0x000001f5468a9420 nmethod 760 0x000001f531421590 code [0x000001f531421720, 0x000001f531421918]
Event: 0.578 Thread 0x000001f5468a9420  763       3       jdk.internal.org.objectweb.asm.Frame::pop (44 bytes)
Event: 0.578 Thread 0x000001f5468a9420 nmethod 763 0x000001f531421a10 code [0x000001f531421ba0, 0x000001f531421d18]
Event: 0.580 Thread 0x000001f5468a9420  766       3       java.lang.invoke.MethodTypeForm::canonicalizeAll (63 bytes)
Event: 0.580 Thread 0x000001f5468a9420 nmethod 766 0x000001f531421d90 code [0x000001f531421f80, 0x000001f5314225f8]
Event: 0.580 Thread 0x000001f5468a9420  767       3       java.lang.invoke.MethodType$ConcurrentWeakInternSet::add (66 bytes)
Event: 0.581 Thread 0x000001f5468a9420 nmethod 767 0x000001f531422810 code [0x000001f531422a80, 0x000001f531423888]

GC Heap History (2 events):
Event: 0.353 GC heap before
{Heap before GC invocations=0 (full 0):
 garbage-first heap   total 131072K, used 5120K [0x0000000081a00000, 0x0000000100000000)
  region size 1024K, 6 young (6144K), 0 survivors (0K)
 Metaspace       used 1472K, capacity 4759K, committed 4864K, reserved 1056768K
  class space    used 158K, capacity 433K, committed 512K, reserved 1048576K
}
Event: 0.357 GC heap after
{Heap after GC invocations=1 (full 0):
 garbage-first heap   total 131072K, used 3905K [0x0000000081a00000, 0x0000000100000000)
  region size 1024K, 1 young (1024K), 1 survivors (1024K)
 Metaspace       used 1472K, capacity 4759K, committed 4864K, reserved 1056768K
  class space    used 158K, capacity 433K, committed 512K, reserved 1048576K
}

Deoptimization events (16 events):
Event: 0.135 Thread 0x000001f528804360 Uncommon trap: trap_request=0xffffff45 fr.pc=0x000001f53882d528 relative=0x00000000000006c8
Event: 0.135 Thread 0x000001f528804360 Uncommon trap: reason=unstable_if action=reinterpret pc=0x000001f53882d528 method=java.util.HashMap.putVal(ILjava/lang/Object;Ljava/lang/Object;ZZ)Ljava/lang/Object; @ 69 c2
Event: 0.135 Thread 0x000001f528804360 DEOPT PACKING pc=0x000001f53882d528 sp=0x0000006130cff090
Event: 0.135 Thread 0x000001f528804360 DEOPT UNPACKING pc=0x000001f530dae129 sp=0x0000006130cff030 mode 2
Event: 0.148 Thread 0x000001f528804360 Uncommon trap: trap_request=0xffffff45 fr.pc=0x000001f5388295d8 relative=0x0000000000000058
Event: 0.148 Thread 0x000001f528804360 Uncommon trap: reason=unstable_if action=reinterpret pc=0x000001f5388295d8 method=java.lang.String.isLatin1()Z @ 10 c2
Event: 0.148 Thread 0x000001f528804360 DEOPT PACKING pc=0x000001f5388295d8 sp=0x0000006130cfcd60
Event: 0.148 Thread 0x000001f528804360 DEOPT UNPACKING pc=0x000001f530dae129 sp=0x0000006130cfccf0 mode 2
Event: 0.226 Thread 0x000001f528804360 Uncommon trap: trap_request=0xffffff45 fr.pc=0x000001f538824b98 relative=0x0000000000000078
Event: 0.226 Thread 0x000001f528804360 Uncommon trap: reason=unstable_if action=reinterpret pc=0x000001f538824b98 method=java.lang.String.isLatin1()Z @ 10 c2
Event: 0.226 Thread 0x000001f528804360 DEOPT PACKING pc=0x000001f538824b98 sp=0x0000006130cff220
Event: 0.226 Thread 0x000001f528804360 DEOPT UNPACKING pc=0x000001f530dae129 sp=0x0000006130cff160 mode 2
Event: 0.325 Thread 0x000001f5475354b0 Uncommon trap: trap_request=0xffffff45 fr.pc=0x000001f538835c60 relative=0x0000000000000060
Event: 0.325 Thread 0x000001f5475354b0 Uncommon trap: reason=unstable_if action=reinterpret pc=0x000001f538835c60 method=java.io.WinNTFileSystem.isSlash(C)Z @ 9 c2
Event: 0.325 Thread 0x000001f5475354b0 DEOPT PACKING pc=0x000001f538835c60 sp=0x0000006131ffeb80
Event: 0.325 Thread 0x000001f5475354b0 DEOPT UNPACKING pc=0x000001f530dae129 sp=0x0000006131ffeb08 mode 2

Classes unloaded (0 events):
No events

Classes redefined (0 events):
No events

Internal exceptions (18 events):
Event: 0.233 Thread 0x000001f547485ad0 Exception <a 'java/lang/NoSuchMethodError'{0x0000000089527750}: 'java.lang.Object java.lang.invoke.DirectMethodHandle$Holder.invokeStatic(java.lang.Object)'> (0x0000000089527750) 
thrown [./src/hotspot/share/interpreter/linkResolver.cpp, line 782]
Event: 0.238 Thread 0x000001f547485ad0 Exception <a 'java/lang/NoSuchMethodError'{0x000000008952b060}: 'java.lang.Object java.lang.invoke.DirectMethodHandle$Holder.invokeStaticInit(java.lang.Object)'> (0x000000008952b060) 
thrown [./src/hotspot/share/interpreter/linkResolver.cpp, line 782]
Event: 0.250 Thread 0x000001f547485ad0 Exception <a 'java/lang/NoSuchMethodError'{0x00000000895384a0}: 'void java.lang.invoke.DirectMethodHandle$Holder.invokeStatic(java.lang.Object, java.lang.Object)'> (0x00000000895384a0) 
thrown [./src/hotspot/share/interpreter/linkResolver.cpp, line 782]
Event: 0.299 Thread 0x000001f528804360 Exception <a 'java/lang/NoSuchMethodError'{0x0000000089427ee0}: 'void java.lang.invoke.DirectMethodHandle$Holder.invokeSpecial(java.lang.Object, java.lang.Object, java.lang.Object)'> (0x0000000089427ee0) 
thrown [./src/hotspot/share/interpreter/linkResolver.cpp, line 782]
Event: 0.310 Thread 0x000001f528804360 Exception <a 'java/lang/NoSuchMethodError'{0x000000008943cb08}: 'java.lang.Object java.lang.invoke.DirectMethodHandle$Holder.invokeStatic(java.lang.Object, int, java.lang.Object)'> (0x000000008943cb08) 
thrown [./src/hotspot/share/interpreter/linkResolver.cpp, line 782]
Event: 0.387 Thread 0x000001f528804360 Exception <a 'java/lang/NoSuchMethodError'{0x00000000899a0f90}: 'java.lang.Object java.lang.invoke.DirectMethodHandle$Holder.invokeStatic(java.lang.Object, java.lang.Object, int)'> (0x00000000899a0f90) 
thrown [./src/hotspot/share/interpreter/linkResolver.cpp, line 782]
Event: 0.388 Thread 0x000001f528804360 Exception <a 'java/lang/NoSuchMethodError'{0x00000000899ad0d8}: 'void java.lang.invoke.DelegatingMethodHandle$Holder.delegate(java.lang.Object, java.lang.Object, int, java.lang.Object)'> (0x00000000899ad0d8) 
thrown [./src/hotspot/share/interpreter/linkResolver.cpp, line 782]
Event: 0.390 Thread 0x000001f528804360 Exception <a 'java/lang/NoSuchMethodError'{0x00000000899b18c8}: 'int java.lang.invoke.DirectMethodHandle$Holder.invokeSpecial(java.lang.Object, java.lang.Object, java.lang.Object)'> (0x00000000899b18c8) 
thrown [./src/hotspot/share/interpreter/linkResolver.cpp, line 782]
Event: 0.433 Thread 0x000001f528804360 Exception <a 'sun/nio/fs/WindowsException'{0x000000008981e1d8}> (0x000000008981e1d8) 
thrown [./src/hotspot/share/prims/jni.cpp, line 578]
Event: 0.433 Thread 0x000001f528804360 Exception <a 'sun/nio/fs/WindowsException'{0x000000008981e728}> (0x000000008981e728) 
thrown [./src/hotspot/share/prims/jni.cpp, line 578]
Event: 0.464 Thread 0x000001f528804360 Exception <a 'java/lang/NoSuchMethodError'{0x0000000089898468}: 'int java.lang.invoke.DirectMethodHandle$Holder.invokeStaticInit(java.lang.Object, java.lang.Object, int, long)'> (0x0000000089898468) 
thrown [./src/hotspot/share/interpreter/linkResolver.cpp, line 782]
Event: 0.465 Thread 0x000001f528804360 Exception <a 'java/lang/NoSuchMethodError'{0x000000008989df38}: 'java.lang.Object java.lang.invoke.DirectMethodHandle$Holder.newInvokeSpecial(java.lang.Object, java.lang.Object, int)'> (0x000000008989df38) 
thrown [./src/hotspot/share/interpreter/linkResolver.cpp, line 782]
Event: 0.471 Thread 0x000001f528804360 Exception <a 'java/lang/NoSuchMethodError'{0x00000000898ae4e0}: 'int java.lang.invoke.DirectMethodHandle$Holder.invokeStaticInit(java.lang.Object, java.lang.Object, long, long)'> (0x00000000898ae4e0) 
thrown [./src/hotspot/share/interpreter/linkResolver.cpp, line 782]
Event: 0.472 Thread 0x000001f528804360 Exception <a 'java/lang/NoSuchMethodError'{0x00000000898b4df8}: 'java.lang.Object java.lang.invoke.DirectMethodHandle$Holder.newInvokeSpecial(java.lang.Object, java.lang.Object, long)'> (0x00000000898b4df8) 
thrown [./src/hotspot/share/interpreter/linkResolver.cpp, line 782]
Event: 0.472 Thread 0x000001f528804360 Exception <a 'java/lang/NoSuchMethodError'{0x00000000898b91e8}: 'java.lang.Object java.lang.invoke.Invokers$Holder.linkToTargetMethod(java.lang.Object, long, java.lang.Object)'> (0x00000000898b91e8) 
thrown [./src/hotspot/share/interpreter/linkResolver.cpp, line 782]
Event: 0.474 Thread 0x000001f528804360 Exception <a 'java/lang/NoSuchMethodError'{0x00000000898c0bc8}: 'int java.lang.invoke.DirectMethodHandle$Holder.invokeStaticInit(java.lang.Object, java.lang.Object, java.lang.Object, long)'> (0x00000000898c0bc8) 
thrown [./src/hotspot/share/interpreter/linkResolver.cpp, line 782]
Event: 0.509 Thread 0x000001f5475354b0 Exception <a 'sun/nio/fs/WindowsException'{0x0000000089789a98}> (0x0000000089789a98) 
thrown [./src/hotspot/share/prims/jni.cpp, line 578]
Event: 0.509 Thread 0x000001f5475354b0 Exception <a 'sun/nio/fs/WindowsException'{0x0000000089789df8}> (0x0000000089789df8) 
thrown [./src/hotspot/share/prims/jni.cpp, line 578]

Events (20 events):
Event: 0.452 loading class jdk/internal/reflect/UnsafeQualifiedStaticFieldAccessorImpl done
Event: 0.452 loading class jdk/internal/reflect/UnsafeQualifiedStaticObjectFieldAccessorImpl done
Event: 0.461 loading class java/util/function/LongPredicate
Event: 0.461 loading class java/util/function/LongPredicate done
Event: 0.467 loading class jdk/internal/access/foreign/MemorySegmentProxy
Event: 0.467 loading class jdk/internal/access/foreign/MemorySegmentProxy done
Event: 0.475 loading class java/math/MutableBigInteger
Event: 0.475 loading class java/math/MutableBigInteger done
Event: 0.475 loading class java/nio/InvalidMarkException
Event: 0.475 loading class java/nio/InvalidMarkException done
Event: 0.475 loading class java/nio/BufferUnderflowException
Event: 0.475 loading class java/nio/BufferUnderflowException done
Event: 0.495 loading class java/util/function/BiPredicate
Event: 0.495 loading class java/util/function/BiPredicate done
Event: 0.518 loading class jdk/internal/reflect/UnsafeQualifiedStaticIntegerFieldAccessorImpl
Event: 0.518 loading class jdk/internal/reflect/UnsafeQualifiedStaticIntegerFieldAccessorImpl done
Event: 0.576 loading class java/lang/invoke/BoundMethodHandle$Species_LLL
Event: 0.576 loading class java/lang/invoke/BoundMethodHandle$Species_LLL done
Event: 0.577 loading class java/lang/invoke/BoundMethodHandle$Species_LLLL
Event: 0.578 loading class java/lang/invoke/BoundMethodHandle$Species_LLLL done


Dynamic libraries:
0x00007ff652810000 - 0x00007ff65281d000 	C:\Users\hamms\.jdks\azul-15.0.10\bin\java.exe
0x00007ff8ec830000 - 0x00007ff8eca28000 	C:\WINDOWS\SYSTEM32\ntdll.dll
0x00007ff8eadd0000 - 0x00007ff8eae8d000 	C:\WINDOWS\System32\KERNEL32.DLL
0x00007ff8ea090000 - 0x00007ff8ea386000 	C:\WINDOWS\System32\KERNELBASE.dll
0x00007ff8ea520000 - 0x00007ff8ea620000 	C:\WINDOWS\System32\ucrtbase.dll
0x00007ff8e5300000 - 0x00007ff8e5315000 	C:\Users\hamms\.jdks\azul-15.0.10\bin\VCRUNTIME140.dll
0x00007ff8e3e60000 - 0x00007ff8e3e78000 	C:\Users\hamms\.jdks\azul-15.0.10\bin\jli.dll
0x00007ff8eafb0000 - 0x00007ff8eb14e000 	C:\WINDOWS\System32\USER32.dll
0x00007ff8ea620000 - 0x00007ff8ea642000 	C:\WINDOWS\System32\win32u.dll
0x00007ff8eba80000 - 0x00007ff8ebaac000 	C:\WINDOWS\System32\GDI32.dll
0x00007ff8ea400000 - 0x00007ff8ea51a000 	C:\WINDOWS\System32\gdi32full.dll
0x00007ff8c25f0000 - 0x00007ff8c288a000 	C:\WINDOWS\WinSxS\amd64_microsoft.windows.common-controls_6595b64144ccf1df_6.0.19041.1110_none_60b5254171f9507e\COMCTL32.dll
0x00007ff8ec5a0000 - 0x00007ff8ec63e000 	C:\WINDOWS\System32\msvcrt.dll
0x00007ff8e9ff0000 - 0x00007ff8ea08d000 	C:\WINDOWS\System32\msvcp_win.dll
0x00007ff8ec2a0000 - 0x00007ff8ec2d0000 	C:\WINDOWS\System32\IMM32.DLL
0x00007ff8bc270000 - 0x00007ff8bc30b000 	C:\Users\hamms\.jdks\azul-15.0.10\bin\msvcp140.dll
0x00007ff8990c0000 - 0x00007ff899c5c000 	C:\Users\hamms\.jdks\azul-15.0.10\bin\server\jvm.dll
0x00007ff8ec350000 - 0x00007ff8ec3fe000 	C:\WINDOWS\System32\ADVAPI32.dll
0x00007ff8ec0c0000 - 0x00007ff8ec15c000 	C:\WINDOWS\System32\sechost.dll
0x00007ff8ec170000 - 0x00007ff8ec296000 	C:\WINDOWS\System32\RPCRT4.dll
0x00007ff8ec160000 - 0x00007ff8ec168000 	C:\WINDOWS\System32\PSAPI.DLL
0x00007ff8c5100000 - 0x00007ff8c5109000 	C:\WINDOWS\SYSTEM32\WSOCK32.dll
0x00007ff8ead00000 - 0x00007ff8ead6b000 	C:\WINDOWS\System32\WS2_32.dll
0x00007ff8d5930000 - 0x00007ff8d5957000 	C:\WINDOWS\SYSTEM32\WINMM.dll
0x00007ff8e5c90000 - 0x00007ff8e5c9a000 	C:\WINDOWS\SYSTEM32\VERSION.dll
0x00007ff8e7ce0000 - 0x00007ff8e7cf2000 	C:\WINDOWS\SYSTEM32\kernel.appcore.dll
0x00007ff8e5260000 - 0x00007ff8e526a000 	C:\Users\hamms\.jdks\azul-15.0.10\bin\jimage.dll
0x00007ff8e4c60000 - 0x00007ff8e4e44000 	C:\WINDOWS\SYSTEM32\DBGHELP.DLL
0x00007ff8e4bc0000 - 0x00007ff8e4bf4000 	C:\WINDOWS\SYSTEM32\dbgcore.DLL
0x00007ff8e9f60000 - 0x00007ff8e9fe2000 	C:\WINDOWS\System32\bcryptPrimitives.dll
0x00007ff8e4fd0000 - 0x00007ff8e4fde000 	C:\Users\hamms\.jdks\azul-15.0.10\bin\instrument.dll
0x00007ff8d5760000 - 0x00007ff8d5785000 	C:\Users\hamms\.jdks\azul-15.0.10\bin\java.dll
0x00007ff8eb150000 - 0x00007ff8eb895000 	C:\WINDOWS\System32\SHELL32.dll
0x00007ff8e7fc0000 - 0x00007ff8e875b000 	C:\WINDOWS\SYSTEM32\windows.storage.dll
0x00007ff8ebc60000 - 0x00007ff8ebfb4000 	C:\WINDOWS\System32\combase.dll
0x00007ff8e9880000 - 0x00007ff8e98ae000 	C:\WINDOWS\SYSTEM32\Wldp.dll
0x00007ff8eb9d0000 - 0x00007ff8eba7d000 	C:\WINDOWS\System32\SHCORE.dll
0x00007ff8eae90000 - 0x00007ff8eaee5000 	C:\WINDOWS\System32\shlwapi.dll
0x00007ff8e9e40000 - 0x00007ff8e9e65000 	C:\WINDOWS\SYSTEM32\profapi.dll
0x00007ff8e3e40000 - 0x00007ff8e3e58000 	C:\Users\hamms\.jdks\azul-15.0.10\bin\zip.dll
0x00007ff8d4570000 - 0x00007ff8d4589000 	C:\Users\hamms\.jdks\azul-15.0.10\bin\net.dll
0x00007ff8e36e0000 - 0x00007ff8e37ea000 	C:\WINDOWS\SYSTEM32\WINHTTP.dll
0x00007ff8e95e0000 - 0x00007ff8e964a000 	C:\WINDOWS\system32\mswsock.dll
0x00007ff8d4280000 - 0x00007ff8d4292000 	C:\Users\hamms\.jdks\azul-15.0.10\bin\nio.dll
0x00007ff8d1610000 - 0x00007ff8d162a000 	C:\Program Files\JetBrains\IntelliJ IDEA 2023.1.2\bin\breakgen64.dll
0x00007ff8bbe50000 - 0x00007ff8bbecb000 	C:\Users\hamms\AppData\Local\Temp\lwjgl_hamms\3.3.3+5\x64\lwjgl.dll
0x00007ff8ba3d0000 - 0x00007ff8ba452000 	C:\Users\hamms\AppData\Local\Temp\lwjgl_hamms\3.3.3+5\x64\glfw.dll
0x00007ff8cb700000 - 0x00007ff8cb745000 	C:\WINDOWS\SYSTEM32\dinput8.dll
0x00007ff8d5410000 - 0x00007ff8d5421000 	C:\WINDOWS\SYSTEM32\xinput1_4.dll
0x00007ff8e9f10000 - 0x00007ff8e9f5e000 	C:\WINDOWS\System32\cfgmgr32.dll
0x00007ff8e9c30000 - 0x00007ff8e9c63000 	C:\WINDOWS\SYSTEM32\DEVOBJ.dll
0x00007ff8e7cb0000 - 0x00007ff8e7cdf000 	C:\WINDOWS\SYSTEM32\dwmapi.dll
0x00007ff8e7910000 - 0x00007ff8e79ae000 	C:\WINDOWS\system32\uxtheme.dll
0x00007ff8ebb40000 - 0x00007ff8ebc54000 	C:\WINDOWS\System32\MSCTF.dll
0x00007ff8ebff0000 - 0x00007ff8ec0bd000 	C:\WINDOWS\System32\OLEAUT32.dll
0x00007ff8d3d00000 - 0x00007ff8d3e52000 	C:\WINDOWS\SYSTEM32\inputhost.dll
0x00007ff8e75f0000 - 0x00007ff8e76e2000 	C:\WINDOWS\SYSTEM32\CoreMessaging.dll
0x00007ff8e3290000 - 0x00007ff8e3386000 	C:\WINDOWS\SYSTEM32\PROPSYS.dll
0x00007ff8e6ba0000 - 0x00007ff8e6cf5000 	C:\WINDOWS\SYSTEM32\wintypes.dll
0x00007ff8e7290000 - 0x00007ff8e75ee000 	C:\WINDOWS\SYSTEM32\CoreUIComponents.dll
0x00007ff8e9010000 - 0x00007ff8e9043000 	C:\WINDOWS\SYSTEM32\ntmarta.dll

dbghelp: loaded successfully - version: 4.0.5 - missing functions: none
symbol engine: initialized successfully - sym options: 0x614 - pdb path: .;C:\Users\hamms\.jdks\azul-15.0.10\bin;C:\WINDOWS\SYSTEM32;C:\WINDOWS\WinSxS\amd64_microsoft.windows.common-controls_6595b64144ccf1df_6.0.19041.1110_none_60b5254171f9507e;C:\Users\hamms\.jdks\azul-15.0.10\bin\server;C:\Program Files\JetBrains\IntelliJ IDEA 2023.1.2\bin;C:\Users\hamms\AppData\Local\Temp\lwjgl_hamms\3.3.3+5\x64

VM Arguments:
jvm_args: -javaagent:C:\Program Files\JetBrains\IntelliJ IDEA 2023.1.2\lib\idea_rt.jar=63013:C:\Program Files\JetBrains\IntelliJ IDEA 2023.1.2\bin -Dfile.encoding=UTF-8 
java_command: Main
java_class_path (initial): C:\Users\hamms\Downloads\KAGO5_Preview\out\production\classes;C:\Users\hamms\Downloads\KAGO5_Preview\out\production\resources;C:\Users\hamms\Downloads\KAGO5_Preview\libs\lwjgl-3.3.3\libs\lwjgl-glfw-javadoc.jar;C:\Users\hamms\Downloads\KAGO5_Preview\libs\lwjgl-3.3.3\libs\lwjgl-glfw-natives-windows.jar;C:\Users\hamms\Downloads\KAGO5_Preview\libs\lwjgl-3.3.3\libs\lwjgl-glfw-sources.jar;C:\Users\hamms\Downloads\KAGO5_Preview\libs\lwjgl-3.3.3\libs\lwjgl-glfw.jar;C:\Users\hamms\Downloads\KAGO5_Preview\libs\lwjgl-3.3.3\libs\lwjgl-javadoc.jar;C:\Users\hamms\Downloads\KAGO5_Preview\libs\lwjgl-3.3.3\libs\lwjgl-natives-windows.jar;C:\Users\hamms\Downloads\KAGO5_Preview\libs\lwjgl-3.3.3\libs\lwjgl-openal-javadoc.jar;C:\Users\hamms\Downloads\KAGO5_Preview\libs\lwjgl-3.3.3\libs\lwjgl-openal-natives-windows.jar;C:\Users\hamms\Downloads\KAGO5_Preview\libs\lwjgl-3.3.3\libs\lwjgl-openal-sources.jar;C:\Users\hamms\Downloads\KAGO5_Preview\libs\lwjgl-3.3.3\libs\lwjgl-openal.jar;C:\Users\hamms\Downloads\KAGO5_Preview\libs\lwjgl-3.3.3\libs\lwjgl-opencl-javadoc.jar;C:\Users\hamms\Downloads\KAGO5_Preview\libs\lwjgl-3.3.3\libs\lwjgl-opencl-sources.jar;C:\Users\hamms\Downloads\KAGO5_Preview\libs\lwjgl-3.3.3\libs\lwjgl-opencl.jar;C:\Users\hamms\Downloads\KAGO5_Preview\libs\lwjgl-3.3.3\libs\lwjgl-opengl-javadoc.jar;C:\Users\hamms\Downloads\KAGO5_Preview\libs\lwjgl-3.3.3\libs\lwjgl-opengl-natives-windows.jar;C:\Users\hamms\Downloads\KAGO5_Preview\libs\lwjgl-3.3.3\libs\lwjgl-opengl-sources.jar;C:\Users\hamms\Downloads\KAGO5_Preview\libs\lwjgl-3.3.3\libs\lwjgl-opengl.jar;C:\Users\hamms\Downloads\KAGO5_Preview\libs\lwjgl-3.3.3\libs\lwjgl-sources.jar;C:\Users\hamms\Downloads\KAGO5_Preview\libs\lwjgl-3.3.3\libs\lwjgl-vulkan-javadoc.jar;C:\Users\hamms\Downloads\KAGO5_Preview\libs\lwjgl-3.3.3\libs\lwjgl-vulkan-sources.jar;C:\Users\hamms\Downloads\KAGO5_Preview\libs\lwjgl-3.3.3\libs\lwjgl-vulkan.jar;C:\Users\hamms\Downloads\KAGO5_Preview\libs\lwjgl-3.3.3\libs\lwjgl.jar;C:\Us
Launcher Type: SUN_STANDARD

[Global flags]
     intx CICompilerCount                          = 2                                         {product} {ergonomic}
     uint ConcGCThreads                            = 1                                         {product} {ergonomic}
     uint G1ConcRefinementThreads                  = 2                                         {product} {ergonomic}
   size_t G1HeapRegionSize                         = 1048576                                   {product} {ergonomic}
    uintx GCDrainStackTargetSize                   = 64                                        {product} {ergonomic}
   size_t InitialHeapSize                          = 134217728                                 {product} {ergonomic}
   size_t MarkStackSize                            = 4194304                                   {product} {ergonomic}
   size_t MaxHeapSize                              = 2120220672                                {product} {ergonomic}
   size_t MaxNewSize                               = 1271922688                                {product} {ergonomic}
   size_t MinHeapDeltaBytes                        = 1048576                                   {product} {ergonomic}
   size_t MinHeapSize                              = 8388608                                   {product} {ergonomic}
    uintx NonNMethodCodeHeapSize                   = 5826188                                {pd product} {ergonomic}
    uintx NonProfiledCodeHeapSize                  = 122916026                              {pd product} {ergonomic}
    uintx ProfiledCodeHeapSize                     = 122916026                              {pd product} {ergonomic}
    uintx ReservedCodeCacheSize                    = 251658240                              {pd product} {ergonomic}
     bool SegmentedCodeCache                       = true                                      {product} {ergonomic}
   size_t SoftMaxHeapSize                          = 2120220672                             {manageable} {ergonomic}
     bool UseCompressedClassPointers               = true                                 {lp64_product} {ergonomic}
     bool UseCompressedOops                        = true                                 {lp64_product} {ergonomic}
     bool UseG1GC                                  = true                                      {product} {ergonomic}
     bool UseLargePagesIndividualAllocation        = false                                  {pd product} {ergonomic}

Logging:
Log output configuration:
 #0: stdout all=warning uptime,level,tags
 #1: stderr all=off uptime,level,tags

Environment Variables:
PATH=F:\Hello World\Python 2-7-5\Lib\site-packages\PyQt4;C:\Program Files (x86)\Common Files\Oracle\Java\javapath;C:\Windows\system32;C:\Windows;C:\Windows\System32\Wbem;C:\Windows\System32\WindowsPowerShell\v1.0\;C:\Windows\System32\OpenSSH\;C:\Program Files\Git LFS;C:\Program Files\Git\cmd;C:\Program Files\dotnet\;C:\WINDOWS\system32;C:\WINDOWS;C:\WINDOWS\System32\Wbem;C:\WINDOWS\System32\WindowsPowerShell\v1.0\;C:\WINDOWS\System32\OpenSSH\;C:\Users\hamms\AppData\Local\Microsoft\WindowsApps;C:\ProgramData\hamms\GitHubDesktop\bin;C:\Program Files\JetBrains\IntelliJ IDEA 2023.1.2\bin;;C:\Users\hamms\.dotnet\tools;F:\Microsoft VS Code\bin;F:\XAMPP\php;
USERNAME=hamms
OS=Windows_NT
PROCESSOR_IDENTIFIER=Intel64 Family 6 Model 94 Stepping 3, GenuineIntel



---------------  S Y S T E M  ---------------

OS:
 Windows 10 , 64 bit Build 19041 (10.0.19041.3393)
OS uptime: 17 days 19:33 hours

CPU: total 2 (initial active 2) (2 cores per cpu, 1 threads per core) family 6 model 94 stepping 3 microcode 0xcc, cmov, cx8, fxsr, mmx, sse, sse2, sse3, ssse3, sse4.1, sse4.2, popcnt, aes, clmul, erms, 3dnowpref, lzcnt, tsc, tscinvbit, clflush, clflushopt

Memory: 4k page, system-wide physical 8082M (1709M free)
TotalPageFile size 18705M (AvailPageFile size 4391M)
current process WorkingSet (physical memory assigned to process): 57M, peak: 57M
current process commit charge ("private bytes"): 210M, peak: 210M

vm_info: OpenJDK 64-Bit Server VM (15.0.10+5-MTS) for windows-amd64 JRE (15.0.10+5-MTS) (Zulu15.46+17-CA), built on Jan  7 2023 17:34:05 by "zulu_re" with MS VC++ 15.9 (VS2017)

END.
