#
# A fatal error has been detected by the Java Runtime Environment:
#
#  EXCEPTION_ACCESS_VIOLATION (0xc0000005) at pc=0x00007ffbf408839b, pid=11460, tid=9468
#
# JRE version: OpenJDK Runtime Environment Zulu15.46+17-CA (15.0.10+5) (build 15.0.10+5-MTS)
# Java VM: OpenJDK 64-Bit Server VM Zulu15.46+17-CA (15.0.10+5-MTS, mixed mode, sharing, tiered, compressed oops, g1 gc, windows-amd64)
# Problematic frame:
# C  [ig9icd64.dll+0x91839b]
#
# No core dump will be written. Minidumps are not enabled by default on client versions of Windows
#
# If you would like to submit a bug report, please visit:
#   http://www.azul.com/support/
# The crash happened outside the Java Virtual Machine in native code.
# See problematic frame for where to report the bug.
#

---------------  S U M M A R Y ------------

Command Line: -javaagent:C:\Program Files\JetBrains\IntelliJ IDEA 2023.1.2\lib\idea_rt.jar=56407:C:\Program Files\JetBrains\IntelliJ IDEA 2023.1.2\bin -Dfile.encoding=UTF-8 Main

Host: Intel(R) Celeron(R) CPU G3900 @ 2.80GHz, 2 cores, 7G,  Windows 10 , 64 bit Build 19041 (10.0.19041.3393)
Time: Fri Oct  6 18:30:27 2023 Mitteleuropäische Sommerzeit elapsed time: 0.913530 seconds (0d 0h 0m 0s)

---------------  T H R E A D  ---------------

Current thread (0x000001500fb3ecf0):  JavaThread "Thread-0" [_thread_in_native, id=9468, stack(0x0000000681600000,0x0000000681700000)]

Stack: [0x0000000681600000,0x0000000681700000],  sp=0x00000006816fc1f0,  free space=1008k
Native frames: (J=compiled Java code, j=interpreted, Vv=VM code, C=native code)
C  [ig9icd64.dll+0x91839b]

Java frames: (J=compiled Java code, j=interpreted, Vv=VM code)
j  org.lwjgl.opengl.GL11C.nglDrawElements(IIIJ)V+0
j  org.lwjgl.opengl.GL11C.glDrawElements(IIIJ)V+4
j  org.lwjgl.opengl.GL11.glDrawElements(IIIJ)V+4
j  KAGO_framework.Core.Subsystems.Graphics.BetterRenderer.Renderer.render(II)V+18
j  KAGO_framework.Core.Subsystems.Graphics.BetterRenderer.Renderer.RenderFrame()V+31
j  KAGO_framework.Core.Subsystems.Graphics.Entrypoint.Update()V+3
j  KAGO_framework.Core.Subsystems.SubsystemManager.UpdateSubsystems()V+19
j  KAGO_framework.Core.GameManager.loop()V+86
j  KAGO_framework.Core.GameManager.run()V+9
j  java.lang.Thread.run()V+11 java.base@15.0.10
v  ~StubRoutines::call_stub

siginfo: EXCEPTION_ACCESS_VIOLATION (0xc0000005), reading address 0x0000000000000030


Register to memory mapping:

RIP=0x00007ffbf408839b ig9icd64.dll
RAX=0x0000015015bfd7e0 points into unknown readable memory: 0x0000000000000000 | 00 00 00 00 00 00 00 00
RBX=0x0 is NULL
RCX=0x0 is NULL
RDX=0x0000015015bfc800 points into unknown readable memory: 0x0000000000000000 | 00 00 00 00 00 00 00 00
RSP=0x00000006816fc1f0 is pointing into the stack for thread: 0x000001500fb3ecf0
RBP=0x00000006816fc2f0 is pointing into the stack for thread: 0x000001500fb3ecf0
RSI=0x0000015015bfd0e0 points into unknown readable memory: 0x0000000000000000 | 00 00 00 00 00 00 00 00
RDI=0x000001501036fdc0 points into unknown readable memory: 0x0000015010160e00 | 00 0e 16 10 50 01 00 00
R8 =0x00000150103f6e00 points into unknown readable memory: 0x00000000ffffffff | ff ff ff ff 00 00 00 00
R9 =0x0000015015bfc800 points into unknown readable memory: 0x0000000000000000 | 00 00 00 00 00 00 00 00
R10=0x000001501039ae8a points into unknown readable memory: 00 00 00 00 00 00
R11=0x0000000000000001 is an unknown value
R12=0x0 is NULL
R13=0x0000015015bfd998 points into unknown readable memory: 0x0000000000000000 | 00 00 00 00 00 00 00 00
R14=0x0 is NULL
R15=0x0 is NULL


Registers:
RAX=0x0000015015bfd7e0, RBX=0x0000000000000000, RCX=0x0000000000000000, RDX=0x0000015015bfc800
RSP=0x00000006816fc1f0, RBP=0x00000006816fc2f0, RSI=0x0000015015bfd0e0, RDI=0x000001501036fdc0
R8 =0x00000150103f6e00, R9 =0x0000015015bfc800, R10=0x000001501039ae8a, R11=0x0000000000000001
R12=0x0000000000000000, R13=0x0000015015bfd998, R14=0x0000000000000000, R15=0x0000000000000000
RIP=0x00007ffbf408839b, EFLAGS=0x0000000000010202

Top of Stack: (sp=0x00000006816fc1f0)
0x00000006816fc1f0:   0000001000000000 0000000000000000
0x00000006816fc200:   0000000000000401 00000150103a8740
0x00000006816fc210:   0000000001010000 0000000001010000
0x00000006816fc220:   0000000200000101 00007ffc00000001
0x00000006816fc230:   000001506e940000 0000000015ba4ec8
0x00000006816fc240:   0000010000000001 0000000200000000
0x00000006816fc250:   0000010000000000 0000000000000000
0x00000006816fc260:   000001501039ae8a 00000006816fc940
0x00000006816fc270:   0000015000000001 0000015015bfd998
0x00000006816fc280:   0000000000000000 0000015015bfc800
0x00000006816fc290:   000001501039ae8a 00000150103e50f0
0x00000006816fc2a0:   0000000000000000 0000015015d19870
0x00000006816fc2b0:   00000150103f6e80 0000015015c76210
0x00000006816fc2c0:   0000015015c82600 0000000000000000
0x00000006816fc2d0:   00000150111e0420 000003f000000001
0x00000006816fc2e0:   00000150103a4bc8 00007ffc3b292063 

Instructions: (pc=0x00007ffbf408839b)
0x00007ffbf408829b:   01 89 45 80 44 8b a7 c4 b0 02 00 44 89 64 24 68
0x00007ffbf40882ab:   4b 8d 04 49 4c 8d 9d 50 06 00 00 49 8d 04 c3 48
0x00007ffbf40882bb:   89 44 24 78 41 8b cd 41 bb 01 00 00 00 41 8b db
0x00007ffbf40882cb:   d3 e3 89 5c 24 50 44 89 74 24 60 44 88 5c 24 65
0x00007ffbf40882db:   45 84 c0 0f 85 17 07 00 00 85 9f f0 af 02 00 0f
0x00007ffbf40882eb:   84 ac 06 00 00 48 8b 97 d8 90 01 00 45 8b fd 4b
0x00007ffbf40882fb:   8d 04 ff 4c 8d 0c c2 4c 89 4d 98 41 8b 41 48 89
0x00007ffbf408830b:   44 24 60 41 8b 41 40 48 8d 70 47 48 8d 34 b0 48
0x00007ffbf408831b:   8d 34 f2 48 8b 46 10 44 38 9f 60 bd 02 00 75 5b
0x00007ffbf408832b:   48 8b 87 50 bd 02 00 4a 8b 84 f8 a0 00 00 00 48
0x00007ffbf408833b:   89 45 88 48 8b 58 30 48 8b 43 30 48 8b 48 20 41
0x00007ffbf408834b:   8d 53 01 48 8b 49 08 e8 c9 33 70 ff 4c 8b e0 4c
0x00007ffbf408835b:   8b 5c 24 78 45 89 63 08 48 8b 8f 50 bd 02 00 46
0x00007ffbf408836b:   8b 44 b9 20 45 89 43 0c 48 8b 4b 30 48 8b 51 20
0x00007ffbf408837b:   49 89 13 45 2b e0 e9 94 00 00 00 83 78 08 00 74
0x00007ffbf408838b:   39 4c 8d a8 b8 01 00 00 4c 89 6d 88 49 8b 5d 30
0x00007ffbf408839b:   48 8b 43 30 48 8b 48 20 ba 02 00 00 00 48 8b 49
0x00007ffbf40883ab:   08 e8 6f 33 70 ff 4c 8b 5c 24 78 41 89 43 08 8b
0x00007ffbf40883bb:   4b 10 03 0e 41 89 4b 0c eb 46 4c 8b 6e 18 4c 89
0x00007ffbf40883cb:   6d 88 4d 85 ed 74 5f 48 8b 05 67 ae 5b 00 83 b8
0x00007ffbf40883db:   78 08 00 00 00 74 4f 49 8b 5d 30 48 8b 43 30 48
0x00007ffbf40883eb:   8b 48 20 ba 02 00 00 00 48 8b 49 08 e8 24 33 70
0x00007ffbf40883fb:   ff 4c 8b 5c 24 78 41 89 43 08 8b 06 41 89 43 0c
0x00007ffbf408840b:   48 8b 43 30 48 8b 48 20 49 89 0b 45 8b 65 14 8b
0x00007ffbf408841b:   4e 08 89 4c 24 48 8b 46 0c 89 44 24 44 4c 8b 4d
0x00007ffbf408842b:   98 e9 d3 04 00 00 8b 46 08 89 44 24 48 44 8b 5e
0x00007ffbf408843b:   0c 44 89 5c 24 44 49 8b 49 28 48 85 c9 0f 85 e1
0x00007ffbf408844b:   00 00 00 48 8b 75 a8 44 0f b6 7c 24 40 44 8b 4c
0x00007ffbf408845b:   24 58 4c 89 54 24 70 4d 8b ea 32 c0 44 8b 64 24
0x00007ffbf408846b:   6c 80 7c 24 54 00 44 0f 45 65 80 84 c0 0f 85 1c
0x00007ffbf408847b:   0f 00 00 45 8b cc 48 8b 8e c0 1e 01 00 4a 39 8c
0x00007ffbf408848b:   e6 94 1d 01 00 74 12 4a 89 8c e6 94 1d 01 00 81 


Stack slot to memory mapping:
stack at sp + 0 slots: 0x0000001000000000 is an unknown value
stack at sp + 1 slots: 0x0 is NULL
stack at sp + 2 slots: 0x0000000000000401 is an unknown value
stack at sp + 3 slots: 0x00000150103a8740 points into unknown readable memory: 0x0000000000000001 | 01 00 00 00 00 00 00 00
stack at sp + 4 slots: 0x0000000001010000 is an unknown value
stack at sp + 5 slots: 0x0000000001010000 is an unknown value
stack at sp + 6 slots: 0x0000000200000101 is an unknown value
stack at sp + 7 slots: 0x00007ffc00000001 is an unknown value


---------------  P R O C E S S  ---------------

Threads class SMR info:
_java_thread_list=0x000001500fb3aa40, length=13, elements={
0x000001507fc155e0, 0x000001507fc16760, 0x000001507fc2aa00, 0x000001507fc2d2d0,
0x000001507fc2f950, 0x000001507fc311a0, 0x000001507fc372e0, 0x000001507fc4a760,
0x000001500f899810, 0x000001500fb09200, 0x000001500f95f400, 0x000001500fb3ecf0,
0x0000015070b91f20
}

Java Threads: ( => current thread )
  0x000001507fc155e0 JavaThread "Reference Handler" daemon [_thread_blocked, id=10844, stack(0x0000000680a00000,0x0000000680b00000)]
  0x000001507fc16760 JavaThread "Finalizer" daemon [_thread_blocked, id=8404, stack(0x0000000680b00000,0x0000000680c00000)]
  0x000001507fc2aa00 JavaThread "Signal Dispatcher" daemon [_thread_blocked, id=8076, stack(0x0000000680c00000,0x0000000680d00000)]
  0x000001507fc2d2d0 JavaThread "Attach Listener" daemon [_thread_blocked, id=12860, stack(0x0000000680d00000,0x0000000680e00000)]
  0x000001507fc2f950 JavaThread "Service Thread" daemon [_thread_blocked, id=12968, stack(0x0000000680e00000,0x0000000680f00000)]
  0x000001507fc311a0 JavaThread "C2 CompilerThread0" daemon [_thread_blocked, id=5864, stack(0x0000000680f00000,0x0000000681000000)]
  0x000001507fc372e0 JavaThread "C1 CompilerThread0" daemon [_thread_blocked, id=7528, stack(0x0000000681000000,0x0000000681100000)]
  0x000001507fc4a760 JavaThread "Sweeper thread" daemon [_thread_blocked, id=14688, stack(0x0000000681100000,0x0000000681200000)]
  0x000001500f899810 JavaThread "Common-Cleaner" daemon [_thread_blocked, id=13380, stack(0x0000000681200000,0x0000000681300000)]
  0x000001500fb09200 JavaThread "Monitor Ctrl-Break" daemon [_thread_in_native, id=3532, stack(0x0000000681300000,0x0000000681400000)]
  0x000001500f95f400 JavaThread "Notification Thread" daemon [_thread_blocked, id=16320, stack(0x0000000681400000,0x0000000681500000)]
=>0x000001500fb3ecf0 JavaThread "Thread-0" [_thread_in_native, id=9468, stack(0x0000000681600000,0x0000000681700000)]
  0x0000015070b91f20 JavaThread "DestroyJavaVM" [_thread_blocked, id=7092, stack(0x0000000680300000,0x0000000680400000)]

Other Threads:
  0x000001507fc107a0 VMThread "VM Thread" [stack: 0x0000000680900000,0x0000000680a00000] [id=15904]
  0x0000015070b92f60 WatcherThread [stack: 0x0000000681500000,0x0000000681600000] [id=512]
  0x0000015070bd07f0 GCTaskThread "GC Thread#0" [stack: 0x0000000680400000,0x0000000680500000] [id=8516]
  0x000001500fb712d0 GCTaskThread "GC Thread#1" [stack: 0x0000000681700000,0x0000000681800000] [id=10984]
  0x0000015070be1510 ConcurrentGCThread "G1 Main Marker" [stack: 0x0000000680500000,0x0000000680600000] [id=12028]
  0x0000015070be2010 ConcurrentGCThread "G1 Conc#0" [stack: 0x0000000680600000,0x0000000680700000] [id=14744]
  0x0000015070c52250 ConcurrentGCThread "G1 Refine#0" [stack: 0x0000000680700000,0x0000000680800000] [id=12836]
  0x000001500faff080 ConcurrentGCThread "G1 Refine#1" [stack: 0x0000000681800000,0x0000000681900000] [id=7304]
  0x0000015070c52d60 ConcurrentGCThread "G1 Young RemSet Sampling" [stack: 0x0000000680800000,0x0000000680900000] [id=4020]

Threads with active compile tasks:

VM state: not at safepoint (normal execution)

VM Mutex/Monitor currently owned by a thread: None

Heap address: 0x0000000081a00000, size: 2022 MB, Compressed Oops mode: 32-bit
CDS archive(s) mapped at: [0x0000000800000000-0x0000000800b50000-0x0000000800b50000), size 11862016, SharedBaseAddress: 0x0000000800000000, ArchiveRelocationMode: 0.
Compressed class space mapped at: 0x0000000800b50000-0x0000000840b50000, size: 1073741824
Narrow klass base: 0x0000000800000000, Narrow klass shift: 3, Narrow klass range: 0x100000000

GC Precious Log:
 CPUs: 2 total, 2 available
 Memory: 8082M
 Large Page Support: Disabled
 NUMA Support: Disabled
 Compressed Oops: Enabled (32-bit)
 Heap Region Size: 1M
 Heap Min Capacity: 8M
 Heap Initial Capacity: 128M
 Heap Max Capacity: 2022M
 Pre-touch: Disabled
 Parallel Workers: 2
 Concurrent Workers: 1
 Concurrent Refinement Workers: 2
 Periodic GC: Disabled

Heap:
 garbage-first heap   total 131072K, used 6596K [0x0000000081a00000, 0x0000000100000000)
  region size 1024K, 4 young (4096K), 1 survivors (1024K)
 Metaspace       used 5449K, capacity 7424K, committed 7552K, reserved 1056768K
  class space    used 365K, capacity 578K, committed 640K, reserved 1048576K

Heap Regions: E=young(eden), S=young(survivor), O=old, HS=humongous(starts), HC=humongous(continues), CS=collection set, F=free, OA=open archive, CA=closed archive, TAMS=top-at-mark-start (previous, next)
|   0|0x0000000081a00000, 0x0000000081b00000, 0x0000000081b00000|100%| O|  |TAMS 0x0000000081a00000, 0x0000000081a00000| Untracked 
|   1|0x0000000081b00000, 0x0000000081c00000, 0x0000000081c00000|100%| O|  |TAMS 0x0000000081b00000, 0x0000000081b00000| Untracked 
|   2|0x0000000081c00000, 0x0000000081d00000, 0x0000000081d00000|100%| O|  |TAMS 0x0000000081c00000, 0x0000000081c00000| Untracked 
|   3|0x0000000081d00000, 0x0000000081dbbc00, 0x0000000081e00000| 73%| O|  |TAMS 0x0000000081d00000, 0x0000000081d00000| Untracked 
|   4|0x0000000081e00000, 0x0000000081e00000, 0x0000000081f00000|  0%| F|  |TAMS 0x0000000081e00000, 0x0000000081e00000| Untracked 
|   5|0x0000000081f00000, 0x0000000081f00000, 0x0000000082000000|  0%| F|  |TAMS 0x0000000081f00000, 0x0000000081f00000| Untracked 
|   6|0x0000000082000000, 0x0000000082000000, 0x0000000082100000|  0%| F|  |TAMS 0x0000000082000000, 0x0000000082000000| Untracked 
|   7|0x0000000082100000, 0x0000000082100000, 0x0000000082200000|  0%| F|  |TAMS 0x0000000082100000, 0x0000000082100000| Untracked 
|   8|0x0000000082200000, 0x0000000082200000, 0x0000000082300000|  0%| F|  |TAMS 0x0000000082200000, 0x0000000082200000| Untracked 
|   9|0x0000000082300000, 0x0000000082300000, 0x0000000082400000|  0%| F|  |TAMS 0x0000000082300000, 0x0000000082300000| Untracked 
|  10|0x0000000082400000, 0x0000000082400000, 0x0000000082500000|  0%| F|  |TAMS 0x0000000082400000, 0x0000000082400000| Untracked 
|  11|0x0000000082500000, 0x0000000082500000, 0x0000000082600000|  0%| F|  |TAMS 0x0000000082500000, 0x0000000082500000| Untracked 
|  12|0x0000000082600000, 0x0000000082600000, 0x0000000082700000|  0%| F|  |TAMS 0x0000000082600000, 0x0000000082600000| Untracked 
|  13|0x0000000082700000, 0x0000000082700000, 0x0000000082800000|  0%| F|  |TAMS 0x0000000082700000, 0x0000000082700000| Untracked 
|  14|0x0000000082800000, 0x0000000082800000, 0x0000000082900000|  0%| F|  |TAMS 0x0000000082800000, 0x0000000082800000| Untracked 
|  15|0x0000000082900000, 0x0000000082900000, 0x0000000082a00000|  0%| F|  |TAMS 0x0000000082900000, 0x0000000082900000| Untracked 
|  16|0x0000000082a00000, 0x0000000082a00000, 0x0000000082b00000|  0%| F|  |TAMS 0x0000000082a00000, 0x0000000082a00000| Untracked 
|  17|0x0000000082b00000, 0x0000000082b00000, 0x0000000082c00000|  0%| F|  |TAMS 0x0000000082b00000, 0x0000000082b00000| Untracked 
|  18|0x0000000082c00000, 0x0000000082c00000, 0x0000000082d00000|  0%| F|  |TAMS 0x0000000082c00000, 0x0000000082c00000| Untracked 
|  19|0x0000000082d00000, 0x0000000082d00000, 0x0000000082e00000|  0%| F|  |TAMS 0x0000000082d00000, 0x0000000082d00000| Untracked 
|  20|0x0000000082e00000, 0x0000000082e00000, 0x0000000082f00000|  0%| F|  |TAMS 0x0000000082e00000, 0x0000000082e00000| Untracked 
|  21|0x0000000082f00000, 0x0000000082f00000, 0x0000000083000000|  0%| F|  |TAMS 0x0000000082f00000, 0x0000000082f00000| Untracked 
|  22|0x0000000083000000, 0x0000000083000000, 0x0000000083100000|  0%| F|  |TAMS 0x0000000083000000, 0x0000000083000000| Untracked 
|  23|0x0000000083100000, 0x0000000083100000, 0x0000000083200000|  0%| F|  |TAMS 0x0000000083100000, 0x0000000083100000| Untracked 
|  24|0x0000000083200000, 0x0000000083200000, 0x0000000083300000|  0%| F|  |TAMS 0x0000000083200000, 0x0000000083200000| Untracked 
|  25|0x0000000083300000, 0x0000000083300000, 0x0000000083400000|  0%| F|  |TAMS 0x0000000083300000, 0x0000000083300000| Untracked 
|  26|0x0000000083400000, 0x0000000083400000, 0x0000000083500000|  0%| F|  |TAMS 0x0000000083400000, 0x0000000083400000| Untracked 
|  27|0x0000000083500000, 0x0000000083500000, 0x0000000083600000|  0%| F|  |TAMS 0x0000000083500000, 0x0000000083500000| Untracked 
|  28|0x0000000083600000, 0x0000000083600000, 0x0000000083700000|  0%| F|  |TAMS 0x0000000083600000, 0x0000000083600000| Untracked 
|  29|0x0000000083700000, 0x0000000083700000, 0x0000000083800000|  0%| F|  |TAMS 0x0000000083700000, 0x0000000083700000| Untracked 
|  30|0x0000000083800000, 0x0000000083800000, 0x0000000083900000|  0%| F|  |TAMS 0x0000000083800000, 0x0000000083800000| Untracked 
|  31|0x0000000083900000, 0x0000000083900000, 0x0000000083a00000|  0%| F|  |TAMS 0x0000000083900000, 0x0000000083900000| Untracked 
|  32|0x0000000083a00000, 0x0000000083a00000, 0x0000000083b00000|  0%| F|  |TAMS 0x0000000083a00000, 0x0000000083a00000| Untracked 
|  33|0x0000000083b00000, 0x0000000083b00000, 0x0000000083c00000|  0%| F|  |TAMS 0x0000000083b00000, 0x0000000083b00000| Untracked 
|  34|0x0000000083c00000, 0x0000000083c00000, 0x0000000083d00000|  0%| F|  |TAMS 0x0000000083c00000, 0x0000000083c00000| Untracked 
|  35|0x0000000083d00000, 0x0000000083d00000, 0x0000000083e00000|  0%| F|  |TAMS 0x0000000083d00000, 0x0000000083d00000| Untracked 
|  36|0x0000000083e00000, 0x0000000083e00000, 0x0000000083f00000|  0%| F|  |TAMS 0x0000000083e00000, 0x0000000083e00000| Untracked 
|  37|0x0000000083f00000, 0x0000000083f00000, 0x0000000084000000|  0%| F|  |TAMS 0x0000000083f00000, 0x0000000083f00000| Untracked 
|  38|0x0000000084000000, 0x0000000084000000, 0x0000000084100000|  0%| F|  |TAMS 0x0000000084000000, 0x0000000084000000| Untracked 
|  39|0x0000000084100000, 0x0000000084100000, 0x0000000084200000|  0%| F|  |TAMS 0x0000000084100000, 0x0000000084100000| Untracked 
|  40|0x0000000084200000, 0x0000000084200000, 0x0000000084300000|  0%| F|  |TAMS 0x0000000084200000, 0x0000000084200000| Untracked 
|  41|0x0000000084300000, 0x0000000084300000, 0x0000000084400000|  0%| F|  |TAMS 0x0000000084300000, 0x0000000084300000| Untracked 
|  42|0x0000000084400000, 0x0000000084400000, 0x0000000084500000|  0%| F|  |TAMS 0x0000000084400000, 0x0000000084400000| Untracked 
|  43|0x0000000084500000, 0x0000000084500000, 0x0000000084600000|  0%| F|  |TAMS 0x0000000084500000, 0x0000000084500000| Untracked 
|  44|0x0000000084600000, 0x0000000084600000, 0x0000000084700000|  0%| F|  |TAMS 0x0000000084600000, 0x0000000084600000| Untracked 
|  45|0x0000000084700000, 0x0000000084700000, 0x0000000084800000|  0%| F|  |TAMS 0x0000000084700000, 0x0000000084700000| Untracked 
|  46|0x0000000084800000, 0x0000000084800000, 0x0000000084900000|  0%| F|  |TAMS 0x0000000084800000, 0x0000000084800000| Untracked 
|  47|0x0000000084900000, 0x0000000084900000, 0x0000000084a00000|  0%| F|  |TAMS 0x0000000084900000, 0x0000000084900000| Untracked 
|  48|0x0000000084a00000, 0x0000000084a00000, 0x0000000084b00000|  0%| F|  |TAMS 0x0000000084a00000, 0x0000000084a00000| Untracked 
|  49|0x0000000084b00000, 0x0000000084b00000, 0x0000000084c00000|  0%| F|  |TAMS 0x0000000084b00000, 0x0000000084b00000| Untracked 
|  50|0x0000000084c00000, 0x0000000084c00000, 0x0000000084d00000|  0%| F|  |TAMS 0x0000000084c00000, 0x0000000084c00000| Untracked 
|  51|0x0000000084d00000, 0x0000000084d00000, 0x0000000084e00000|  0%| F|  |TAMS 0x0000000084d00000, 0x0000000084d00000| Untracked 
|  52|0x0000000084e00000, 0x0000000084e00000, 0x0000000084f00000|  0%| F|  |TAMS 0x0000000084e00000, 0x0000000084e00000| Untracked 
|  53|0x0000000084f00000, 0x0000000084f00000, 0x0000000085000000|  0%| F|  |TAMS 0x0000000084f00000, 0x0000000084f00000| Untracked 
|  54|0x0000000085000000, 0x0000000085000000, 0x0000000085100000|  0%| F|  |TAMS 0x0000000085000000, 0x0000000085000000| Untracked 
|  55|0x0000000085100000, 0x0000000085100000, 0x0000000085200000|  0%| F|  |TAMS 0x0000000085100000, 0x0000000085100000| Untracked 
|  56|0x0000000085200000, 0x0000000085200000, 0x0000000085300000|  0%| F|  |TAMS 0x0000000085200000, 0x0000000085200000| Untracked 
|  57|0x0000000085300000, 0x0000000085300000, 0x0000000085400000|  0%| F|  |TAMS 0x0000000085300000, 0x0000000085300000| Untracked 
|  58|0x0000000085400000, 0x0000000085400000, 0x0000000085500000|  0%| F|  |TAMS 0x0000000085400000, 0x0000000085400000| Untracked 
|  59|0x0000000085500000, 0x0000000085500000, 0x0000000085600000|  0%| F|  |TAMS 0x0000000085500000, 0x0000000085500000| Untracked 
|  60|0x0000000085600000, 0x0000000085600000, 0x0000000085700000|  0%| F|  |TAMS 0x0000000085600000, 0x0000000085600000| Untracked 
|  61|0x0000000085700000, 0x0000000085700000, 0x0000000085800000|  0%| F|  |TAMS 0x0000000085700000, 0x0000000085700000| Untracked 
|  62|0x0000000085800000, 0x0000000085800000, 0x0000000085900000|  0%| F|  |TAMS 0x0000000085800000, 0x0000000085800000| Untracked 
|  63|0x0000000085900000, 0x0000000085900000, 0x0000000085a00000|  0%| F|  |TAMS 0x0000000085900000, 0x0000000085900000| Untracked 
|  64|0x0000000085a00000, 0x0000000085a00000, 0x0000000085b00000|  0%| F|  |TAMS 0x0000000085a00000, 0x0000000085a00000| Untracked 
|  65|0x0000000085b00000, 0x0000000085b00000, 0x0000000085c00000|  0%| F|  |TAMS 0x0000000085b00000, 0x0000000085b00000| Untracked 
|  66|0x0000000085c00000, 0x0000000085c00000, 0x0000000085d00000|  0%| F|  |TAMS 0x0000000085c00000, 0x0000000085c00000| Untracked 
|  67|0x0000000085d00000, 0x0000000085d00000, 0x0000000085e00000|  0%| F|  |TAMS 0x0000000085d00000, 0x0000000085d00000| Untracked 
|  68|0x0000000085e00000, 0x0000000085e00000, 0x0000000085f00000|  0%| F|  |TAMS 0x0000000085e00000, 0x0000000085e00000| Untracked 
|  69|0x0000000085f00000, 0x0000000085f00000, 0x0000000086000000|  0%| F|  |TAMS 0x0000000085f00000, 0x0000000085f00000| Untracked 
|  70|0x0000000086000000, 0x0000000086000000, 0x0000000086100000|  0%| F|  |TAMS 0x0000000086000000, 0x0000000086000000| Untracked 
|  71|0x0000000086100000, 0x0000000086100000, 0x0000000086200000|  0%| F|  |TAMS 0x0000000086100000, 0x0000000086100000| Untracked 
|  72|0x0000000086200000, 0x0000000086200000, 0x0000000086300000|  0%| F|  |TAMS 0x0000000086200000, 0x0000000086200000| Untracked 
|  73|0x0000000086300000, 0x0000000086300000, 0x0000000086400000|  0%| F|  |TAMS 0x0000000086300000, 0x0000000086300000| Untracked 
|  74|0x0000000086400000, 0x0000000086400000, 0x0000000086500000|  0%| F|  |TAMS 0x0000000086400000, 0x0000000086400000| Untracked 
|  75|0x0000000086500000, 0x0000000086500000, 0x0000000086600000|  0%| F|  |TAMS 0x0000000086500000, 0x0000000086500000| Untracked 
|  76|0x0000000086600000, 0x0000000086600000, 0x0000000086700000|  0%| F|  |TAMS 0x0000000086600000, 0x0000000086600000| Untracked 
|  77|0x0000000086700000, 0x0000000086700000, 0x0000000086800000|  0%| F|  |TAMS 0x0000000086700000, 0x0000000086700000| Untracked 
|  78|0x0000000086800000, 0x0000000086800000, 0x0000000086900000|  0%| F|  |TAMS 0x0000000086800000, 0x0000000086800000| Untracked 
|  79|0x0000000086900000, 0x0000000086900000, 0x0000000086a00000|  0%| F|  |TAMS 0x0000000086900000, 0x0000000086900000| Untracked 
|  80|0x0000000086a00000, 0x0000000086a00000, 0x0000000086b00000|  0%| F|  |TAMS 0x0000000086a00000, 0x0000000086a00000| Untracked 
|  81|0x0000000086b00000, 0x0000000086b00000, 0x0000000086c00000|  0%| F|  |TAMS 0x0000000086b00000, 0x0000000086b00000| Untracked 
|  82|0x0000000086c00000, 0x0000000086c00000, 0x0000000086d00000|  0%| F|  |TAMS 0x0000000086c00000, 0x0000000086c00000| Untracked 
|  83|0x0000000086d00000, 0x0000000086d00000, 0x0000000086e00000|  0%| F|  |TAMS 0x0000000086d00000, 0x0000000086d00000| Untracked 
|  84|0x0000000086e00000, 0x0000000086e00000, 0x0000000086f00000|  0%| F|  |TAMS 0x0000000086e00000, 0x0000000086e00000| Untracked 
|  85|0x0000000086f00000, 0x0000000086f00000, 0x0000000087000000|  0%| F|  |TAMS 0x0000000086f00000, 0x0000000086f00000| Untracked 
|  86|0x0000000087000000, 0x0000000087000000, 0x0000000087100000|  0%| F|  |TAMS 0x0000000087000000, 0x0000000087000000| Untracked 
|  87|0x0000000087100000, 0x0000000087100000, 0x0000000087200000|  0%| F|  |TAMS 0x0000000087100000, 0x0000000087100000| Untracked 
|  88|0x0000000087200000, 0x0000000087200000, 0x0000000087300000|  0%| F|  |TAMS 0x0000000087200000, 0x0000000087200000| Untracked 
|  89|0x0000000087300000, 0x0000000087300000, 0x0000000087400000|  0%| F|  |TAMS 0x0000000087300000, 0x0000000087300000| Untracked 
|  90|0x0000000087400000, 0x0000000087400000, 0x0000000087500000|  0%| F|  |TAMS 0x0000000087400000, 0x0000000087400000| Untracked 
|  91|0x0000000087500000, 0x0000000087500000, 0x0000000087600000|  0%| F|  |TAMS 0x0000000087500000, 0x0000000087500000| Untracked 
|  92|0x0000000087600000, 0x0000000087600000, 0x0000000087700000|  0%| F|  |TAMS 0x0000000087600000, 0x0000000087600000| Untracked 
|  93|0x0000000087700000, 0x0000000087700000, 0x0000000087800000|  0%| F|  |TAMS 0x0000000087700000, 0x0000000087700000| Untracked 
|  94|0x0000000087800000, 0x0000000087800000, 0x0000000087900000|  0%| F|  |TAMS 0x0000000087800000, 0x0000000087800000| Untracked 
|  95|0x0000000087900000, 0x0000000087900000, 0x0000000087a00000|  0%| F|  |TAMS 0x0000000087900000, 0x0000000087900000| Untracked 
|  96|0x0000000087a00000, 0x0000000087a00000, 0x0000000087b00000|  0%| F|  |TAMS 0x0000000087a00000, 0x0000000087a00000| Untracked 
|  97|0x0000000087b00000, 0x0000000087b00000, 0x0000000087c00000|  0%| F|  |TAMS 0x0000000087b00000, 0x0000000087b00000| Untracked 
|  98|0x0000000087c00000, 0x0000000087c00000, 0x0000000087d00000|  0%| F|  |TAMS 0x0000000087c00000, 0x0000000087c00000| Untracked 
|  99|0x0000000087d00000, 0x0000000087d00000, 0x0000000087e00000|  0%| F|  |TAMS 0x0000000087d00000, 0x0000000087d00000| Untracked 
| 100|0x0000000087e00000, 0x0000000087e00000, 0x0000000087f00000|  0%| F|  |TAMS 0x0000000087e00000, 0x0000000087e00000| Untracked 
| 101|0x0000000087f00000, 0x0000000087f00000, 0x0000000088000000|  0%| F|  |TAMS 0x0000000087f00000, 0x0000000087f00000| Untracked 
| 102|0x0000000088000000, 0x0000000088000000, 0x0000000088100000|  0%| F|  |TAMS 0x0000000088000000, 0x0000000088000000| Untracked 
| 103|0x0000000088100000, 0x0000000088100000, 0x0000000088200000|  0%| F|  |TAMS 0x0000000088100000, 0x0000000088100000| Untracked 
| 104|0x0000000088200000, 0x0000000088200000, 0x0000000088300000|  0%| F|  |TAMS 0x0000000088200000, 0x0000000088200000| Untracked 
| 105|0x0000000088300000, 0x0000000088300000, 0x0000000088400000|  0%| F|  |TAMS 0x0000000088300000, 0x0000000088300000| Untracked 
| 106|0x0000000088400000, 0x0000000088400000, 0x0000000088500000|  0%| F|  |TAMS 0x0000000088400000, 0x0000000088400000| Untracked 
| 107|0x0000000088500000, 0x0000000088500000, 0x0000000088600000|  0%| F|  |TAMS 0x0000000088500000, 0x0000000088500000| Untracked 
| 108|0x0000000088600000, 0x0000000088600000, 0x0000000088700000|  0%| F|  |TAMS 0x0000000088600000, 0x0000000088600000| Untracked 
| 109|0x0000000088700000, 0x0000000088700000, 0x0000000088800000|  0%| F|  |TAMS 0x0000000088700000, 0x0000000088700000| Untracked 
| 110|0x0000000088800000, 0x0000000088800000, 0x0000000088900000|  0%| F|  |TAMS 0x0000000088800000, 0x0000000088800000| Untracked 
| 111|0x0000000088900000, 0x0000000088900000, 0x0000000088a00000|  0%| F|  |TAMS 0x0000000088900000, 0x0000000088900000| Untracked 
| 112|0x0000000088a00000, 0x0000000088a00000, 0x0000000088b00000|  0%| F|  |TAMS 0x0000000088a00000, 0x0000000088a00000| Untracked 
| 113|0x0000000088b00000, 0x0000000088b00000, 0x0000000088c00000|  0%| F|  |TAMS 0x0000000088b00000, 0x0000000088b00000| Untracked 
| 114|0x0000000088c00000, 0x0000000088c00000, 0x0000000088d00000|  0%| F|  |TAMS 0x0000000088c00000, 0x0000000088c00000| Untracked 
| 115|0x0000000088d00000, 0x0000000088d00000, 0x0000000088e00000|  0%| F|  |TAMS 0x0000000088d00000, 0x0000000088d00000| Untracked 
| 116|0x0000000088e00000, 0x0000000088e00000, 0x0000000088f00000|  0%| F|  |TAMS 0x0000000088e00000, 0x0000000088e00000| Untracked 
| 117|0x0000000088f00000, 0x0000000088f00000, 0x0000000089000000|  0%| F|  |TAMS 0x0000000088f00000, 0x0000000088f00000| Untracked 
| 118|0x0000000089000000, 0x0000000089000000, 0x0000000089100000|  0%| F|  |TAMS 0x0000000089000000, 0x0000000089000000| Untracked 
| 119|0x0000000089100000, 0x0000000089100000, 0x0000000089200000|  0%| F|  |TAMS 0x0000000089100000, 0x0000000089100000| Untracked 
| 120|0x0000000089200000, 0x0000000089200000, 0x0000000089300000|  0%| F|  |TAMS 0x0000000089200000, 0x0000000089200000| Untracked 
| 121|0x0000000089300000, 0x0000000089300000, 0x0000000089400000|  0%| F|  |TAMS 0x0000000089300000, 0x0000000089300000| Untracked 
| 122|0x0000000089400000, 0x00000000894b56e0, 0x0000000089500000| 70%| S|CS|TAMS 0x0000000089400000, 0x0000000089400000| Complete 
| 123|0x0000000089500000, 0x0000000089500000, 0x0000000089600000|  0%| F|  |TAMS 0x0000000089500000, 0x0000000089500000| Untracked 
| 124|0x0000000089600000, 0x0000000089600000, 0x0000000089700000|  0%| F|  |TAMS 0x0000000089600000, 0x0000000089600000| Untracked 
| 125|0x0000000089700000, 0x00000000897fb7e0, 0x0000000089800000| 98%| E|  |TAMS 0x0000000089700000, 0x0000000089700000| Complete 
| 126|0x0000000089800000, 0x0000000089900000, 0x0000000089900000|100%| E|CS|TAMS 0x0000000089800000, 0x0000000089800000| Complete 
| 127|0x0000000089900000, 0x0000000089a00000, 0x0000000089a00000|100%| E|CS|TAMS 0x0000000089900000, 0x0000000089900000| Complete 

Card table byte_map: [0x00000150790f0000,0x00000150794f0000] _byte_map_base: 0x0000015078ce3000

Marking Bits (Prev, Next): (CMBitMap*) 0x0000015070bd0ef0, (CMBitMap*) 0x0000015070bd0f30
 Prev Bits: [0x00000150798f0000, 0x000001507b888000)
 Next Bits: [0x000001507b890000, 0x000001507d828000)

Polling page: 0x000001506eb60000

Metaspace:

Usage:
  Non-class:      6.69 MB capacity,     4.96 MB ( 74%) used,     1.71 MB ( 26%) free+waste,     9.94 KB ( <1%) overhead. 
      Class:    578.00 KB capacity,   365.60 KB ( 63%) used,   208.34 KB ( 36%) free+waste,     4.06 KB ( <1%) overhead. 
       Both:      7.25 MB capacity,     5.32 MB ( 73%) used,     1.91 MB ( 26%) free+waste,    14.00 KB ( <1%) overhead. 

Virtual space:
  Non-class space:        8.00 MB reserved,       6.75 MB ( 84%) committed 
      Class space:        1.00 GB reserved,     640.00 KB ( <1%) committed 
             Both:        1.01 GB reserved,       7.38 MB ( <1%) committed 

Chunk freelists:
   Non-Class:  66.00 KB
       Class:  0 bytes
        Both:  66.00 KB

MaxMetaspaceSize: 17179869184.00 GB
CompressedClassSpaceSize: 1.00 GB

CodeHeap 'non-profiled nmethods': size=120064Kb used=294Kb max_used=294Kb free=119769Kb
 bounds [0x0000015007ac0000, 0x0000015007d30000, 0x000001500f000000]
CodeHeap 'profiled nmethods': size=120000Kb used=1503Kb max_used=1503Kb free=118496Kb
 bounds [0x0000015000590000, 0x0000015000800000, 0x0000015007ac0000]
CodeHeap 'non-nmethods': size=5696Kb used=1635Kb max_used=1642Kb free=4060Kb
 bounds [0x0000015000000000, 0x0000015000270000, 0x0000015000590000]
 total_blobs=1994 nmethods=952 adapters=956
 compilation: enabled
              stopped_count=0, restarted_count=0
 full_count=0

Compilation events (20 events):
Event: 0.863 Thread 0x000001507fc372e0  936       3       java.util.regex.Matcher::groupCount (10 bytes)
Event: 0.863 Thread 0x000001507fc372e0 nmethod 936 0x0000015000701590 code [0x0000015000701720, 0x0000015000701838]
Event: 0.864 Thread 0x000001507fc372e0  937       3       java.util.Formatter$Flags::contains (22 bytes)
Event: 0.864 Thread 0x000001507fc372e0 nmethod 937 0x0000015000701910 code [0x0000015000701ac0, 0x0000015000701c78]
Event: 0.865 Thread 0x000001507fc372e0  938       3       java.util.stream.PipelineHelper::<init> (5 bytes)
Event: 0.865 Thread 0x000001507fc372e0 nmethod 938 0x0000015000701d10 code [0x0000015000701ea0, 0x0000015000701ff8]
Event: 0.865 Thread 0x000001507fc372e0  939       3       java.util.ArrayList$Itr::next (66 bytes)
Event: 0.865 Thread 0x000001507fc372e0 nmethod 939 0x0000015000702090 code [0x0000015000702280, 0x0000015000702648]
Event: 0.865 Thread 0x000001507fc372e0  940       3       java.util.ArrayList$Itr::checkForComodification (23 bytes)
Event: 0.865 Thread 0x000001507fc372e0 nmethod 940 0x0000015000702810 code [0x00000150007029c0, 0x0000015000702b88]
Event: 0.866 Thread 0x000001507fc372e0  941       3       java.util.stream.StreamOpFlag::combineOpFlags (9 bytes)
Event: 0.866 Thread 0x000001507fc372e0 nmethod 941 0x0000015000702c90 code [0x0000015000702e20, 0x0000015000702fd8]
Event: 0.866 Thread 0x000001507fc372e0  942       3       java.util.stream.StreamOpFlag::getMask (30 bytes)
Event: 0.866 Thread 0x000001507fc372e0 nmethod 942 0x0000015000703090 code [0x0000015000703220, 0x0000015000703378]
Event: 0.866 Thread 0x000001507fc372e0  943       3       java.util.stream.AbstractPipeline::isParallel (8 bytes)
Event: 0.866 Thread 0x000001507fc372e0 nmethod 943 0x0000015000703410 code [0x00000150007035a0, 0x00000150007036b8]
Event: 0.866 Thread 0x000001507fc372e0  944       1       java.util.stream.AbstractPipeline::getStreamAndOpFlags (5 bytes)
Event: 0.866 Thread 0x000001507fc372e0 nmethod 944 0x0000015007b09110 code [0x0000015007b092a0, 0x0000015007b09358]
Event: 0.866 Thread 0x000001507fc372e0  945       1       java.util.stream.FindOps$FindOp::getOpFlags (5 bytes)
Event: 0.866 Thread 0x000001507fc372e0 nmethod 945 0x0000015007b09410 code [0x0000015007b095a0, 0x0000015007b09658]

GC Heap History (4 events):
Event: 0.323 GC heap before
{Heap before GC invocations=0 (full 0):
 garbage-first heap   total 131072K, used 5120K [0x0000000081a00000, 0x0000000100000000)
  region size 1024K, 6 young (6144K), 0 survivors (0K)
 Metaspace       used 1463K, capacity 4759K, committed 4864K, reserved 1056768K
  class space    used 158K, capacity 433K, committed 512K, reserved 1048576K
}
Event: 0.328 GC heap after
{Heap after GC invocations=1 (full 0):
 garbage-first heap   total 131072K, used 3628K [0x0000000081a00000, 0x0000000100000000)
  region size 1024K, 1 young (1024K), 1 survivors (1024K)
 Metaspace       used 1463K, capacity 4759K, committed 4864K, reserved 1056768K
  class space    used 158K, capacity 433K, committed 512K, reserved 1048576K
}
Event: 0.774 GC heap before
{Heap before GC invocations=1 (full 0):
 garbage-first heap   total 131072K, used 7724K [0x0000000081a00000, 0x0000000100000000)
  region size 1024K, 6 young (6144K), 1 survivors (1024K)
 Metaspace       used 4065K, capacity 6445K, committed 6784K, reserved 1056768K
  class space    used 302K, capacity 529K, committed 640K, reserved 1048576K
}
Event: 0.776 GC heap after
{Heap after GC invocations=2 (full 0):
 garbage-first heap   total 131072K, used 4548K [0x0000000081a00000, 0x0000000100000000)
  region size 1024K, 1 young (1024K), 1 survivors (1024K)
 Metaspace       used 4065K, capacity 6445K, committed 6784K, reserved 1056768K
  class space    used 302K, capacity 529K, committed 640K, reserved 1048576K
}

Deoptimization events (20 events):
Event: 0.142 Thread 0x0000015070b91f20 DEOPT PACKING pc=0x0000015007ac9bd8 sp=0x00000006803fc950
Event: 0.142 Thread 0x0000015070b91f20 DEOPT UNPACKING pc=0x000001500004e129 sp=0x00000006803fc8e0 mode 2
Event: 0.158 Thread 0x0000015070b91f20 Uncommon trap: trap_request=0xffffff45 fr.pc=0x0000015007acd484 relative=0x0000000000000724
Event: 0.158 Thread 0x0000015070b91f20 Uncommon trap: reason=unstable_if action=reinterpret pc=0x0000015007acd484 method=java.util.HashMap.putVal(ILjava/lang/Object;Ljava/lang/Object;ZZ)Ljava/lang/Object; @ 181 c2
Event: 0.158 Thread 0x0000015070b91f20 DEOPT PACKING pc=0x0000015007acd484 sp=0x00000006803fe840
Event: 0.158 Thread 0x0000015070b91f20 DEOPT UNPACKING pc=0x000001500004e129 sp=0x00000006803fe7e0 mode 2
Event: 0.219 Thread 0x0000015070b91f20 Uncommon trap: trap_request=0xffffff45 fr.pc=0x0000015007ac4b98 relative=0x0000000000000078
Event: 0.219 Thread 0x0000015070b91f20 Uncommon trap: reason=unstable_if action=reinterpret pc=0x0000015007ac4b98 method=java.lang.String.isLatin1()Z @ 10 c2
Event: 0.219 Thread 0x0000015070b91f20 DEOPT PACKING pc=0x0000015007ac4b98 sp=0x00000006803fee10
Event: 0.219 Thread 0x0000015070b91f20 DEOPT UNPACKING pc=0x000001500004e129 sp=0x00000006803fed50 mode 2
Event: 0.287 Thread 0x000001500fb3ecf0 Uncommon trap: trap_request=0xffffff45 fr.pc=0x0000015007ad59e0 relative=0x0000000000000060
Event: 0.287 Thread 0x000001500fb3ecf0 Uncommon trap: reason=unstable_if action=reinterpret pc=0x0000015007ad59e0 method=java.io.WinNTFileSystem.isSlash(C)Z @ 9 c2
Event: 0.287 Thread 0x000001500fb3ecf0 DEOPT PACKING pc=0x0000015007ad59e0 sp=0x00000006816febb0
Event: 0.287 Thread 0x000001500fb3ecf0 DEOPT UNPACKING pc=0x000001500004e129 sp=0x00000006816feb38 mode 2
Event: 0.461 Thread 0x000001500fb3ecf0 DEOPT PACKING pc=0x00000150005f53df sp=0x00000006816fc9f0
Event: 0.461 Thread 0x000001500fb3ecf0 DEOPT UNPACKING pc=0x000001500004df30 sp=0x00000006816fbe68 mode 0
Event: 0.701 Thread 0x000001500fb3ecf0 Uncommon trap: trap_request=0xffffff54 fr.pc=0x0000015007afec60 relative=0x0000000000000060
Event: 0.701 Thread 0x000001500fb3ecf0 Uncommon trap: reason=speculate_null_assert action=make_not_entrant pc=0x0000015007afec60 method=sun.misc.Unsafe.putLong(Ljava/lang/Object;JJ)V @ 7 c2
Event: 0.701 Thread 0x000001500fb3ecf0 DEOPT PACKING pc=0x0000015007afec60 sp=0x00000006816fea70
Event: 0.701 Thread 0x000001500fb3ecf0 DEOPT UNPACKING pc=0x000001500004e129 sp=0x00000006816fe9e8 mode 2

Classes unloaded (0 events):
No events

Classes redefined (0 events):
No events

Internal exceptions (20 events):
Event: 0.356 Thread 0x000001500fb3ecf0 Exception <a 'java/lang/NoSuchMethodError'{0x00000000899c4bb0}: 'java.lang.Object java.lang.invoke.DirectMethodHandle$Holder.invokeStatic(java.lang.Object, java.lang.Object, int)'> (0x00000000899c4bb0) 
thrown [./src/hotspot/share/interpreter/linkResolver.cpp, line 782]
Event: 0.358 Thread 0x000001500fb3ecf0 Exception <a 'java/lang/NoSuchMethodError'{0x00000000899d1200}: 'void java.lang.invoke.DelegatingMethodHandle$Holder.delegate(java.lang.Object, java.lang.Object, int, java.lang.Object)'> (0x00000000899d1200) 
thrown [./src/hotspot/share/interpreter/linkResolver.cpp, line 782]
Event: 0.358 Thread 0x000001500fb3ecf0 Exception <a 'java/lang/NoSuchMethodError'{0x00000000899d5598}: 'int java.lang.invoke.DirectMethodHandle$Holder.invokeSpecial(java.lang.Object, java.lang.Object, java.lang.Object)'> (0x00000000899d5598) 
thrown [./src/hotspot/share/interpreter/linkResolver.cpp, line 782]
Event: 0.401 Thread 0x000001500fb3ecf0 Exception <a 'sun/nio/fs/WindowsException'{0x00000000898432a0}> (0x00000000898432a0) 
thrown [./src/hotspot/share/prims/jni.cpp, line 578]
Event: 0.401 Thread 0x000001500fb3ecf0 Exception <a 'sun/nio/fs/WindowsException'{0x00000000898437f0}> (0x00000000898437f0) 
thrown [./src/hotspot/share/prims/jni.cpp, line 578]
Event: 0.438 Thread 0x000001500fb3ecf0 Exception <a 'java/lang/NoSuchMethodError'{0x00000000898bd270}: 'int java.lang.invoke.DirectMethodHandle$Holder.invokeStaticInit(java.lang.Object, java.lang.Object, int, long)'> (0x00000000898bd270) 
thrown [./src/hotspot/share/interpreter/linkResolver.cpp, line 782]
Event: 0.439 Thread 0x000001500fb3ecf0 Exception <a 'java/lang/NoSuchMethodError'{0x00000000898c2d40}: 'java.lang.Object java.lang.invoke.DirectMethodHandle$Holder.newInvokeSpecial(java.lang.Object, java.lang.Object, int)'> (0x00000000898c2d40) 
thrown [./src/hotspot/share/interpreter/linkResolver.cpp, line 782]
Event: 0.450 Thread 0x000001500fb3ecf0 Exception <a 'java/lang/NoSuchMethodError'{0x00000000898d3530}: 'int java.lang.invoke.DirectMethodHandle$Holder.invokeStaticInit(java.lang.Object, java.lang.Object, long, long)'> (0x00000000898d3530) 
thrown [./src/hotspot/share/interpreter/linkResolver.cpp, line 782]
Event: 0.452 Thread 0x000001500fb3ecf0 Exception <a 'java/lang/NoSuchMethodError'{0x00000000898d9c00}: 'java.lang.Object java.lang.invoke.DirectMethodHandle$Holder.newInvokeSpecial(java.lang.Object, java.lang.Object, long)'> (0x00000000898d9c00) 
thrown [./src/hotspot/share/interpreter/linkResolver.cpp, line 782]
Event: 0.453 Thread 0x000001500fb3ecf0 Exception <a 'java/lang/NoSuchMethodError'{0x00000000898ddff0}: 'java.lang.Object java.lang.invoke.Invokers$Holder.linkToTargetMethod(java.lang.Object, long, java.lang.Object)'> (0x00000000898ddff0) 
thrown [./src/hotspot/share/interpreter/linkResolver.cpp, line 782]
Event: 0.455 Thread 0x000001500fb3ecf0 Exception <a 'java/lang/NoSuchMethodError'{0x00000000898e5c40}: 'int java.lang.invoke.DirectMethodHandle$Holder.invokeStaticInit(java.lang.Object, java.lang.Object, java.lang.Object, long)'> (0x00000000898e5c40) 
thrown [./src/hotspot/share/interpreter/linkResolver.cpp, line 782]
Event: 0.494 Thread 0x000001500fb3ecf0 Exception <a 'sun/nio/fs/WindowsException'{0x00000000897b0198}> (0x00000000897b0198) 
thrown [./src/hotspot/share/prims/jni.cpp, line 578]
Event: 0.494 Thread 0x000001500fb3ecf0 Exception <a 'sun/nio/fs/WindowsException'{0x00000000897b04f8}> (0x00000000897b04f8) 
thrown [./src/hotspot/share/prims/jni.cpp, line 578]
Event: 0.692 Thread 0x000001500fb3ecf0 Exception <a 'sun/nio/fs/WindowsException'{0x00000000896936d8}> (0x00000000896936d8) 
thrown [./src/hotspot/share/prims/jni.cpp, line 578]
Event: 0.692 Thread 0x000001500fb3ecf0 Exception <a 'sun/nio/fs/WindowsException'{0x0000000089693a78}> (0x0000000089693a78) 
thrown [./src/hotspot/share/prims/jni.cpp, line 578]
Event: 0.697 Thread 0x000001500fb3ecf0 Exception <a 'sun/nio/fs/WindowsException'{0x00000000896a8000}> (0x00000000896a8000) 
thrown [./src/hotspot/share/prims/jni.cpp, line 578]
Event: 0.697 Thread 0x000001500fb3ecf0 Exception <a 'sun/nio/fs/WindowsException'{0x00000000896a82d0}> (0x00000000896a82d0) 
thrown [./src/hotspot/share/prims/jni.cpp, line 578]
Event: 0.815 Thread 0x000001500fb3ecf0 Exception <a 'java/lang/ClassNotFoundException'{0x000000008989b988}: sun/awt/resources/spi/awtProvider> (0x000000008989b988) 
thrown [./src/hotspot/share/classfile/systemDictionary.cpp, line 295]
Event: 0.822 Thread 0x000001500fb3ecf0 Exception <a 'java/io/FileNotFoundException'{0x00000000898ad178}> (0x00000000898ad178) 
thrown [./src/hotspot/share/prims/jni.cpp, line 578]
Event: 0.829 Thread 0x000001500fb3ecf0 Exception <a 'java/io/FileNotFoundException'{0x00000000898eae20}> (0x00000000898eae20) 
thrown [./src/hotspot/share/prims/jni.cpp, line 578]

Events (20 events):
Event: 0.817 loading class sun/awt/resources/awt_de_DE done
Event: 0.819 loading class java/awt/Toolkit$2
Event: 0.819 loading class java/awt/Toolkit$2 done
Event: 0.821 Loaded shared library C:\Users\hamms\.jdks\azul-15.0.10\bin\awt.dll
Event: 0.821 loading class java/awt/Toolkit$1
Event: 0.821 loading class java/awt/Toolkit$1 done
Event: 0.822 loading class java/io/FileNotFoundException
Event: 0.822 loading class java/io/FileNotFoundException done
Event: 0.826 loading class java/lang/invoke/BoundMethodHandle$Species_LLLLLLLL
Event: 0.826 loading class java/lang/invoke/BoundMethodHandle$Species_LLLLLLLL done
Event: 0.827 loading class java/lang/invoke/BoundMethodHandle$Species_LLLLLLLLL
Event: 0.827 loading class java/lang/invoke/BoundMethodHandle$Species_LLLLLLLLL done
Event: 0.829 loading class java/awt/Insets
Event: 0.829 loading class java/awt/Insets done
Event: 0.829 loading class java/awt/GraphicsEnvironment
Event: 0.829 loading class java/awt/GraphicsEnvironment done
Event: 0.830 loading class sun/awt/PlatformGraphicsInfo
Event: 0.830 loading class sun/awt/PlatformGraphicsInfo done
Event: 0.831 loading class jdk/internal/math/FDBigInteger
Event: 0.831 loading class jdk/internal/math/FDBigInteger done


Dynamic libraries:
0x00007ff608fd0000 - 0x00007ff608fdd000 	C:\Users\hamms\.jdks\azul-15.0.10\bin\java.exe
0x00007ffc49470000 - 0x00007ffc49668000 	C:\WINDOWS\SYSTEM32\ntdll.dll
0x00007ffc49210000 - 0x00007ffc492cd000 	C:\WINDOWS\System32\KERNEL32.DLL
0x00007ffc471d0000 - 0x00007ffc474c6000 	C:\WINDOWS\System32\KERNELBASE.dll
0x00007ffc46cb0000 - 0x00007ffc46db0000 	C:\WINDOWS\System32\ucrtbase.dll
0x00007ffc3f600000 - 0x00007ffc3f618000 	C:\Users\hamms\.jdks\azul-15.0.10\bin\jli.dll
0x00007ffc3f5a0000 - 0x00007ffc3f5b5000 	C:\Users\hamms\.jdks\azul-15.0.10\bin\VCRUNTIME140.dll
0x00007ffc481b0000 - 0x00007ffc4834e000 	C:\WINDOWS\System32\USER32.dll
0x00007ffc471a0000 - 0x00007ffc471c2000 	C:\WINDOWS\System32\win32u.dll
0x00007ffc48900000 - 0x00007ffc4892c000 	C:\WINDOWS\System32\GDI32.dll
0x00007ffc46f00000 - 0x00007ffc4701a000 	C:\WINDOWS\System32\gdi32full.dll
0x00007ffc47020000 - 0x00007ffc470bd000 	C:\WINDOWS\System32\msvcp_win.dll
0x00007ffc1d6b0000 - 0x00007ffc1d94a000 	C:\WINDOWS\WinSxS\amd64_microsoft.windows.common-controls_6595b64144ccf1df_6.0.19041.1110_none_60b5254171f9507e\COMCTL32.dll
0x00007ffc48930000 - 0x00007ffc489ce000 	C:\WINDOWS\System32\msvcrt.dll
0x00007ffc492d0000 - 0x00007ffc49300000 	C:\WINDOWS\System32\IMM32.DLL
0x00007ffc35040000 - 0x00007ffc350db000 	C:\Users\hamms\.jdks\azul-15.0.10\bin\msvcp140.dll
0x00007ffc104c0000 - 0x00007ffc1105c000 	C:\Users\hamms\.jdks\azul-15.0.10\bin\server\jvm.dll
0x00007ffc48420000 - 0x00007ffc484ce000 	C:\WINDOWS\System32\ADVAPI32.dll
0x00007ffc47ff0000 - 0x00007ffc4808c000 	C:\WINDOWS\System32\sechost.dll
0x00007ffc49060000 - 0x00007ffc49186000 	C:\WINDOWS\System32\RPCRT4.dll
0x00007ffc47c20000 - 0x00007ffc47c28000 	C:\WINDOWS\System32\PSAPI.DLL
0x00007ffc1f180000 - 0x00007ffc1f1a7000 	C:\WINDOWS\SYSTEM32\WINMM.dll
0x00007ffbe3270000 - 0x00007ffbe3279000 	C:\WINDOWS\SYSTEM32\WSOCK32.dll
0x00007ffc489d0000 - 0x00007ffc48a3b000 	C:\WINDOWS\System32\WS2_32.dll
0x00007ffc36e40000 - 0x00007ffc36e4a000 	C:\WINDOWS\SYSTEM32\VERSION.dll
0x00007ffc44a00000 - 0x00007ffc44a12000 	C:\WINDOWS\SYSTEM32\kernel.appcore.dll
0x00007ffc443e0000 - 0x00007ffc443ea000 	C:\Users\hamms\.jdks\azul-15.0.10\bin\jimage.dll
0x00007ffc33440000 - 0x00007ffc33624000 	C:\WINDOWS\SYSTEM32\DBGHELP.DLL
0x00007ffc332a0000 - 0x00007ffc332d4000 	C:\WINDOWS\SYSTEM32\dbgcore.DLL
0x00007ffc46db0000 - 0x00007ffc46e32000 	C:\WINDOWS\System32\bcryptPrimitives.dll
0x00007ffc3f210000 - 0x00007ffc3f21e000 	C:\Users\hamms\.jdks\azul-15.0.10\bin\instrument.dll
0x00007ffc351f0000 - 0x00007ffc35215000 	C:\Users\hamms\.jdks\azul-15.0.10\bin\java.dll
0x00007ffc474d0000 - 0x00007ffc47c15000 	C:\WINDOWS\System32\SHELL32.dll
0x00007ffc44c00000 - 0x00007ffc4539b000 	C:\WINDOWS\SYSTEM32\windows.storage.dll
0x00007ffc47c90000 - 0x00007ffc47fe4000 	C:\WINDOWS\System32\combase.dll
0x00007ffc464c0000 - 0x00007ffc464ee000 	C:\WINDOWS\SYSTEM32\Wldp.dll
0x00007ffc49300000 - 0x00007ffc493ad000 	C:\WINDOWS\System32\SHCORE.dll
0x00007ffc483c0000 - 0x00007ffc48415000 	C:\WINDOWS\System32\shlwapi.dll
0x00007ffc46a80000 - 0x00007ffc46aa5000 	C:\WINDOWS\SYSTEM32\profapi.dll
0x00007ffc35020000 - 0x00007ffc35038000 	C:\Users\hamms\.jdks\azul-15.0.10\bin\zip.dll
0x00007ffc35000000 - 0x00007ffc35019000 	C:\Users\hamms\.jdks\azul-15.0.10\bin\net.dll
0x00007ffc3f0f0000 - 0x00007ffc3f1fa000 	C:\WINDOWS\SYSTEM32\WINHTTP.dll
0x00007ffc46220000 - 0x00007ffc4628a000 	C:\WINDOWS\system32\mswsock.dll
0x00007ffc34fe0000 - 0x00007ffc34ff2000 	C:\Users\hamms\.jdks\azul-15.0.10\bin\nio.dll
0x00007ffc31270000 - 0x00007ffc3128a000 	C:\Program Files\JetBrains\IntelliJ IDEA 2023.1.2\bin\breakgen64.dll
0x00007ffc2b670000 - 0x00007ffc2b6eb000 	C:\Users\hamms\AppData\Local\Temp\lwjgl_hamms\3.3.3+5\x64\lwjgl.dll
0x00007ffc19180000 - 0x00007ffc19202000 	C:\Users\hamms\AppData\Local\Temp\lwjgl_hamms\3.3.3+5\x64\glfw.dll
0x00007ffc22a10000 - 0x00007ffc22a55000 	C:\WINDOWS\SYSTEM32\dinput8.dll
0x00007ffbd5920000 - 0x00007ffbd5931000 	C:\WINDOWS\SYSTEM32\xinput1_4.dll
0x00007ffc46eb0000 - 0x00007ffc46efe000 	C:\WINDOWS\System32\cfgmgr32.dll
0x00007ffc46870000 - 0x00007ffc468a3000 	C:\WINDOWS\SYSTEM32\DEVOBJ.dll
0x00007ffc44820000 - 0x00007ffc4484f000 	C:\WINDOWS\SYSTEM32\dwmapi.dll
0x00007ffc44530000 - 0x00007ffc445ce000 	C:\WINDOWS\system32\uxtheme.dll
0x00007ffc48090000 - 0x00007ffc481a4000 	C:\WINDOWS\System32\MSCTF.dll
0x00007ffc484d0000 - 0x00007ffc4859d000 	C:\WINDOWS\System32\OLEAUT32.dll
0x00007ffc3e470000 - 0x00007ffc3e5c2000 	C:\WINDOWS\SYSTEM32\inputhost.dll
0x00007ffc44080000 - 0x00007ffc44172000 	C:\WINDOWS\SYSTEM32\CoreMessaging.dll
0x00007ffc42680000 - 0x00007ffc42776000 	C:\WINDOWS\SYSTEM32\PROPSYS.dll
0x00007ffc43600000 - 0x00007ffc43755000 	C:\WINDOWS\SYSTEM32\wintypes.dll
0x00007ffc43d20000 - 0x00007ffc4407e000 	C:\WINDOWS\SYSTEM32\CoreUIComponents.dll
0x00007ffc45c50000 - 0x00007ffc45c83000 	C:\WINDOWS\SYSTEM32\ntmarta.dll
0x00007ffbf5340000 - 0x00007ffbf5465000 	C:\WINDOWS\SYSTEM32\opengl32.dll
0x00007ffbf5310000 - 0x00007ffbf533c000 	C:\WINDOWS\SYSTEM32\GLU32.dll
0x00007ffc485a0000 - 0x00007ffc48649000 	C:\WINDOWS\System32\clbcatq.dll
0x00007ffbf3770000 - 0x00007ffbf4815000 	C:\WINDOWS\System32\DriverStore\FileRepository\iigd_dch.inf_amd64_51f685305808e3a5\ig9icd64.dll
0x00007ffc487d0000 - 0x00007ffc488fa000 	C:\WINDOWS\System32\ole32.dll
0x00007ffc453e0000 - 0x00007ffc454d3000 	C:\WINDOWS\system32\dxgi.dll
0x00007ffc18f00000 - 0x00007ffc1902c000 	C:\WINDOWS\System32\DriverStore\FileRepository\iigd_dch.inf_amd64_51f685305808e3a5\igdml64.dll
0x00007ffc3e030000 - 0x00007ffc3e439000 	C:\WINDOWS\System32\DriverStore\FileRepository\iigd_dch.inf_amd64_51f685305808e3a5\igdgmm64.dll
0x00007ffc3a810000 - 0x00007ffc3dfa4000 	C:\WINDOWS\System32\DriverStore\FileRepository\iigd_dch.inf_amd64_51f685305808e3a5\igc64.dll
0x00007ffc46900000 - 0x00007ffc4694b000 	C:\WINDOWS\SYSTEM32\powrprof.dll
0x00007ffc468e0000 - 0x00007ffc468f2000 	C:\WINDOWS\SYSTEM32\UMPDC.dll
0x00007ffc213b0000 - 0x00007ffc2140e000 	C:\Users\hamms\AppData\Local\Temp\lwjgl_hamms\3.3.3+5\x64\lwjgl_opengl.dll
0x00007ffc0f310000 - 0x00007ffc0f4a8000 	C:\Users\hamms\.jdks\azul-15.0.10\bin\awt.dll
0x00007ffc443f0000 - 0x00007ffc44481000 	C:\WINDOWS\SYSTEM32\apphelp.dll
0x00007ffc3e5d0000 - 0x00007ffc3e6ca000 	C:\WINDOWS\SYSTEM32\textinputframework.dll

dbghelp: loaded successfully - version: 4.0.5 - missing functions: none
symbol engine: initialized successfully - sym options: 0x614 - pdb path: .;C:\Users\hamms\.jdks\azul-15.0.10\bin;C:\WINDOWS\SYSTEM32;C:\WINDOWS\WinSxS\amd64_microsoft.windows.common-controls_6595b64144ccf1df_6.0.19041.1110_none_60b5254171f9507e;C:\Users\hamms\.jdks\azul-15.0.10\bin\server;C:\Program Files\JetBrains\IntelliJ IDEA 2023.1.2\bin;C:\Users\hamms\AppData\Local\Temp\lwjgl_hamms\3.3.3+5\x64;C:\WINDOWS\System32\DriverStore\FileRepository\iigd_dch.inf_amd64_51f685305808e3a5

VM Arguments:
jvm_args: -javaagent:C:\Program Files\JetBrains\IntelliJ IDEA 2023.1.2\lib\idea_rt.jar=56407:C:\Program Files\JetBrains\IntelliJ IDEA 2023.1.2\bin -Dfile.encoding=UTF-8 
java_command: Main
java_class_path (initial): C:\Users\hamms\Downloads\KAGO5_Preview\out\production\classes;C:\Users\hamms\Downloads\KAGO5_Preview\out\production\resources;C:\Users\hamms\Downloads\KAGO5_Preview\libs\lwjgl-3.3.3\libs\lwjgl-glfw-javadoc.jar;C:\Users\hamms\Downloads\KAGO5_Preview\libs\lwjgl-3.3.3\libs\lwjgl-glfw-natives-windows.jar;C:\Users\hamms\Downloads\KAGO5_Preview\libs\lwjgl-3.3.3\libs\lwjgl-glfw-sources.jar;C:\Users\hamms\Downloads\KAGO5_Preview\libs\lwjgl-3.3.3\libs\lwjgl-glfw.jar;C:\Users\hamms\Downloads\KAGO5_Preview\libs\lwjgl-3.3.3\libs\lwjgl-javadoc.jar;C:\Users\hamms\Downloads\KAGO5_Preview\libs\lwjgl-3.3.3\libs\lwjgl-natives-windows.jar;C:\Users\hamms\Downloads\KAGO5_Preview\libs\lwjgl-3.3.3\libs\lwjgl-openal-javadoc.jar;C:\Users\hamms\Downloads\KAGO5_Preview\libs\lwjgl-3.3.3\libs\lwjgl-openal-natives-windows.jar;C:\Users\hamms\Downloads\KAGO5_Preview\libs\lwjgl-3.3.3\libs\lwjgl-openal-sources.jar;C:\Users\hamms\Downloads\KAGO5_Preview\libs\lwjgl-3.3.3\libs\lwjgl-openal.jar;C:\Users\hamms\Downloads\KAGO5_Preview\libs\lwjgl-3.3.3\libs\lwjgl-opencl-javadoc.jar;C:\Users\hamms\Downloads\KAGO5_Preview\libs\lwjgl-3.3.3\libs\lwjgl-opencl-sources.jar;C:\Users\hamms\Downloads\KAGO5_Preview\libs\lwjgl-3.3.3\libs\lwjgl-opencl.jar;C:\Users\hamms\Downloads\KAGO5_Preview\libs\lwjgl-3.3.3\libs\lwjgl-opengl-javadoc.jar;C:\Users\hamms\Downloads\KAGO5_Preview\libs\lwjgl-3.3.3\libs\lwjgl-opengl-natives-windows.jar;C:\Users\hamms\Downloads\KAGO5_Preview\libs\lwjgl-3.3.3\libs\lwjgl-opengl-sources.jar;C:\Users\hamms\Downloads\KAGO5_Preview\libs\lwjgl-3.3.3\libs\lwjgl-opengl.jar;C:\Users\hamms\Downloads\KAGO5_Preview\libs\lwjgl-3.3.3\libs\lwjgl-sources.jar;C:\Users\hamms\Downloads\KAGO5_Preview\libs\lwjgl-3.3.3\libs\lwjgl-vulkan-javadoc.jar;C:\Users\hamms\Downloads\KAGO5_Preview\libs\lwjgl-3.3.3\libs\lwjgl-vulkan-sources.jar;C:\Users\hamms\Downloads\KAGO5_Preview\libs\lwjgl-3.3.3\libs\lwjgl-vulkan.jar;C:\Users\hamms\Downloads\KAGO5_Preview\libs\lwjgl-3.3.3\libs\lwjgl.jar;C:\Us
Launcher Type: SUN_STANDARD

[Global flags]
     intx CICompilerCount                          = 2                                         {product} {ergonomic}
     uint ConcGCThreads                            = 1                                         {product} {ergonomic}
     uint G1ConcRefinementThreads                  = 2                                         {product} {ergonomic}
   size_t G1HeapRegionSize                         = 1048576                                   {product} {ergonomic}
    uintx GCDrainStackTargetSize                   = 64                                        {product} {ergonomic}
   size_t InitialHeapSize                          = 134217728                                 {product} {ergonomic}
   size_t MarkStackSize                            = 4194304                                   {product} {ergonomic}
   size_t MaxHeapSize                              = 2120220672                                {product} {ergonomic}
   size_t MaxNewSize                               = 1271922688                                {product} {ergonomic}
   size_t MinHeapDeltaBytes                        = 1048576                                   {product} {ergonomic}
   size_t MinHeapSize                              = 8388608                                   {product} {ergonomic}
    uintx NonNMethodCodeHeapSize                   = 5826188                                {pd product} {ergonomic}
    uintx NonProfiledCodeHeapSize                  = 122916026                              {pd product} {ergonomic}
    uintx ProfiledCodeHeapSize                     = 122916026                              {pd product} {ergonomic}
    uintx ReservedCodeCacheSize                    = 251658240                              {pd product} {ergonomic}
     bool SegmentedCodeCache                       = true                                      {product} {ergonomic}
   size_t SoftMaxHeapSize                          = 2120220672                             {manageable} {ergonomic}
     bool UseCompressedClassPointers               = true                                 {lp64_product} {ergonomic}
     bool UseCompressedOops                        = true                                 {lp64_product} {ergonomic}
     bool UseG1GC                                  = true                                      {product} {ergonomic}
     bool UseLargePagesIndividualAllocation        = false                                  {pd product} {ergonomic}

Logging:
Log output configuration:
 #0: stdout all=warning uptime,level,tags
 #1: stderr all=off uptime,level,tags

Environment Variables:
PATH=F:\Hello World\Python 2-7-5\Lib\site-packages\PyQt4;C:\Program Files (x86)\Common Files\Oracle\Java\javapath;C:\Windows\system32;C:\Windows;C:\Windows\System32\Wbem;C:\Windows\System32\WindowsPowerShell\v1.0\;C:\Windows\System32\OpenSSH\;C:\Program Files\Git LFS;C:\Program Files\Git\cmd;C:\Program Files\dotnet\;C:\WINDOWS\system32;C:\WINDOWS;C:\WINDOWS\System32\Wbem;C:\WINDOWS\System32\WindowsPowerShell\v1.0\;C:\WINDOWS\System32\OpenSSH\;C:\Users\hamms\AppData\Local\Microsoft\WindowsApps;C:\ProgramData\hamms\GitHubDesktop\bin;C:\Program Files\JetBrains\IntelliJ IDEA 2023.1.2\bin;;C:\Users\hamms\.dotnet\tools;F:\Microsoft VS Code\bin;F:\XAMPP\php;
USERNAME=hamms
OS=Windows_NT
PROCESSOR_IDENTIFIER=Intel64 Family 6 Model 94 Stepping 3, GenuineIntel



---------------  S Y S T E M  ---------------

OS:
 Windows 10 , 64 bit Build 19041 (10.0.19041.3393)
OS uptime: 2 days 1:38 hours

CPU: total 2 (initial active 2) (2 cores per cpu, 1 threads per core) family 6 model 94 stepping 3 microcode 0xcc, cmov, cx8, fxsr, mmx, sse, sse2, sse3, ssse3, sse4.1, sse4.2, popcnt, aes, clmul, erms, 3dnowpref, lzcnt, tsc, tscinvbit, clflush, clflushopt

Memory: 4k page, system-wide physical 8082M (2645M free)
TotalPageFile size 18735M (AvailPageFile size 4474M)
current process WorkingSet (physical memory assigned to process): 111M, peak: 111M
current process commit charge ("private bytes"): 226M, peak: 226M

vm_info: OpenJDK 64-Bit Server VM (15.0.10+5-MTS) for windows-amd64 JRE (15.0.10+5-MTS) (Zulu15.46+17-CA), built on Jan  7 2023 17:34:05 by "zulu_re" with MS VC++ 15.9 (VS2017)

END.
