#
# A fatal error has been detected by the Java Runtime Environment:
#
#  EXCEPTION_ACCESS_VIOLATION (0xc0000005) at pc=0x00007ff8c357c59a, pid=10308, tid=16156
#
# JRE version: OpenJDK Runtime Environment Zulu15.46+17-CA (15.0.10+5) (build 15.0.10+5-MTS)
# Java VM: OpenJDK 64-Bit Server VM Zulu15.46+17-CA (15.0.10+5-MTS, mixed mode, sharing, tiered, compressed oops, g1 gc, windows-amd64)
# Problematic frame:
# C  [lwjgl_opengl.dll+0xc59a]
#
# No core dump will be written. Minidumps are not enabled by default on client versions of Windows
#
# If you would like to submit a bug report, please visit:
#   http://www.azul.com/support/
# The crash happened outside the Java Virtual Machine in native code.
# See problematic frame for where to report the bug.
#

---------------  S U M M A R Y ------------

Command Line: -javaagent:C:\Program Files\JetBrains\IntelliJ IDEA 2023.1.2\lib\idea_rt.jar=63001:C:\Program Files\JetBrains\IntelliJ IDEA 2023.1.2\bin -Dfile.encoding=UTF-8 Main

Host: Intel(R) Celeron(R) CPU G3900 @ 2.80GHz, 2 cores, 7G,  Windows 10 , 64 bit Build 19041 (10.0.19041.3393)
Time: Tue Oct  3 18:00:40 2023 Mitteleuropäische Sommerzeit elapsed time: 1.080402 seconds (0d 0h 0m 1s)

---------------  T H R E A D  ---------------

Current thread (0x0000013a71894830):  JavaThread "main" [_thread_in_native, id=16156, stack(0x00000026a2e00000,0x00000026a2f00000)]

Stack: [0x00000026a2e00000,0x00000026a2f00000],  sp=0x00000026a2eff298,  free space=1020k
Native frames: (J=compiled Java code, j=interpreted, Vv=VM code, C=native code)
C  [lwjgl_opengl.dll+0xc59a]

Java frames: (J=compiled Java code, j=interpreted, Vv=VM code)
j  org.lwjgl.opengl.GL11C.glClear(I)V+0
j  org.lwjgl.opengl.GL11.glClear(I)V+1
j  KAGO_framework.Core.Subsystems.Graphics.Renderer.OpenGL2D.Renderer.RenderFrame()V+3
j  Main.main([Ljava/lang/String;)V+12
v  ~StubRoutines::call_stub

siginfo: EXCEPTION_ACCESS_VIOLATION (0xc0000005), reading address 0x0000000000000060


Register to memory mapping:

RIP=0x00007ff8c357c59a lwjgl_opengl.dll
RAX=0x0000013a7f8b76a0 points into unknown readable memory: 0x0000000000000000 | 00 00 00 00 00 00 00 00
RBX={method} {0x0000013a7ef55048} 'glClear' '(I)V' in 'org/lwjgl/opengl/GL11C'
RCX=0x0000000000004000 is an unknown value
RDX=0x0 is NULL
RSP=0x00000026a2eff298 is pointing into the stack for thread: 0x0000013a71894830
RBP=0x00000026a2eff318 is pointing into the stack for thread: 0x0000013a71894830
RSI=0x0000013a7e9fa738 is pointing into metadata
RDI=0x000000000000b314 is an unknown value
R8 =0x0000000000004000 is an unknown value
R9 =0x0000000000000002 is an unknown value
R10=0x0000013a0000ef96 is at code_begin+982 in an Interpreter codelet
method entry point (kind = native)  [0x0000013a0000ebc0, 0x0000013a0000f620]  2656 bytes
R11=0x00000000896f6de8 is an oop: java.lang.Class 
{0x00000000896f6de8} - klass: 'java/lang/Class'
R12=0x0 is NULL
R13=0x0000013a7ef55038 is pointing into metadata
R14=0x00000026a2eff338 is pointing into the stack for thread: 0x0000013a71894830
R15=0x0000013a71894830 is a thread


Registers:
RAX=0x0000013a7f8b76a0, RBX=0x0000013a7ef55040, RCX=0x0000000000004000, RDX=0x0000000000000000
RSP=0x00000026a2eff298, RBP=0x00000026a2eff318, RSI=0x0000013a7e9fa738, RDI=0x000000000000b314
R8 =0x0000000000004000, R9 =0x0000000000000002, R10=0x0000013a0000ef96, R11=0x00000000896f6de8
R12=0x0000000000000000, R13=0x0000013a7ef55038, R14=0x00000026a2eff338, R15=0x0000013a71894830
RIP=0x00007ff8c357c59a, EFLAGS=0x0000000000010202

Top of Stack: (sp=0x00000026a2eff298)
0x00000026a2eff298:   0000013a0000efc2 0000013a7ef55040
0x00000026a2eff2a8:   0000013a7e9fa738 0000013a7e9fa738
0x00000026a2eff2b8:   00007ff89967beb9 0000013a7ee6e330
0x00000026a2eff2c8:   0000013a0000ec76 00000026a2eff2d0
0x00000026a2eff2d8:   0000013a7ef55038 00000026a2eff338
0x00000026a2eff2e8:   0000013a7ef60648 0000000000000000
0x00000026a2eff2f8:   00000000896f6de8 0000013a7ef55040
0x00000026a2eff308:   0000000000000000 00000026a2eff338
0x00000026a2eff318:   00000026a2eff388 0000013a0000a1aa
0x00000026a2eff328:   00000000896f6de8 0000013a0000c1b8
0x00000026a2eff338:   0000000000004000 00000026a2eff340
0x00000026a2eff348:   0000013a7ee6e309 00000026a2eff398
0x00000026a2eff358:   0000013a7ee99638 0000000000000000
0x00000026a2eff368:   0000000089833f48 0000013a7ee6e330
0x00000026a2eff378:   00000026a2eff338 00000026a2eff398
0x00000026a2eff388:   00000026a2eff3e8 0000013a0000a1aa 

Instructions: (pc=0x00007ff8c357c59a)
0x00007ff8c357c49a:   cc cc cc cc cc cc 48 8b 01 49 8b c8 48 8b 50 18
0x00007ff8c357c4aa:   48 ff a2 58 0a 00 00 cc cc cc cc cc cc cc cc cc
0x00007ff8c357c4ba:   cc cc cc cc cc cc 48 8b 01 49 8b c8 48 8b 50 18
0x00007ff8c357c4ca:   48 ff a2 60 0a 00 00 cc cc cc cc cc cc cc cc cc
0x00007ff8c357c4da:   cc cc cc cc cc cc 48 8b 01 49 8b c8 48 8b 50 18
0x00007ff8c357c4ea:   48 ff a2 68 0a 00 00 cc cc cc cc cc cc cc cc cc
0x00007ff8c357c4fa:   cc cc cc cc cc cc 40 53 48 8b 01 41 8b d8 44 8b
0x00007ff8c357c50a:   44 24 30 41 8b d1 4c 8b 4c 24 38 8b cb 4c 8b 50
0x00007ff8c357c51a:   18 5b 49 ff a2 70 0a 00 00 cc cc cc cc cc cc cc
0x00007ff8c357c52a:   cc cc cc cc cc cc 48 8b 01 41 8b c8 48 8b 50 18
0x00007ff8c357c53a:   48 ff 22 cc cc cc 48 8b 01 41 8b c8 48 8b 50 18
0x00007ff8c357c54a:   48 ff 62 08 cc cc 48 8b 01 41 8b d1 41 8b c8 4c
0x00007ff8c357c55a:   8b 50 18 49 ff 62 38 cc cc cc cc cc cc cc cc cc
0x00007ff8c357c56a:   cc cc cc cc cc cc 48 8b 01 41 8b d1 41 8b c8 4c
0x00007ff8c357c57a:   8b 50 18 49 ff 62 48 cc cc cc cc cc cc cc cc cc
0x00007ff8c357c58a:   cc cc cc cc cc cc 48 8b 01 41 8b c8 48 8b 50 18
0x00007ff8c357c59a:   48 ff 62 60 cc cc 48 8b 01 0f 28 cb f3 0f 10 5c
0x00007ff8c357c5aa:   24 30 0f 28 c2 f3 0f 10 54 24 28 48 8b 48 18 48
0x00007ff8c357c5ba:   ff 61 70 cc cc cc 48 8b 01 0f 28 c2 48 8b 48 18
0x00007ff8c357c5ca:   48 ff 61 78 cc cc 48 8b 01 41 8b c8 48 8b 50 18
0x00007ff8c357c5da:   48 ff a2 88 00 00 00 cc cc cc cc cc cc cc cc cc
0x00007ff8c357c5ea:   cc cc cc cc cc cc 40 53 48 8b 01 41 0f b6 d8 44
0x00007ff8c357c5fa:   0f b6 44 24 30 41 0f b6 d1 44 0f b6 4c 24 38 0f
0x00007ff8c357c60a:   b6 cb 4c 8b 50 18 5b 49 ff a2 98 01 00 00 cc cc
0x00007ff8c357c61a:   cc cc cc cc cc cc 48 8b 01 41 8b c8 48 8b 50 18
0x00007ff8c357c62a:   48 ff a2 b8 01 00 00 cc cc cc cc cc cc cc cc cc
0x00007ff8c357c63a:   cc cc cc cc cc cc 48 8b 01 41 8b c8 48 8b 50 18
0x00007ff8c357c64a:   48 ff a2 c8 01 00 00 cc cc cc cc cc cc cc cc cc
0x00007ff8c357c65a:   cc cc cc cc cc cc 48 8b 01 41 0f b6 c8 48 8b 50
0x00007ff8c357c66a:   18 48 ff a2 d0 01 00 00 cc cc cc cc cc cc cc cc
0x00007ff8c357c67a:   cc cc cc cc cc cc 48 8b 01 0f 28 cb 0f 28 c2 48
0x00007ff8c357c68a:   8b 48 18 48 ff a1 d8 01 00 00 cc cc cc cc cc cc 


Stack slot to memory mapping:
stack at sp + 0 slots: 0x0000013a0000efc2 is at code_begin+1026 in an Interpreter codelet
method entry point (kind = native)  [0x0000013a0000ebc0, 0x0000013a0000f620]  2656 bytes
stack at sp + 1 slots: {method} {0x0000013a7ef55048} 'glClear' '(I)V' in 'org/lwjgl/opengl/GL11C'
stack at sp + 2 slots: 0x0000013a7e9fa738 is pointing into metadata
stack at sp + 3 slots: 0x0000013a7e9fa738 is pointing into metadata
stack at sp + 4 slots: 0x00007ff89967beb9 jvm.dll
stack at sp + 5 slots: {method} {0x0000013a7ee6e338} 'glClear' '(I)V' in 'org/lwjgl/opengl/GL11'
stack at sp + 6 slots: 0x0000013a0000ec76 is at code_begin+182 in an Interpreter codelet
method entry point (kind = native)  [0x0000013a0000ebc0, 0x0000013a0000f620]  2656 bytes
stack at sp + 7 slots: 0x00000026a2eff2d0 is pointing into the stack for thread: 0x0000013a71894830


---------------  P R O C E S S  ---------------

Threads class SMR info:
_java_thread_list=0x0000013a7f870da0, length=13, elements={
0x0000013a71894830, 0x0000013a7e962ed0, 0x0000013a7e963aa0, 0x0000013a7e976ae0,
0x0000013a7e97a5b0, 0x0000013a7e97c070, 0x0000013a7e97ce50, 0x0000013a7e9896e0,
0x0000013a7e9e8930, 0x0000013a71967680, 0x0000013a7f5a7220, 0x0000013a7f5a76f0,
0x0000013a7f6d1e00
}

Java Threads: ( => current thread )
=>0x0000013a71894830 JavaThread "main" [_thread_in_native, id=16156, stack(0x00000026a2e00000,0x00000026a2f00000)]
  0x0000013a7e962ed0 JavaThread "Reference Handler" daemon [_thread_blocked, id=12300, stack(0x00000026a3500000,0x00000026a3600000)]
  0x0000013a7e963aa0 JavaThread "Finalizer" daemon [_thread_blocked, id=6484, stack(0x00000026a3600000,0x00000026a3700000)]
  0x0000013a7e976ae0 JavaThread "Signal Dispatcher" daemon [_thread_blocked, id=8216, stack(0x00000026a3700000,0x00000026a3800000)]
  0x0000013a7e97a5b0 JavaThread "Attach Listener" daemon [_thread_blocked, id=11488, stack(0x00000026a3800000,0x00000026a3900000)]
  0x0000013a7e97c070 JavaThread "Service Thread" daemon [_thread_blocked, id=10224, stack(0x00000026a3900000,0x00000026a3a00000)]
  0x0000013a7e97ce50 JavaThread "C2 CompilerThread0" daemon [_thread_blocked, id=7612, stack(0x00000026a3a00000,0x00000026a3b00000)]
  0x0000013a7e9896e0 JavaThread "C1 CompilerThread0" daemon [_thread_blocked, id=17044, stack(0x00000026a3b00000,0x00000026a3c00000)]
  0x0000013a7e9e8930 JavaThread "Sweeper thread" daemon [_thread_blocked, id=3868, stack(0x00000026a3c00000,0x00000026a3d00000)]
  0x0000013a71967680 JavaThread "Common-Cleaner" daemon [_thread_blocked, id=10652, stack(0x00000026a3d00000,0x00000026a3e00000)]
  0x0000013a7f5a7220 JavaThread "Monitor Ctrl-Break" daemon [_thread_in_native, id=5508, stack(0x00000026a3e00000,0x00000026a3f00000)]
  0x0000013a7f5a76f0 JavaThread "Notification Thread" daemon [_thread_blocked, id=708, stack(0x00000026a3f00000,0x00000026a4000000)]
  0x0000013a7f6d1e00 JavaThread "Thread-0" [_thread_in_native, id=16952, stack(0x00000026a4100000,0x00000026a4200000)]

Other Threads:
  0x0000013a7e960650 VMThread "VM Thread" [stack: 0x00000026a3400000,0x00000026a3500000] [id=5156]
  0x0000013a7f5a7bc0 WatcherThread [stack: 0x00000026a4000000,0x00000026a4100000] [id=9448]
  0x0000013a718cf1e0 GCTaskThread "GC Thread#0" [stack: 0x00000026a2f00000,0x00000026a3000000] [id=8664]
  0x0000013a7f444a30 GCTaskThread "GC Thread#1" [stack: 0x00000026a4200000,0x00000026a4300000] [id=2228]
  0x0000013a718dfff0 ConcurrentGCThread "G1 Main Marker" [stack: 0x00000026a3000000,0x00000026a3100000] [id=11372]
  0x0000013a718e1420 ConcurrentGCThread "G1 Conc#0" [stack: 0x00000026a3100000,0x00000026a3200000] [id=15764]
  0x0000013a71954820 ConcurrentGCThread "G1 Refine#0" [stack: 0x00000026a3200000,0x00000026a3300000] [id=12656]
  0x0000013a71955420 ConcurrentGCThread "G1 Young RemSet Sampling" [stack: 0x00000026a3300000,0x00000026a3400000] [id=6268]

Threads with active compile tasks:

VM state: not at safepoint (normal execution)

VM Mutex/Monitor currently owned by a thread: None

Heap address: 0x0000000081a00000, size: 2022 MB, Compressed Oops mode: 32-bit
CDS archive(s) mapped at: [0x0000000800000000-0x0000000800b50000-0x0000000800b50000), size 11862016, SharedBaseAddress: 0x0000000800000000, ArchiveRelocationMode: 0.
Compressed class space mapped at: 0x0000000800b50000-0x0000000840b50000, size: 1073741824
Narrow klass base: 0x0000000800000000, Narrow klass shift: 3, Narrow klass range: 0x100000000

GC Precious Log:
 CPUs: 2 total, 2 available
 Memory: 8082M
 Large Page Support: Disabled
 NUMA Support: Disabled
 Compressed Oops: Enabled (32-bit)
 Heap Region Size: 1M
 Heap Min Capacity: 8M
 Heap Initial Capacity: 128M
 Heap Max Capacity: 2022M
 Pre-touch: Disabled
 Parallel Workers: 2
 Concurrent Workers: 1
 Concurrent Refinement Workers: 2
 Periodic GC: Disabled

Heap:
 garbage-first heap   total 131072K, used 7147K [0x0000000081a00000, 0x0000000100000000)
  region size 1024K, 6 young (6144K), 1 survivors (1024K)
 Metaspace       used 4122K, capacity 6422K, committed 6784K, reserved 1056768K
  class space    used 300K, capacity 520K, committed 640K, reserved 1048576K

Heap Regions: E=young(eden), S=young(survivor), O=old, HS=humongous(starts), HC=humongous(continues), CS=collection set, F=free, OA=open archive, CA=closed archive, TAMS=top-at-mark-start (previous, next)
|   0|0x0000000081a00000, 0x0000000081b00000, 0x0000000081b00000|100%| O|  |TAMS 0x0000000081a00000, 0x0000000081a00000| Untracked 
|   1|0x0000000081b00000, 0x0000000081c00000, 0x0000000081c00000|100%| O|  |TAMS 0x0000000081b00000, 0x0000000081b00000| Untracked 
|   2|0x0000000081c00000, 0x0000000081cfac00, 0x0000000081d00000| 97%| O|  |TAMS 0x0000000081c00000, 0x0000000081c00000| Untracked 
|   3|0x0000000081d00000, 0x0000000081d00000, 0x0000000081e00000|  0%| F|  |TAMS 0x0000000081d00000, 0x0000000081d00000| Untracked 
|   4|0x0000000081e00000, 0x0000000081e00000, 0x0000000081f00000|  0%| F|  |TAMS 0x0000000081e00000, 0x0000000081e00000| Untracked 
|   5|0x0000000081f00000, 0x0000000081f00000, 0x0000000082000000|  0%| F|  |TAMS 0x0000000081f00000, 0x0000000081f00000| Untracked 
|   6|0x0000000082000000, 0x0000000082000000, 0x0000000082100000|  0%| F|  |TAMS 0x0000000082000000, 0x0000000082000000| Untracked 
|   7|0x0000000082100000, 0x0000000082100000, 0x0000000082200000|  0%| F|  |TAMS 0x0000000082100000, 0x0000000082100000| Untracked 
|   8|0x0000000082200000, 0x0000000082200000, 0x0000000082300000|  0%| F|  |TAMS 0x0000000082200000, 0x0000000082200000| Untracked 
|   9|0x0000000082300000, 0x0000000082300000, 0x0000000082400000|  0%| F|  |TAMS 0x0000000082300000, 0x0000000082300000| Untracked 
|  10|0x0000000082400000, 0x0000000082400000, 0x0000000082500000|  0%| F|  |TAMS 0x0000000082400000, 0x0000000082400000| Untracked 
|  11|0x0000000082500000, 0x0000000082500000, 0x0000000082600000|  0%| F|  |TAMS 0x0000000082500000, 0x0000000082500000| Untracked 
|  12|0x0000000082600000, 0x0000000082600000, 0x0000000082700000|  0%| F|  |TAMS 0x0000000082600000, 0x0000000082600000| Untracked 
|  13|0x0000000082700000, 0x0000000082700000, 0x0000000082800000|  0%| F|  |TAMS 0x0000000082700000, 0x0000000082700000| Untracked 
|  14|0x0000000082800000, 0x0000000082800000, 0x0000000082900000|  0%| F|  |TAMS 0x0000000082800000, 0x0000000082800000| Untracked 
|  15|0x0000000082900000, 0x0000000082900000, 0x0000000082a00000|  0%| F|  |TAMS 0x0000000082900000, 0x0000000082900000| Untracked 
|  16|0x0000000082a00000, 0x0000000082a00000, 0x0000000082b00000|  0%| F|  |TAMS 0x0000000082a00000, 0x0000000082a00000| Untracked 
|  17|0x0000000082b00000, 0x0000000082b00000, 0x0000000082c00000|  0%| F|  |TAMS 0x0000000082b00000, 0x0000000082b00000| Untracked 
|  18|0x0000000082c00000, 0x0000000082c00000, 0x0000000082d00000|  0%| F|  |TAMS 0x0000000082c00000, 0x0000000082c00000| Untracked 
|  19|0x0000000082d00000, 0x0000000082d00000, 0x0000000082e00000|  0%| F|  |TAMS 0x0000000082d00000, 0x0000000082d00000| Untracked 
|  20|0x0000000082e00000, 0x0000000082e00000, 0x0000000082f00000|  0%| F|  |TAMS 0x0000000082e00000, 0x0000000082e00000| Untracked 
|  21|0x0000000082f00000, 0x0000000082f00000, 0x0000000083000000|  0%| F|  |TAMS 0x0000000082f00000, 0x0000000082f00000| Untracked 
|  22|0x0000000083000000, 0x0000000083000000, 0x0000000083100000|  0%| F|  |TAMS 0x0000000083000000, 0x0000000083000000| Untracked 
|  23|0x0000000083100000, 0x0000000083100000, 0x0000000083200000|  0%| F|  |TAMS 0x0000000083100000, 0x0000000083100000| Untracked 
|  24|0x0000000083200000, 0x0000000083200000, 0x0000000083300000|  0%| F|  |TAMS 0x0000000083200000, 0x0000000083200000| Untracked 
|  25|0x0000000083300000, 0x0000000083300000, 0x0000000083400000|  0%| F|  |TAMS 0x0000000083300000, 0x0000000083300000| Untracked 
|  26|0x0000000083400000, 0x0000000083400000, 0x0000000083500000|  0%| F|  |TAMS 0x0000000083400000, 0x0000000083400000| Untracked 
|  27|0x0000000083500000, 0x0000000083500000, 0x0000000083600000|  0%| F|  |TAMS 0x0000000083500000, 0x0000000083500000| Untracked 
|  28|0x0000000083600000, 0x0000000083600000, 0x0000000083700000|  0%| F|  |TAMS 0x0000000083600000, 0x0000000083600000| Untracked 
|  29|0x0000000083700000, 0x0000000083700000, 0x0000000083800000|  0%| F|  |TAMS 0x0000000083700000, 0x0000000083700000| Untracked 
|  30|0x0000000083800000, 0x0000000083800000, 0x0000000083900000|  0%| F|  |TAMS 0x0000000083800000, 0x0000000083800000| Untracked 
|  31|0x0000000083900000, 0x0000000083900000, 0x0000000083a00000|  0%| F|  |TAMS 0x0000000083900000, 0x0000000083900000| Untracked 
|  32|0x0000000083a00000, 0x0000000083a00000, 0x0000000083b00000|  0%| F|  |TAMS 0x0000000083a00000, 0x0000000083a00000| Untracked 
|  33|0x0000000083b00000, 0x0000000083b00000, 0x0000000083c00000|  0%| F|  |TAMS 0x0000000083b00000, 0x0000000083b00000| Untracked 
|  34|0x0000000083c00000, 0x0000000083c00000, 0x0000000083d00000|  0%| F|  |TAMS 0x0000000083c00000, 0x0000000083c00000| Untracked 
|  35|0x0000000083d00000, 0x0000000083d00000, 0x0000000083e00000|  0%| F|  |TAMS 0x0000000083d00000, 0x0000000083d00000| Untracked 
|  36|0x0000000083e00000, 0x0000000083e00000, 0x0000000083f00000|  0%| F|  |TAMS 0x0000000083e00000, 0x0000000083e00000| Untracked 
|  37|0x0000000083f00000, 0x0000000083f00000, 0x0000000084000000|  0%| F|  |TAMS 0x0000000083f00000, 0x0000000083f00000| Untracked 
|  38|0x0000000084000000, 0x0000000084000000, 0x0000000084100000|  0%| F|  |TAMS 0x0000000084000000, 0x0000000084000000| Untracked 
|  39|0x0000000084100000, 0x0000000084100000, 0x0000000084200000|  0%| F|  |TAMS 0x0000000084100000, 0x0000000084100000| Untracked 
|  40|0x0000000084200000, 0x0000000084200000, 0x0000000084300000|  0%| F|  |TAMS 0x0000000084200000, 0x0000000084200000| Untracked 
|  41|0x0000000084300000, 0x0000000084300000, 0x0000000084400000|  0%| F|  |TAMS 0x0000000084300000, 0x0000000084300000| Untracked 
|  42|0x0000000084400000, 0x0000000084400000, 0x0000000084500000|  0%| F|  |TAMS 0x0000000084400000, 0x0000000084400000| Untracked 
|  43|0x0000000084500000, 0x0000000084500000, 0x0000000084600000|  0%| F|  |TAMS 0x0000000084500000, 0x0000000084500000| Untracked 
|  44|0x0000000084600000, 0x0000000084600000, 0x0000000084700000|  0%| F|  |TAMS 0x0000000084600000, 0x0000000084600000| Untracked 
|  45|0x0000000084700000, 0x0000000084700000, 0x0000000084800000|  0%| F|  |TAMS 0x0000000084700000, 0x0000000084700000| Untracked 
|  46|0x0000000084800000, 0x0000000084800000, 0x0000000084900000|  0%| F|  |TAMS 0x0000000084800000, 0x0000000084800000| Untracked 
|  47|0x0000000084900000, 0x0000000084900000, 0x0000000084a00000|  0%| F|  |TAMS 0x0000000084900000, 0x0000000084900000| Untracked 
|  48|0x0000000084a00000, 0x0000000084a00000, 0x0000000084b00000|  0%| F|  |TAMS 0x0000000084a00000, 0x0000000084a00000| Untracked 
|  49|0x0000000084b00000, 0x0000000084b00000, 0x0000000084c00000|  0%| F|  |TAMS 0x0000000084b00000, 0x0000000084b00000| Untracked 
|  50|0x0000000084c00000, 0x0000000084c00000, 0x0000000084d00000|  0%| F|  |TAMS 0x0000000084c00000, 0x0000000084c00000| Untracked 
|  51|0x0000000084d00000, 0x0000000084d00000, 0x0000000084e00000|  0%| F|  |TAMS 0x0000000084d00000, 0x0000000084d00000| Untracked 
|  52|0x0000000084e00000, 0x0000000084e00000, 0x0000000084f00000|  0%| F|  |TAMS 0x0000000084e00000, 0x0000000084e00000| Untracked 
|  53|0x0000000084f00000, 0x0000000084f00000, 0x0000000085000000|  0%| F|  |TAMS 0x0000000084f00000, 0x0000000084f00000| Untracked 
|  54|0x0000000085000000, 0x0000000085000000, 0x0000000085100000|  0%| F|  |TAMS 0x0000000085000000, 0x0000000085000000| Untracked 
|  55|0x0000000085100000, 0x0000000085100000, 0x0000000085200000|  0%| F|  |TAMS 0x0000000085100000, 0x0000000085100000| Untracked 
|  56|0x0000000085200000, 0x0000000085200000, 0x0000000085300000|  0%| F|  |TAMS 0x0000000085200000, 0x0000000085200000| Untracked 
|  57|0x0000000085300000, 0x0000000085300000, 0x0000000085400000|  0%| F|  |TAMS 0x0000000085300000, 0x0000000085300000| Untracked 
|  58|0x0000000085400000, 0x0000000085400000, 0x0000000085500000|  0%| F|  |TAMS 0x0000000085400000, 0x0000000085400000| Untracked 
|  59|0x0000000085500000, 0x0000000085500000, 0x0000000085600000|  0%| F|  |TAMS 0x0000000085500000, 0x0000000085500000| Untracked 
|  60|0x0000000085600000, 0x0000000085600000, 0x0000000085700000|  0%| F|  |TAMS 0x0000000085600000, 0x0000000085600000| Untracked 
|  61|0x0000000085700000, 0x0000000085700000, 0x0000000085800000|  0%| F|  |TAMS 0x0000000085700000, 0x0000000085700000| Untracked 
|  62|0x0000000085800000, 0x0000000085800000, 0x0000000085900000|  0%| F|  |TAMS 0x0000000085800000, 0x0000000085800000| Untracked 
|  63|0x0000000085900000, 0x0000000085900000, 0x0000000085a00000|  0%| F|  |TAMS 0x0000000085900000, 0x0000000085900000| Untracked 
|  64|0x0000000085a00000, 0x0000000085a00000, 0x0000000085b00000|  0%| F|  |TAMS 0x0000000085a00000, 0x0000000085a00000| Untracked 
|  65|0x0000000085b00000, 0x0000000085b00000, 0x0000000085c00000|  0%| F|  |TAMS 0x0000000085b00000, 0x0000000085b00000| Untracked 
|  66|0x0000000085c00000, 0x0000000085c00000, 0x0000000085d00000|  0%| F|  |TAMS 0x0000000085c00000, 0x0000000085c00000| Untracked 
|  67|0x0000000085d00000, 0x0000000085d00000, 0x0000000085e00000|  0%| F|  |TAMS 0x0000000085d00000, 0x0000000085d00000| Untracked 
|  68|0x0000000085e00000, 0x0000000085e00000, 0x0000000085f00000|  0%| F|  |TAMS 0x0000000085e00000, 0x0000000085e00000| Untracked 
|  69|0x0000000085f00000, 0x0000000085f00000, 0x0000000086000000|  0%| F|  |TAMS 0x0000000085f00000, 0x0000000085f00000| Untracked 
|  70|0x0000000086000000, 0x0000000086000000, 0x0000000086100000|  0%| F|  |TAMS 0x0000000086000000, 0x0000000086000000| Untracked 
|  71|0x0000000086100000, 0x0000000086100000, 0x0000000086200000|  0%| F|  |TAMS 0x0000000086100000, 0x0000000086100000| Untracked 
|  72|0x0000000086200000, 0x0000000086200000, 0x0000000086300000|  0%| F|  |TAMS 0x0000000086200000, 0x0000000086200000| Untracked 
|  73|0x0000000086300000, 0x0000000086300000, 0x0000000086400000|  0%| F|  |TAMS 0x0000000086300000, 0x0000000086300000| Untracked 
|  74|0x0000000086400000, 0x0000000086400000, 0x0000000086500000|  0%| F|  |TAMS 0x0000000086400000, 0x0000000086400000| Untracked 
|  75|0x0000000086500000, 0x0000000086500000, 0x0000000086600000|  0%| F|  |TAMS 0x0000000086500000, 0x0000000086500000| Untracked 
|  76|0x0000000086600000, 0x0000000086600000, 0x0000000086700000|  0%| F|  |TAMS 0x0000000086600000, 0x0000000086600000| Untracked 
|  77|0x0000000086700000, 0x0000000086700000, 0x0000000086800000|  0%| F|  |TAMS 0x0000000086700000, 0x0000000086700000| Untracked 
|  78|0x0000000086800000, 0x0000000086800000, 0x0000000086900000|  0%| F|  |TAMS 0x0000000086800000, 0x0000000086800000| Untracked 
|  79|0x0000000086900000, 0x0000000086900000, 0x0000000086a00000|  0%| F|  |TAMS 0x0000000086900000, 0x0000000086900000| Untracked 
|  80|0x0000000086a00000, 0x0000000086a00000, 0x0000000086b00000|  0%| F|  |TAMS 0x0000000086a00000, 0x0000000086a00000| Untracked 
|  81|0x0000000086b00000, 0x0000000086b00000, 0x0000000086c00000|  0%| F|  |TAMS 0x0000000086b00000, 0x0000000086b00000| Untracked 
|  82|0x0000000086c00000, 0x0000000086c00000, 0x0000000086d00000|  0%| F|  |TAMS 0x0000000086c00000, 0x0000000086c00000| Untracked 
|  83|0x0000000086d00000, 0x0000000086d00000, 0x0000000086e00000|  0%| F|  |TAMS 0x0000000086d00000, 0x0000000086d00000| Untracked 
|  84|0x0000000086e00000, 0x0000000086e00000, 0x0000000086f00000|  0%| F|  |TAMS 0x0000000086e00000, 0x0000000086e00000| Untracked 
|  85|0x0000000086f00000, 0x0000000086f00000, 0x0000000087000000|  0%| F|  |TAMS 0x0000000086f00000, 0x0000000086f00000| Untracked 
|  86|0x0000000087000000, 0x0000000087000000, 0x0000000087100000|  0%| F|  |TAMS 0x0000000087000000, 0x0000000087000000| Untracked 
|  87|0x0000000087100000, 0x0000000087100000, 0x0000000087200000|  0%| F|  |TAMS 0x0000000087100000, 0x0000000087100000| Untracked 
|  88|0x0000000087200000, 0x0000000087200000, 0x0000000087300000|  0%| F|  |TAMS 0x0000000087200000, 0x0000000087200000| Untracked 
|  89|0x0000000087300000, 0x0000000087300000, 0x0000000087400000|  0%| F|  |TAMS 0x0000000087300000, 0x0000000087300000| Untracked 
|  90|0x0000000087400000, 0x0000000087400000, 0x0000000087500000|  0%| F|  |TAMS 0x0000000087400000, 0x0000000087400000| Untracked 
|  91|0x0000000087500000, 0x0000000087500000, 0x0000000087600000|  0%| F|  |TAMS 0x0000000087500000, 0x0000000087500000| Untracked 
|  92|0x0000000087600000, 0x0000000087600000, 0x0000000087700000|  0%| F|  |TAMS 0x0000000087600000, 0x0000000087600000| Untracked 
|  93|0x0000000087700000, 0x0000000087700000, 0x0000000087800000|  0%| F|  |TAMS 0x0000000087700000, 0x0000000087700000| Untracked 
|  94|0x0000000087800000, 0x0000000087800000, 0x0000000087900000|  0%| F|  |TAMS 0x0000000087800000, 0x0000000087800000| Untracked 
|  95|0x0000000087900000, 0x0000000087900000, 0x0000000087a00000|  0%| F|  |TAMS 0x0000000087900000, 0x0000000087900000| Untracked 
|  96|0x0000000087a00000, 0x0000000087a00000, 0x0000000087b00000|  0%| F|  |TAMS 0x0000000087a00000, 0x0000000087a00000| Untracked 
|  97|0x0000000087b00000, 0x0000000087b00000, 0x0000000087c00000|  0%| F|  |TAMS 0x0000000087b00000, 0x0000000087b00000| Untracked 
|  98|0x0000000087c00000, 0x0000000087c00000, 0x0000000087d00000|  0%| F|  |TAMS 0x0000000087c00000, 0x0000000087c00000| Untracked 
|  99|0x0000000087d00000, 0x0000000087d00000, 0x0000000087e00000|  0%| F|  |TAMS 0x0000000087d00000, 0x0000000087d00000| Untracked 
| 100|0x0000000087e00000, 0x0000000087e00000, 0x0000000087f00000|  0%| F|  |TAMS 0x0000000087e00000, 0x0000000087e00000| Untracked 
| 101|0x0000000087f00000, 0x0000000087f00000, 0x0000000088000000|  0%| F|  |TAMS 0x0000000087f00000, 0x0000000087f00000| Untracked 
| 102|0x0000000088000000, 0x0000000088000000, 0x0000000088100000|  0%| F|  |TAMS 0x0000000088000000, 0x0000000088000000| Untracked 
| 103|0x0000000088100000, 0x0000000088100000, 0x0000000088200000|  0%| F|  |TAMS 0x0000000088100000, 0x0000000088100000| Untracked 
| 104|0x0000000088200000, 0x0000000088200000, 0x0000000088300000|  0%| F|  |TAMS 0x0000000088200000, 0x0000000088200000| Untracked 
| 105|0x0000000088300000, 0x0000000088300000, 0x0000000088400000|  0%| F|  |TAMS 0x0000000088300000, 0x0000000088300000| Untracked 
| 106|0x0000000088400000, 0x0000000088400000, 0x0000000088500000|  0%| F|  |TAMS 0x0000000088400000, 0x0000000088400000| Untracked 
| 107|0x0000000088500000, 0x0000000088500000, 0x0000000088600000|  0%| F|  |TAMS 0x0000000088500000, 0x0000000088500000| Untracked 
| 108|0x0000000088600000, 0x0000000088600000, 0x0000000088700000|  0%| F|  |TAMS 0x0000000088600000, 0x0000000088600000| Untracked 
| 109|0x0000000088700000, 0x0000000088700000, 0x0000000088800000|  0%| F|  |TAMS 0x0000000088700000, 0x0000000088700000| Untracked 
| 110|0x0000000088800000, 0x0000000088800000, 0x0000000088900000|  0%| F|  |TAMS 0x0000000088800000, 0x0000000088800000| Untracked 
| 111|0x0000000088900000, 0x0000000088900000, 0x0000000088a00000|  0%| F|  |TAMS 0x0000000088900000, 0x0000000088900000| Untracked 
| 112|0x0000000088a00000, 0x0000000088a00000, 0x0000000088b00000|  0%| F|  |TAMS 0x0000000088a00000, 0x0000000088a00000| Untracked 
| 113|0x0000000088b00000, 0x0000000088b00000, 0x0000000088c00000|  0%| F|  |TAMS 0x0000000088b00000, 0x0000000088b00000| Untracked 
| 114|0x0000000088c00000, 0x0000000088c00000, 0x0000000088d00000|  0%| F|  |TAMS 0x0000000088c00000, 0x0000000088c00000| Untracked 
| 115|0x0000000088d00000, 0x0000000088d00000, 0x0000000088e00000|  0%| F|  |TAMS 0x0000000088d00000, 0x0000000088d00000| Untracked 
| 116|0x0000000088e00000, 0x0000000088e00000, 0x0000000088f00000|  0%| F|  |TAMS 0x0000000088e00000, 0x0000000088e00000| Untracked 
| 117|0x0000000088f00000, 0x0000000088f00000, 0x0000000089000000|  0%| F|  |TAMS 0x0000000088f00000, 0x0000000088f00000| Untracked 
| 118|0x0000000089000000, 0x0000000089000000, 0x0000000089100000|  0%| F|  |TAMS 0x0000000089000000, 0x0000000089000000| Untracked 
| 119|0x0000000089100000, 0x0000000089100000, 0x0000000089200000|  0%| F|  |TAMS 0x0000000089100000, 0x0000000089100000| Untracked 
| 120|0x0000000089200000, 0x0000000089200000, 0x0000000089300000|  0%| F|  |TAMS 0x0000000089200000, 0x0000000089200000| Untracked 
| 121|0x0000000089300000, 0x0000000089400000, 0x0000000089400000|100%| S|CS|TAMS 0x0000000089300000, 0x0000000089300000| Complete 
| 122|0x0000000089400000, 0x0000000089400000, 0x0000000089500000|  0%| F|  |TAMS 0x0000000089400000, 0x0000000089400000| Untracked 
| 123|0x0000000089500000, 0x00000000895e4fa8, 0x0000000089600000| 89%| E|  |TAMS 0x0000000089500000, 0x0000000089500000| Complete 
| 124|0x0000000089600000, 0x0000000089700000, 0x0000000089700000|100%| E|  |TAMS 0x0000000089600000, 0x0000000089600000| Complete 
| 125|0x0000000089700000, 0x0000000089800000, 0x0000000089800000|100%| E|CS|TAMS 0x0000000089700000, 0x0000000089700000| Complete 
| 126|0x0000000089800000, 0x0000000089900000, 0x0000000089900000|100%| E|CS|TAMS 0x0000000089800000, 0x0000000089800000| Complete 
| 127|0x0000000089900000, 0x0000000089a00000, 0x0000000089a00000|100%| E|CS|TAMS 0x0000000089900000, 0x0000000089900000| Complete 

Card table byte_map: [0x0000013a7bde0000,0x0000013a7c1e0000] _byte_map_base: 0x0000013a7b9d3000

Marking Bits (Prev, Next): (CMBitMap*) 0x0000013a718cf9d0, (CMBitMap*) 0x0000013a718cfa10
 Prev Bits: [0x0000013a7c5e0000, 0x0000013a7e578000)
 Next Bits: [0x0000013a0f000000, 0x0000013a10f98000)

Polling page: 0x0000013a7b5a0000

Metaspace:

Usage:
  Non-class:      5.76 MB capacity,     3.73 MB ( 65%) used,     2.03 MB ( 35%) free+waste,     5.50 KB ( <1%) overhead. 
      Class:    520.00 KB capacity,   300.70 KB ( 58%) used,   216.93 KB ( 42%) free+waste,     2.38 KB ( <1%) overhead. 
       Both:      6.27 MB capacity,     4.03 MB ( 64%) used,     2.24 MB ( 36%) free+waste,     7.88 KB ( <1%) overhead. 

Virtual space:
  Non-class space:        8.00 MB reserved,       6.00 MB ( 75%) committed 
      Class space:        1.00 GB reserved,     640.00 KB ( <1%) committed 
             Both:        1.01 GB reserved,       6.63 MB ( <1%) committed 

Chunk freelists:
   Non-Class:  50.00 KB
       Class:  24.00 KB
        Both:  74.00 KB

MaxMetaspaceSize: 17179869184.00 GB
CompressedClassSpaceSize: 1.00 GB

CodeHeap 'non-profiled nmethods': size=120064Kb used=232Kb max_used=232Kb free=119831Kb
 bounds [0x0000013a07ac0000, 0x0000013a07d30000, 0x0000013a0f000000]
CodeHeap 'profiled nmethods': size=120000Kb used=1176Kb max_used=1176Kb free=118823Kb
 bounds [0x0000013a00590000, 0x0000013a00800000, 0x0000013a07ac0000]
CodeHeap 'non-nmethods': size=5696Kb used=1609Kb max_used=1609Kb free=4086Kb
 bounds [0x0000013a00000000, 0x0000013a00270000, 0x0000013a00590000]
 total_blobs=1745 nmethods=736 adapters=923
 compilation: enabled
              stopped_count=0, restarted_count=0
 full_count=0

Compilation events (20 events):
Event: 1.044 Thread 0x0000013a7e9896e0 nmethod 682 0x0000013a00694990 code [0x0000013a00694b60, 0x0000013a00694da8]
Event: 1.045 Thread 0x0000013a7e9896e0  683       3       java.lang.ref.Cleaner::register (25 bytes)
Event: 1.045 Thread 0x0000013a7e9896e0 nmethod 683 0x0000013a00694e90 code [0x0000013a00695080, 0x0000013a006955e8]
Event: 1.045 Thread 0x0000013a7e9896e0  684       3       jdk.internal.ref.CleanerImpl$PhantomCleanableRef::<init> (12 bytes)
Event: 1.046 Thread 0x0000013a7e9896e0 nmethod 684 0x0000013a00695810 code [0x0000013a006959c0, 0x0000013a00695b68]
Event: 1.047 Thread 0x0000013a7e9896e0  685       3       java.io.InputStream::<init> (5 bytes)
Event: 1.047 Thread 0x0000013a7e9896e0 nmethod 685 0x0000013a00695c10 code [0x0000013a00695da0, 0x0000013a00695ef8]
Event: 1.047 Thread 0x0000013a7e9896e0  686   !   3       java.util.zip.ZipFile$Source::readFullyAt (74 bytes)
Event: 1.048 Thread 0x0000013a7e9896e0 nmethod 686 0x0000013a00695f90 code [0x0000013a00696180, 0x0000013a00696728]
Event: 1.048 Thread 0x0000013a7e9896e0  687       3       java.net.URLStreamHandler::parseURL (1201 bytes)
Event: 1.056 Thread 0x0000013a7e97ce50  688       4       java.lang.Math::min (11 bytes)
Event: 1.056 Thread 0x0000013a7e97ce50 nmethod 688 0x0000013a07af6e90 code [0x0000013a07af7000, 0x0000013a07af7058]
Event: 1.065 Thread 0x0000013a7e9896e0 nmethod 687 0x0000013a00696b10 code [0x0000013a00697c60, 0x0000013a006a22a8]
Event: 1.065 Thread 0x0000013a7e9896e0  691       3       java.lang.Integer::toUnsignedLong (7 bytes)
Event: 1.065 Thread 0x0000013a7e9896e0 nmethod 691 0x0000013a006a6190 code [0x0000013a006a6320, 0x0000013a006a6418]
Event: 1.065 Thread 0x0000013a7e9896e0  692       3       sun.misc.Unsafe::putLong (11 bytes)
Event: 1.065 Thread 0x0000013a7e9896e0 nmethod 692 0x0000013a006a6490 code [0x0000013a006a6620, 0x0000013a006a6718]
Event: 1.065 Thread 0x0000013a7e9896e0  693       3       org.lwjgl.system.MemoryUtil::memPutAddress (29 bytes)
Event: 1.065 Thread 0x0000013a7e9896e0 nmethod 693 0x0000013a006a6790 code [0x0000013a006a6940, 0x0000013a006a6b38]
Event: 1.065 Thread 0x0000013a7e9896e0  694   !   3       java.util.WeakHashMap::expungeStaleEntries (139 bytes)

GC Heap History (2 events):
Event: 0.587 GC heap before
{Heap before GC invocations=0 (full 0):
 garbage-first heap   total 131072K, used 5120K [0x0000000081a00000, 0x0000000100000000)
  region size 1024K, 6 young (6144K), 0 survivors (0K)
 Metaspace       used 1450K, capacity 4665K, committed 4864K, reserved 1056768K
  class space    used 145K, capacity 403K, committed 512K, reserved 1048576K
}
Event: 0.592 GC heap after
{Heap after GC invocations=1 (full 0):
 garbage-first heap   total 131072K, used 4075K [0x0000000081a00000, 0x0000000100000000)
  region size 1024K, 1 young (1024K), 1 survivors (1024K)
 Metaspace       used 1450K, capacity 4665K, committed 4864K, reserved 1056768K
  class space    used 145K, capacity 403K, committed 512K, reserved 1048576K
}

Deoptimization events (20 events):
Event: 0.145 Thread 0x0000013a71894830 DEOPT PACKING pc=0x0000013a07acc728 sp=0x00000026a2efecc0
Event: 0.145 Thread 0x0000013a71894830 DEOPT UNPACKING pc=0x0000013a0004e129 sp=0x00000026a2efec60 mode 2
Event: 0.158 Thread 0x0000013a71894830 Uncommon trap: trap_request=0xffffff45 fr.pc=0x0000013a07ac4bd8 relative=0x0000000000000058
Event: 0.158 Thread 0x0000013a71894830 Uncommon trap: reason=unstable_if action=reinterpret pc=0x0000013a07ac4bd8 method=java.lang.String.isLatin1()Z @ 10 c2
Event: 0.158 Thread 0x0000013a71894830 DEOPT PACKING pc=0x0000013a07ac4bd8 sp=0x00000026a2efc990
Event: 0.158 Thread 0x0000013a71894830 DEOPT UNPACKING pc=0x0000013a0004e129 sp=0x00000026a2efc920 mode 2
Event: 0.248 Thread 0x0000013a71894830 Uncommon trap: trap_request=0xffffff45 fr.pc=0x0000013a07ac4898 relative=0x0000000000000078
Event: 0.248 Thread 0x0000013a71894830 Uncommon trap: reason=unstable_if action=reinterpret pc=0x0000013a07ac4898 method=java.lang.String.isLatin1()Z @ 10 c2
Event: 0.248 Thread 0x0000013a71894830 DEOPT PACKING pc=0x0000013a07ac4898 sp=0x00000026a2efee50
Event: 0.248 Thread 0x0000013a71894830 DEOPT UNPACKING pc=0x0000013a0004e129 sp=0x00000026a2efed90 mode 2
Event: 0.570 Thread 0x0000013a71894830 Uncommon trap: trap_request=0xffffff45 fr.pc=0x0000013a07adbb58 relative=0x00000000000014b8
Event: 0.570 Thread 0x0000013a71894830 Uncommon trap: reason=unstable_if action=reinterpret pc=0x0000013a07adbb58 method=java.util.HashMap.hash(Ljava/lang/Object;)I @ 1 c2
Event: 0.570 Thread 0x0000013a71894830 DEOPT PACKING pc=0x0000013a07adbb58 sp=0x00000026a2efe630
Event: 0.570 Thread 0x0000013a71894830 DEOPT UNPACKING pc=0x0000013a0004e129 sp=0x00000026a2efe5e0 mode 2
Event: 0.599 Thread 0x0000013a7f6d1e00 Uncommon trap: trap_request=0xffffff45 fr.pc=0x0000013a07ad5960 relative=0x0000000000000060
Event: 0.599 Thread 0x0000013a7f6d1e00 Uncommon trap: reason=unstable_if action=reinterpret pc=0x0000013a07ad5960 method=java.io.WinNTFileSystem.isSlash(C)Z @ 9 c2
Event: 0.599 Thread 0x0000013a7f6d1e00 DEOPT PACKING pc=0x0000013a07ad5960 sp=0x00000026a41feed0
Event: 0.599 Thread 0x0000013a7f6d1e00 DEOPT UNPACKING pc=0x0000013a0004e129 sp=0x00000026a41fee58 mode 2
Event: 1.004 Thread 0x0000013a7f6d1e00 DEOPT PACKING pc=0x0000013a005ff2df sp=0x00000026a41fb780
Event: 1.004 Thread 0x0000013a7f6d1e00 DEOPT UNPACKING pc=0x0000013a0004df30 sp=0x00000026a41fabd0 mode 0

Classes unloaded (0 events):
No events

Classes redefined (0 events):
No events

Internal exceptions (20 events):
Event: 0.255 Thread 0x0000013a7f5a7220 Exception <a 'java/lang/NoSuchMethodError'{0x000000008952b060}: 'java.lang.Object java.lang.invoke.DirectMethodHandle$Holder.invokeStaticInit(java.lang.Object)'> (0x000000008952b060) 
thrown [./src/hotspot/share/interpreter/linkResolver.cpp, line 782]
Event: 0.263 Thread 0x0000013a7f5a7220 Exception <a 'java/lang/NoSuchMethodError'{0x00000000895384a0}: 'void java.lang.invoke.DirectMethodHandle$Holder.invokeStatic(java.lang.Object, java.lang.Object)'> (0x00000000895384a0) 
thrown [./src/hotspot/share/interpreter/linkResolver.cpp, line 782]
Event: 0.542 Thread 0x0000013a71894830 Exception <a 'java/lang/NoSuchMethodError'{0x00000000894af0b8}: 'void java.lang.invoke.DirectMethodHandle$Holder.invokeSpecial(java.lang.Object, java.lang.Object, java.lang.Object)'> (0x00000000894af0b8) 
thrown [./src/hotspot/share/interpreter/linkResolver.cpp, line 782]
Event: 0.554 Thread 0x0000013a71894830 Exception <a 'java/lang/NoSuchMethodError'{0x00000000894c3f20}: 'java.lang.Object java.lang.invoke.DirectMethodHandle$Holder.invokeStatic(java.lang.Object, int, java.lang.Object)'> (0x00000000894c3f20) 
thrown [./src/hotspot/share/interpreter/linkResolver.cpp, line 782]
Event: 0.570 Thread 0x0000013a71894830 Implicit null exception at 0x0000013a07ada6e0 to 0x0000013a07adbb44
Event: 0.885 Thread 0x0000013a71894830 Exception <a 'java/lang/NoSuchMethodError'{0x0000000089889998}: 'java.lang.Object java.lang.invoke.DirectMethodHandle$Holder.invokeStatic(java.lang.Object, java.lang.Object, int)'> (0x0000000089889998) 
thrown [./src/hotspot/share/interpreter/linkResolver.cpp, line 782]
Event: 0.886 Thread 0x0000013a71894830 Exception <a 'java/lang/NoSuchMethodError'{0x00000000898c98b0}: 'void java.lang.invoke.DelegatingMethodHandle$Holder.delegate(java.lang.Object, java.lang.Object, int, java.lang.Object)'> (0x00000000898c98b0) 
thrown [./src/hotspot/share/interpreter/linkResolver.cpp, line 782]
Event: 0.897 Thread 0x0000013a71894830 Exception <a 'java/lang/NoSuchMethodError'{0x00000000898cd758}: 'int java.lang.invoke.DirectMethodHandle$Holder.invokeSpecial(java.lang.Object, java.lang.Object, java.lang.Object)'> (0x00000000898cd758) 
thrown [./src/hotspot/share/interpreter/linkResolver.cpp, line 782]
Event: 0.993 Thread 0x0000013a7f6d1e00 Exception <a 'sun/nio/fs/WindowsException'{0x00000000897d6350}> (0x00000000897d6350) 
thrown [./src/hotspot/share/prims/jni.cpp, line 578]
Event: 0.994 Thread 0x0000013a7f6d1e00 Exception <a 'sun/nio/fs/WindowsException'{0x00000000897dcb58}> (0x00000000897dcb58) 
thrown [./src/hotspot/share/prims/jni.cpp, line 578]
Event: 1.026 Thread 0x0000013a7f6d1e00 Exception <a 'java/lang/NoSuchMethodError'{0x0000000089634658}: 'int java.lang.invoke.DirectMethodHandle$Holder.invokeStaticInit(java.lang.Object, java.lang.Object, int, long)'> (0x0000000089634658) 
thrown [./src/hotspot/share/interpreter/linkResolver.cpp, line 782]
Event: 1.027 Thread 0x0000013a7f6d1e00 Exception <a 'java/lang/NoSuchMethodError'{0x000000008963a128}: 'java.lang.Object java.lang.invoke.DirectMethodHandle$Holder.newInvokeSpecial(java.lang.Object, java.lang.Object, int)'> (0x000000008963a128) 
thrown [./src/hotspot/share/interpreter/linkResolver.cpp, line 782]
Event: 1.028 Thread 0x0000013a71894830 Exception <a 'sun/nio/fs/WindowsException'{0x000000008964de00}> (0x000000008964de00) 
thrown [./src/hotspot/share/prims/jni.cpp, line 578]
Event: 1.028 Thread 0x0000013a71894830 Exception <a 'sun/nio/fs/WindowsException'{0x000000008964e1a0}> (0x000000008964e1a0) 
thrown [./src/hotspot/share/prims/jni.cpp, line 578]
Event: 1.032 Thread 0x0000013a7f6d1e00 Exception <a 'java/lang/NoSuchMethodError'{0x000000008964a6d0}: 'int java.lang.invoke.DirectMethodHandle$Holder.invokeStaticInit(java.lang.Object, java.lang.Object, long, long)'> (0x000000008964a6d0) 
thrown [./src/hotspot/share/interpreter/linkResolver.cpp, line 782]
Event: 1.033 Thread 0x0000013a7f6d1e00 Exception <a 'java/lang/NoSuchMethodError'{0x0000000089667b78}: 'java.lang.Object java.lang.invoke.DirectMethodHandle$Holder.newInvokeSpecial(java.lang.Object, java.lang.Object, long)'> (0x0000000089667b78) 
thrown [./src/hotspot/share/interpreter/linkResolver.cpp, line 782]
Event: 1.035 Thread 0x0000013a7f6d1e00 Exception <a 'java/lang/NoSuchMethodError'{0x000000008966bf68}: 'java.lang.Object java.lang.invoke.Invokers$Holder.linkToTargetMethod(java.lang.Object, long, java.lang.Object)'> (0x000000008966bf68) 
thrown [./src/hotspot/share/interpreter/linkResolver.cpp, line 782]
Event: 1.036 Thread 0x0000013a7f6d1e00 Exception <a 'java/lang/NoSuchMethodError'{0x0000000089673948}: 'int java.lang.invoke.DirectMethodHandle$Holder.invokeStaticInit(java.lang.Object, java.lang.Object, java.lang.Object, long)'> (0x0000000089673948) 
thrown [./src/hotspot/share/interpreter/linkResolver.cpp, line 782]
Event: 1.038 Thread 0x0000013a71894830 Exception <a 'sun/nio/fs/WindowsException'{0x0000000089662688}> (0x0000000089662688) 
thrown [./src/hotspot/share/prims/jni.cpp, line 578]
Event: 1.038 Thread 0x0000013a71894830 Exception <a 'sun/nio/fs/WindowsException'{0x0000000089662958}> (0x0000000089662958) 
thrown [./src/hotspot/share/prims/jni.cpp, line 578]

Events (20 events):
Event: 1.021 loading class sun/misc/Unsafe done
Event: 1.022 loading class jdk/internal/reflect/UnsafeFieldAccessorFactory
Event: 1.022 loading class jdk/internal/reflect/UnsafeFieldAccessorFactory done
Event: 1.022 loading class jdk/internal/reflect/UnsafeQualifiedStaticObjectFieldAccessorImpl
Event: 1.023 loading class jdk/internal/reflect/UnsafeQualifiedStaticFieldAccessorImpl
Event: 1.023 loading class jdk/internal/reflect/UnsafeQualifiedStaticFieldAccessorImpl done
Event: 1.023 loading class jdk/internal/reflect/UnsafeQualifiedStaticObjectFieldAccessorImpl done
Event: 1.024 loading class java/util/function/LongPredicate
Event: 1.024 loading class java/util/function/LongPredicate done
Event: 1.029 loading class jdk/internal/access/foreign/MemorySegmentProxy
Event: 1.029 loading class jdk/internal/access/foreign/MemorySegmentProxy done
Event: 1.029 Loaded shared library C:\Users\hamms\AppData\Local\Temp\lwjgl_hamms\3.3.3+5\x64\lwjgl_opengl.dll
Event: 1.037 loading class java/math/MutableBigInteger
Event: 1.040 loading class java/math/MutableBigInteger done
Event: 1.040 loading class java/nio/InvalidMarkException
Event: 1.040 loading class java/nio/InvalidMarkException done
Event: 1.040 loading class java/nio/BufferUnderflowException
Event: 1.040 loading class java/nio/BufferUnderflowException done
Event: 1.060 loading class java/util/function/BiPredicate
Event: 1.060 loading class java/util/function/BiPredicate done


Dynamic libraries:
0x00007ff652810000 - 0x00007ff65281d000 	C:\Users\hamms\.jdks\azul-15.0.10\bin\java.exe
0x00007ff8ec830000 - 0x00007ff8eca28000 	C:\WINDOWS\SYSTEM32\ntdll.dll
0x00007ff8eadd0000 - 0x00007ff8eae8d000 	C:\WINDOWS\System32\KERNEL32.DLL
0x00007ff8ea090000 - 0x00007ff8ea386000 	C:\WINDOWS\System32\KERNELBASE.dll
0x00007ff8ea520000 - 0x00007ff8ea620000 	C:\WINDOWS\System32\ucrtbase.dll
0x00007ff8e5300000 - 0x00007ff8e5315000 	C:\Users\hamms\.jdks\azul-15.0.10\bin\VCRUNTIME140.dll
0x00007ff8e3e60000 - 0x00007ff8e3e78000 	C:\Users\hamms\.jdks\azul-15.0.10\bin\jli.dll
0x00007ff8eafb0000 - 0x00007ff8eb14e000 	C:\WINDOWS\System32\USER32.dll
0x00007ff8ea620000 - 0x00007ff8ea642000 	C:\WINDOWS\System32\win32u.dll
0x00007ff8eba80000 - 0x00007ff8ebaac000 	C:\WINDOWS\System32\GDI32.dll
0x00007ff8ea400000 - 0x00007ff8ea51a000 	C:\WINDOWS\System32\gdi32full.dll
0x00007ff8e9ff0000 - 0x00007ff8ea08d000 	C:\WINDOWS\System32\msvcp_win.dll
0x00007ff8c25f0000 - 0x00007ff8c288a000 	C:\WINDOWS\WinSxS\amd64_microsoft.windows.common-controls_6595b64144ccf1df_6.0.19041.1110_none_60b5254171f9507e\COMCTL32.dll
0x00007ff8ec5a0000 - 0x00007ff8ec63e000 	C:\WINDOWS\System32\msvcrt.dll
0x00007ff8ec2a0000 - 0x00007ff8ec2d0000 	C:\WINDOWS\System32\IMM32.DLL
0x00007ff8bc270000 - 0x00007ff8bc30b000 	C:\Users\hamms\.jdks\azul-15.0.10\bin\msvcp140.dll
0x00007ff8990c0000 - 0x00007ff899c5c000 	C:\Users\hamms\.jdks\azul-15.0.10\bin\server\jvm.dll
0x00007ff8ec350000 - 0x00007ff8ec3fe000 	C:\WINDOWS\System32\ADVAPI32.dll
0x00007ff8ec0c0000 - 0x00007ff8ec15c000 	C:\WINDOWS\System32\sechost.dll
0x00007ff8ec170000 - 0x00007ff8ec296000 	C:\WINDOWS\System32\RPCRT4.dll
0x00007ff8ec160000 - 0x00007ff8ec168000 	C:\WINDOWS\System32\PSAPI.DLL
0x00007ff8c5100000 - 0x00007ff8c5109000 	C:\WINDOWS\SYSTEM32\WSOCK32.dll
0x00007ff8d5930000 - 0x00007ff8d5957000 	C:\WINDOWS\SYSTEM32\WINMM.dll
0x00007ff8ead00000 - 0x00007ff8ead6b000 	C:\WINDOWS\System32\WS2_32.dll
0x00007ff8e5c90000 - 0x00007ff8e5c9a000 	C:\WINDOWS\SYSTEM32\VERSION.dll
0x00007ff8e7ce0000 - 0x00007ff8e7cf2000 	C:\WINDOWS\SYSTEM32\kernel.appcore.dll
0x00007ff8e5260000 - 0x00007ff8e526a000 	C:\Users\hamms\.jdks\azul-15.0.10\bin\jimage.dll
0x00007ff8e4c60000 - 0x00007ff8e4e44000 	C:\WINDOWS\SYSTEM32\DBGHELP.DLL
0x00007ff8e4bc0000 - 0x00007ff8e4bf4000 	C:\WINDOWS\SYSTEM32\dbgcore.DLL
0x00007ff8e9f60000 - 0x00007ff8e9fe2000 	C:\WINDOWS\System32\bcryptPrimitives.dll
0x00007ff8e4fd0000 - 0x00007ff8e4fde000 	C:\Users\hamms\.jdks\azul-15.0.10\bin\instrument.dll
0x00007ff8d5760000 - 0x00007ff8d5785000 	C:\Users\hamms\.jdks\azul-15.0.10\bin\java.dll
0x00007ff8eb150000 - 0x00007ff8eb895000 	C:\WINDOWS\System32\SHELL32.dll
0x00007ff8e7fc0000 - 0x00007ff8e875b000 	C:\WINDOWS\SYSTEM32\windows.storage.dll
0x00007ff8ebc60000 - 0x00007ff8ebfb4000 	C:\WINDOWS\System32\combase.dll
0x00007ff8e9880000 - 0x00007ff8e98ae000 	C:\WINDOWS\SYSTEM32\Wldp.dll
0x00007ff8eb9d0000 - 0x00007ff8eba7d000 	C:\WINDOWS\System32\SHCORE.dll
0x00007ff8eae90000 - 0x00007ff8eaee5000 	C:\WINDOWS\System32\shlwapi.dll
0x00007ff8e9e40000 - 0x00007ff8e9e65000 	C:\WINDOWS\SYSTEM32\profapi.dll
0x00007ff8e3e40000 - 0x00007ff8e3e58000 	C:\Users\hamms\.jdks\azul-15.0.10\bin\zip.dll
0x00007ff8d4570000 - 0x00007ff8d4589000 	C:\Users\hamms\.jdks\azul-15.0.10\bin\net.dll
0x00007ff8e36e0000 - 0x00007ff8e37ea000 	C:\WINDOWS\SYSTEM32\WINHTTP.dll
0x00007ff8e95e0000 - 0x00007ff8e964a000 	C:\WINDOWS\system32\mswsock.dll
0x00007ff8d4280000 - 0x00007ff8d4292000 	C:\Users\hamms\.jdks\azul-15.0.10\bin\nio.dll
0x00007ff8d4260000 - 0x00007ff8d427a000 	C:\Program Files\JetBrains\IntelliJ IDEA 2023.1.2\bin\breakgen64.dll
0x00007ff8bbe50000 - 0x00007ff8bbecb000 	C:\Users\hamms\AppData\Local\Temp\lwjgl_hamms\3.3.3+5\x64\lwjgl.dll
0x00007ff8c3570000 - 0x00007ff8c35ce000 	C:\Users\hamms\AppData\Local\Temp\lwjgl_hamms\3.3.3+5\x64\lwjgl_opengl.dll
0x00007ff8b9cf0000 - 0x00007ff8b9e15000 	C:\WINDOWS\SYSTEM32\opengl32.dll
0x00007ff8d37a0000 - 0x00007ff8d37cc000 	C:\WINDOWS\SYSTEM32\GLU32.dll
0x00007ff8ba3d0000 - 0x00007ff8ba452000 	C:\Users\hamms\AppData\Local\Temp\lwjgl_hamms\3.3.3+5\x64\glfw.dll
0x00007ff8cb700000 - 0x00007ff8cb745000 	C:\WINDOWS\SYSTEM32\dinput8.dll
0x00007ff8d5410000 - 0x00007ff8d5421000 	C:\WINDOWS\SYSTEM32\xinput1_4.dll
0x00007ff8e9f10000 - 0x00007ff8e9f5e000 	C:\WINDOWS\System32\cfgmgr32.dll
0x00007ff8e9c30000 - 0x00007ff8e9c63000 	C:\WINDOWS\SYSTEM32\DEVOBJ.dll
0x00007ff8e7cb0000 - 0x00007ff8e7cdf000 	C:\WINDOWS\SYSTEM32\dwmapi.dll
0x00007ff8e7910000 - 0x00007ff8e79ae000 	C:\WINDOWS\system32\uxtheme.dll
0x00007ff8ebb40000 - 0x00007ff8ebc54000 	C:\WINDOWS\System32\MSCTF.dll
0x00007ff8ebff0000 - 0x00007ff8ec0bd000 	C:\WINDOWS\System32\OLEAUT32.dll
0x00007ff8d3d00000 - 0x00007ff8d3e52000 	C:\WINDOWS\SYSTEM32\inputhost.dll
0x00007ff8e75f0000 - 0x00007ff8e76e2000 	C:\WINDOWS\SYSTEM32\CoreMessaging.dll
0x00007ff8e3290000 - 0x00007ff8e3386000 	C:\WINDOWS\SYSTEM32\PROPSYS.dll
0x00007ff8e6ba0000 - 0x00007ff8e6cf5000 	C:\WINDOWS\SYSTEM32\wintypes.dll
0x00007ff8e7290000 - 0x00007ff8e75ee000 	C:\WINDOWS\SYSTEM32\CoreUIComponents.dll
0x00007ff8e9010000 - 0x00007ff8e9043000 	C:\WINDOWS\SYSTEM32\ntmarta.dll
0x00007ff8ec4e0000 - 0x00007ff8ec589000 	C:\WINDOWS\System32\clbcatq.dll
0x00007ff8e3420000 - 0x00007ff8e3522000 	C:\Windows\System32\AppXDeploymentClient.dll

dbghelp: loaded successfully - version: 4.0.5 - missing functions: none
symbol engine: initialized successfully - sym options: 0x614 - pdb path: .;C:\Users\hamms\.jdks\azul-15.0.10\bin;C:\WINDOWS\SYSTEM32;C:\WINDOWS\WinSxS\amd64_microsoft.windows.common-controls_6595b64144ccf1df_6.0.19041.1110_none_60b5254171f9507e;C:\Users\hamms\.jdks\azul-15.0.10\bin\server;C:\Program Files\JetBrains\IntelliJ IDEA 2023.1.2\bin;C:\Users\hamms\AppData\Local\Temp\lwjgl_hamms\3.3.3+5\x64

VM Arguments:
jvm_args: -javaagent:C:\Program Files\JetBrains\IntelliJ IDEA 2023.1.2\lib\idea_rt.jar=63001:C:\Program Files\JetBrains\IntelliJ IDEA 2023.1.2\bin -Dfile.encoding=UTF-8 
java_command: Main
java_class_path (initial): C:\Users\hamms\Downloads\KAGO5_Preview\out\production\classes;C:\Users\hamms\Downloads\KAGO5_Preview\out\production\resources;C:\Users\hamms\Downloads\KAGO5_Preview\libs\lwjgl-3.3.3\libs\lwjgl-glfw-javadoc.jar;C:\Users\hamms\Downloads\KAGO5_Preview\libs\lwjgl-3.3.3\libs\lwjgl-glfw-natives-windows.jar;C:\Users\hamms\Downloads\KAGO5_Preview\libs\lwjgl-3.3.3\libs\lwjgl-glfw-sources.jar;C:\Users\hamms\Downloads\KAGO5_Preview\libs\lwjgl-3.3.3\libs\lwjgl-glfw.jar;C:\Users\hamms\Downloads\KAGO5_Preview\libs\lwjgl-3.3.3\libs\lwjgl-javadoc.jar;C:\Users\hamms\Downloads\KAGO5_Preview\libs\lwjgl-3.3.3\libs\lwjgl-natives-windows.jar;C:\Users\hamms\Downloads\KAGO5_Preview\libs\lwjgl-3.3.3\libs\lwjgl-openal-javadoc.jar;C:\Users\hamms\Downloads\KAGO5_Preview\libs\lwjgl-3.3.3\libs\lwjgl-openal-natives-windows.jar;C:\Users\hamms\Downloads\KAGO5_Preview\libs\lwjgl-3.3.3\libs\lwjgl-openal-sources.jar;C:\Users\hamms\Downloads\KAGO5_Preview\libs\lwjgl-3.3.3\libs\lwjgl-openal.jar;C:\Users\hamms\Downloads\KAGO5_Preview\libs\lwjgl-3.3.3\libs\lwjgl-opencl-javadoc.jar;C:\Users\hamms\Downloads\KAGO5_Preview\libs\lwjgl-3.3.3\libs\lwjgl-opencl-sources.jar;C:\Users\hamms\Downloads\KAGO5_Preview\libs\lwjgl-3.3.3\libs\lwjgl-opencl.jar;C:\Users\hamms\Downloads\KAGO5_Preview\libs\lwjgl-3.3.3\libs\lwjgl-opengl-javadoc.jar;C:\Users\hamms\Downloads\KAGO5_Preview\libs\lwjgl-3.3.3\libs\lwjgl-opengl-natives-windows.jar;C:\Users\hamms\Downloads\KAGO5_Preview\libs\lwjgl-3.3.3\libs\lwjgl-opengl-sources.jar;C:\Users\hamms\Downloads\KAGO5_Preview\libs\lwjgl-3.3.3\libs\lwjgl-opengl.jar;C:\Users\hamms\Downloads\KAGO5_Preview\libs\lwjgl-3.3.3\libs\lwjgl-sources.jar;C:\Users\hamms\Downloads\KAGO5_Preview\libs\lwjgl-3.3.3\libs\lwjgl-vulkan-javadoc.jar;C:\Users\hamms\Downloads\KAGO5_Preview\libs\lwjgl-3.3.3\libs\lwjgl-vulkan-sources.jar;C:\Users\hamms\Downloads\KAGO5_Preview\libs\lwjgl-3.3.3\libs\lwjgl-vulkan.jar;C:\Users\hamms\Downloads\KAGO5_Preview\libs\lwjgl-3.3.3\libs\lwjgl.jar;C:\Us
Launcher Type: SUN_STANDARD

[Global flags]
     intx CICompilerCount                          = 2                                         {product} {ergonomic}
     uint ConcGCThreads                            = 1                                         {product} {ergonomic}
     uint G1ConcRefinementThreads                  = 2                                         {product} {ergonomic}
   size_t G1HeapRegionSize                         = 1048576                                   {product} {ergonomic}
    uintx GCDrainStackTargetSize                   = 64                                        {product} {ergonomic}
   size_t InitialHeapSize                          = 134217728                                 {product} {ergonomic}
   size_t MarkStackSize                            = 4194304                                   {product} {ergonomic}
   size_t MaxHeapSize                              = 2120220672                                {product} {ergonomic}
   size_t MaxNewSize                               = 1271922688                                {product} {ergonomic}
   size_t MinHeapDeltaBytes                        = 1048576                                   {product} {ergonomic}
   size_t MinHeapSize                              = 8388608                                   {product} {ergonomic}
    uintx NonNMethodCodeHeapSize                   = 5826188                                {pd product} {ergonomic}
    uintx NonProfiledCodeHeapSize                  = 122916026                              {pd product} {ergonomic}
    uintx ProfiledCodeHeapSize                     = 122916026                              {pd product} {ergonomic}
    uintx ReservedCodeCacheSize                    = 251658240                              {pd product} {ergonomic}
     bool SegmentedCodeCache                       = true                                      {product} {ergonomic}
   size_t SoftMaxHeapSize                          = 2120220672                             {manageable} {ergonomic}
     bool UseCompressedClassPointers               = true                                 {lp64_product} {ergonomic}
     bool UseCompressedOops                        = true                                 {lp64_product} {ergonomic}
     bool UseG1GC                                  = true                                      {product} {ergonomic}
     bool UseLargePagesIndividualAllocation        = false                                  {pd product} {ergonomic}

Logging:
Log output configuration:
 #0: stdout all=warning uptime,level,tags
 #1: stderr all=off uptime,level,tags

Environment Variables:
PATH=F:\Hello World\Python 2-7-5\Lib\site-packages\PyQt4;C:\Program Files (x86)\Common Files\Oracle\Java\javapath;C:\Windows\system32;C:\Windows;C:\Windows\System32\Wbem;C:\Windows\System32\WindowsPowerShell\v1.0\;C:\Windows\System32\OpenSSH\;C:\Program Files\Git LFS;C:\Program Files\Git\cmd;C:\Program Files\dotnet\;C:\WINDOWS\system32;C:\WINDOWS;C:\WINDOWS\System32\Wbem;C:\WINDOWS\System32\WindowsPowerShell\v1.0\;C:\WINDOWS\System32\OpenSSH\;C:\Users\hamms\AppData\Local\Microsoft\WindowsApps;C:\ProgramData\hamms\GitHubDesktop\bin;C:\Program Files\JetBrains\IntelliJ IDEA 2023.1.2\bin;;C:\Users\hamms\.dotnet\tools;F:\Microsoft VS Code\bin;F:\XAMPP\php;
USERNAME=hamms
OS=Windows_NT
PROCESSOR_IDENTIFIER=Intel64 Family 6 Model 94 Stepping 3, GenuineIntel



---------------  S Y S T E M  ---------------

OS:
 Windows 10 , 64 bit Build 19041 (10.0.19041.3393)
OS uptime: 17 days 19:31 hours

CPU: total 2 (initial active 2) (2 cores per cpu, 1 threads per core) family 6 model 94 stepping 3 microcode 0xcc, cmov, cx8, fxsr, mmx, sse, sse2, sse3, ssse3, sse4.1, sse4.2, popcnt, aes, clmul, erms, 3dnowpref, lzcnt, tsc, tscinvbit, clflush, clflushopt

Memory: 4k page, system-wide physical 8082M (1702M free)
TotalPageFile size 18705M (AvailPageFile size 4352M)
current process WorkingSet (physical memory assigned to process): 60M, peak: 60M
current process commit charge ("private bytes"): 212M, peak: 212M

vm_info: OpenJDK 64-Bit Server VM (15.0.10+5-MTS) for windows-amd64 JRE (15.0.10+5-MTS) (Zulu15.46+17-CA), built on Jan  7 2023 17:34:05 by "zulu_re" with MS VC++ 15.9 (VS2017)

END.
